C:\Program Files (x86)\Microsoft Visual Studio\2017\Community\Common7\IDE\VC\VCTargets\Microsoft.CppBuild.targets(391,5): warning MSB8028: 中间目录(x64\Release\)包含从另一个项目(ST2017_GGX64_LGL32U_7月-23-105757-2018_Conflict.vcxproj)共享的文件。   这会导致错误的清除和重新生成行为。
  MT_MUST_DRAWW.cpp
  MT_NONE.cpp
  1兵.cpp
  1炮.cpp
  1车.cpp
  1马.cpp
  1兵对1兵.cpp
  1炮对1兵.cpp
  1炮对1炮.cpp
  1炮对1马.cpp
  1车对1兵.cpp
  1车对1炮.cpp
  1车对1车.cpp
  1车对1马.cpp
  1马对1兵.cpp
  1马对1马.cpp
  1炮1兵对无.cpp
  1炮1马对无.cpp
  1马1兵对无.cpp
  2兵对无.cpp
  2炮对无.cpp
  1炮1兵对1兵.cpp
  1炮1兵对1炮.cpp
  1炮1兵对1车.cpp
  1炮1兵对1马.cpp
  1炮1马对1兵.cpp
  1车1兵对1兵.cpp
  1车1兵对1炮.cpp
  1车1兵对1车.cpp
  1车1兵对1马.cpp
  1车1炮对1车.cpp
  1车1马对1车.cpp
  1马1兵对1兵.cpp
  1马1兵对1炮.cpp
  1马1兵对1车.cpp
  1马1兵对1马.cpp
  1马1炮对1炮.cpp
  1马1炮对1车.cpp
  1马1炮对1马.cpp
  2兵对1兵.cpp
  2兵对1炮.cpp
  2兵对1车.cpp
  2兵对1马.cpp
  2炮对1兵.cpp
  2炮对1炮.cpp
  2炮对1车.cpp
  2炮对1马.cpp
  2车对1车.cpp
  2马对1炮.cpp
  2马对1车.cpp
  2马对1马.cpp
  1炮1兵对1炮1兵.cpp
  1炮1兵对1马1兵.cpp
  1炮1兵对2兵.cpp
  1炮1马对1炮1兵.cpp
  1炮1马对1马1兵.cpp
  1炮1马对1马1炮.cpp
  1炮1马对2马.cpp
  1车1兵对1炮1兵.cpp
  1车1兵对1车1兵.cpp
  1车1兵对1马1兵.cpp
  1车1兵对1马1炮.cpp
  1车1兵对2兵.cpp
  1车1兵对2炮.cpp
  1车1兵对2马.cpp
  1车1炮对1车1兵.cpp
  1车1炮对1车1炮.cpp
  1车1炮对1车1马.cpp
  1车1炮对1马1炮.cpp
  1车1炮对2炮.cpp
  1车1马对1炮1兵.cpp
  1车1马对1炮1马.cpp
  1车1马对1车1兵.cpp
  1车1马对1车1马.cpp
  1车1马对2炮.cpp
  1马1兵对1马1兵.cpp
  1马1兵对2兵.cpp
  2兵对2兵.cpp
  2炮对1炮1兵.cpp
  2炮对1炮1马.cpp
  2炮对1马1兵.cpp
  2炮对2兵.cpp
  2炮对2炮.cpp
  2炮对2马.cpp
  2车对1炮1马.cpp
  2车对1车1兵.cpp
  2车对1车1炮.cpp
  2车对1车1马.cpp
  2车对2炮.cpp
  2车对2车.cpp
  2马对1炮1兵.cpp
  2马对1马1兵.cpp
  2马对2马.cpp
  1炮2兵对无.cpp
  3兵对无_nook.cpp
  1炮1马1兵对1兵.cpp
  1炮1马1兵对1炮.cpp
  1炮1马1兵对1车.cpp
  1炮1马1兵对1马.cpp
  1炮2兵对1兵.cpp
  1炮2兵对1炮.cpp
  1炮2兵对1车.cpp
  1炮2兵对1马.cpp
  1炮2马对1车.cpp
  1车1炮1兵对1车.cpp
  1车1马1兵对1车.cpp
  1车2兵对1兵.cpp
  1车2兵对1炮.cpp
  1车2兵对1车.cpp
  1车2兵对1马.cpp
  1马2兵对1兵.cpp
  1马2兵对1炮.cpp
  1马2兵对1车.cpp
  1马2兵对1马.cpp
  2炮1兵对1兵.cpp
  2炮1兵对1炮.cpp
  2炮1兵对1车.cpp
  2炮1兵对1马.cpp
  2炮1马对1车.cpp
  2马1兵对1兵.cpp
  2马1兵对1炮.cpp
  2马1兵对1车.cpp
  2马1兵对1马.cpp
  3兵对1兵.cpp
  3兵对1炮.cpp
  3兵对1车.cpp
  3兵对1马.cpp
  1炮1马1兵对1炮1兵.cpp
  1炮1马1兵对1炮1马.cpp
  1炮1马1兵对1车1兵.cpp
  1炮1马1兵对1车1炮.cpp
  1炮1马1兵对1车1马.cpp
  1炮1马1兵对1马1兵.cpp
  1炮1马1兵对2炮.cpp
  1炮1马1兵对2马.cpp
  1炮2兵对1炮1兵.cpp
  1炮2兵对1炮1马.cpp
  1炮2兵对1车1兵.cpp
  1炮2兵对1马1兵.cpp
  1炮2兵对2兵.cpp
  1炮2兵对2炮.cpp
  1炮2兵对2马.cpp
  1炮2马对1车1兵.cpp
  1炮2马对1车1炮.cpp
  1炮2马对1车1马.cpp
  1车1炮1兵对1车1兵.cpp
  1车1炮1兵对1车1炮.cpp
  1车1炮1兵对1车1马.cpp
  1车1炮1兵对2车.cpp
  1车1炮1马对1车1兵.cpp
  1车1炮1马对2车.cpp
  1车1马1兵对1车1兵.cpp
  1车1马1兵对1车1炮.cpp
  1车1马1兵对1车1马.cpp
  1车1马1兵对2车.cpp
  1车1马1炮对1车1炮.cpp
  1车1马1炮对1车1马.cpp
  1车2兵对1炮1兵.cpp
  1车2兵对1车1兵.cpp
  1车2兵对1车1炮.cpp
  1车2兵对1车1马.cpp
  1车2兵对1马1兵.cpp
  1车2兵对1马1炮.cpp
  1车2兵对2兵.cpp
  1车2兵对2炮.cpp
  1车2兵对2车.cpp
  1车2兵对2马.cpp
  1车2炮对1车1炮.cpp
  1车2炮对1车1马.cpp
  1车2炮对2车.cpp
  1车2马对1车1炮.cpp
  1车2马对1车1马.cpp
  1车2马对2车.cpp
  1马2兵对1炮1兵.cpp
  1马2兵对1车1兵.cpp
  1马2兵对1马1兵.cpp
  1马2兵对1马1炮.cpp
  1马2兵对2兵.cpp
  1马2兵对2炮.cpp
  1马2兵对2马.cpp
  2炮1兵对1炮1兵.cpp
  2炮1兵对1炮1马.cpp
  2炮1兵对1车1兵.cpp
  2炮1兵对1车1炮.cpp
  2炮1兵对1车1马.cpp
  2炮1兵对1马1兵.cpp
  2炮1兵对2炮.cpp
  2炮1兵对2马.cpp
  2炮1马对1车1兵.cpp
  2炮1马对1车1炮.cpp
  2炮1马对1车1马.cpp
  2炮1马对2车.cpp
  2车1兵对1车1炮.cpp
  2车1兵对1车1马.cpp
  2车1兵对2车.cpp
  2车1炮对2车.cpp
  2车1马对2车.cpp
  2马1兵对1炮1兵.cpp
  2马1兵对1车1兵.cpp
  2马1兵对1车1马.cpp
  2马1兵对1马1兵.cpp
  2马1兵对1马1炮.cpp
  2马1兵对2炮.cpp
  2马1兵对2马.cpp
  3兵对1炮1兵.cpp
  3兵对1车1兵.cpp
  3兵对1马1兵.cpp
  3兵对2兵.cpp
  1炮1马1兵对1炮2兵.cpp
  1炮1马1兵对1马1炮1兵.cpp
  1炮1马1兵对1马2兵.cpp
  1炮1马1兵对2马1兵.cpp
  1炮2兵对1炮2兵.cpp
  1炮2兵对1马2兵.cpp
  1炮2兵对3兵.cpp
  1炮2马对1炮1马1兵.cpp
  1炮2马对1炮2马.cpp
  1炮2马对2炮1兵.cpp
  1炮2马对2马1兵.cpp
  1车1炮1兵对1炮1马1兵.cpp
  1车1炮1兵对1炮2兵.cpp
  1车1炮1兵对1炮2马.cpp
  1车1炮1兵对1车1炮1兵.cpp
  1车1炮1兵对1车1马1兵.cpp
  1车1炮1兵对1车2兵.cpp
  1车1炮1兵对1马2兵.cpp
  1车1炮1兵对2炮1兵.cpp
  1车1炮1兵对2炮1马.cpp
  1车1炮1兵对2马1兵.cpp
  1车1炮1兵对3兵.cpp
  1车1炮1马对1车1炮1兵.cpp
  1车1炮1马对1车1炮1马.cpp
  1车1炮1马对1车1马1兵.cpp
  1车1马1兵对1炮1马1兵.cpp
  1车1马1兵对1炮2兵.cpp
  1车1马1兵对1炮2马.cpp
  1车1马1兵对1车1马1兵.cpp
  1车1马1兵对1车2兵.cpp
  1车1马1兵对1马2兵.cpp
  1车1马1兵对2炮1兵.cpp
  1车1马1兵对2炮1马.cpp
  1车1马1兵对2马1兵.cpp
  1车1马1兵对3兵.cpp
  1车2兵对1炮1马1兵.cpp
  1车2兵对1炮2兵.cpp
  1车2兵对1炮2马.cpp
  1车2兵对1车2兵.cpp
  1车2兵对1马2兵.cpp
  1车2兵对2炮1兵.cpp
  1车2兵对2炮1马.cpp
  1车2兵对2马1兵.cpp
  1车2兵对3兵.cpp
  1车2炮对1车1炮1兵.cpp
  1车2炮对1车1炮1马.cpp
  1车2马对1车1炮1兵.cpp
  1马2兵对1马2兵.cpp
  1马2兵对3兵.cpp
  2炮1兵对1炮1马1兵.cpp
  2炮1兵对1炮2兵.cpp
  2炮1兵对1马2兵.cpp
  2炮1兵对2炮1兵.cpp
  2炮1兵对2马1兵.cpp
  2炮1马对1炮1马1兵.cpp
  2炮1马对1炮2马.cpp
  2炮1马对2炮1兵.cpp
  2炮1马对2炮1马.cpp
  2炮1马对2马1兵.cpp
  2车1兵对1车1炮1兵.cpp
  2车1兵对1车1炮1马.cpp
  2车1兵对1车1马1兵.cpp
  2车1兵对1车2兵.cpp
  2车1兵对1车2炮.cpp
  2车1兵对1车2马.cpp
  2车1兵对2车1兵.cpp
  2车1炮对2车1兵.cpp
  2马1兵对1炮2兵.cpp
  2马1兵对1马2兵.cpp
  2马1对2马1兵.cpp
  3兵对3兵.cpp
  4兵对无.cpp
  1炮1马2兵对1兵.cpp
  1炮1马2兵对1炮.cpp
  1炮1马2兵对1车.cpp
  1炮1马2兵对1马.cpp
  1炮2马1兵对1车.cpp
  1炮3兵对1兵.cpp
  1炮3兵对1炮.cpp
  1炮3兵对1车.cpp
  1炮3兵对1马.cpp
  1车3兵对1兵.cpp
  1车3兵对1炮.cpp
  1车3兵对1车.cpp
  1车3兵对1马.cpp
  1马3兵对1兵.cpp
  1马3兵对1炮.cpp
  1马3兵对1车.cpp
  1马3兵对1马.cpp
  2炮1马1兵对1车.cpp
  2炮2兵对1兵.cpp
  2炮2兵对1炮.cpp
  2炮2兵对1车.cpp
  2炮2兵对1马.cpp
  2马2兵对1兵.cpp
  2马2兵对1炮.cpp
  2马2兵对1车.cpp
  2马2兵对1马.cpp
  4兵对1兵.cpp
  4兵对1炮.cpp
  4兵对1车.cpp
  4兵对1马.cpp
  1炮1马2兵对1炮1兵.cpp
  1炮1马2兵对1炮1马.cpp
  1炮1马2兵对1车1兵.cpp
  1炮1马2兵对1马1兵.cpp
  1炮1马2兵对2炮.cpp
  1炮1马2兵对2马.cpp
  1炮2马1兵对1车1兵.cpp
  1炮2马1兵对1车1炮.cpp
  1炮2马1兵对1车1马.cpp
  1炮3兵对1炮1兵.cpp
  1炮3兵对1炮1马.cpp
  1炮3兵对1车1兵.cpp
  1炮3兵对1马1兵.cpp
  1炮3兵对2兵.cpp
  1炮3兵对2炮.cpp
  1炮3兵对2马.cpp
  1车1炮1马1兵对1车1马.cpp
  1车1炮1马1兵对2车.cpp
  1车1炮2兵对1车1炮.cpp
  1车1炮2兵对1车1马.cpp
  1车1炮2兵对2车.cpp
  1车1马2兵对1车1炮.cpp
  1车1马2兵对1车1马.cpp
  1车1马2兵对2车.cpp
  1车2炮1兵对1车1马.cpp
  1车2炮1兵对2车.cpp
  1车2马1兵对1车1马.cpp
  1车2马1兵对2车.cpp
  1车3兵对1炮1兵.cpp
  1车3兵对1车1兵.cpp
  1车3兵对1车1炮.cpp
  1车3兵对1车1马.cpp
  1车3兵对1马1兵.cpp
  1车3兵对1马1炮.cpp
  1车3兵对2兵.cpp
  1车3兵对2炮.cpp
  1车3兵对2车.cpp
  1车3兵对2马.cpp
  1马3兵对1炮1兵.cpp
  1马3兵对1炮1马.cpp
  1马3兵对1车1兵.cpp
  1马3兵对1马1兵.cpp
  1马3兵对2兵.cpp
  1马3兵对2炮.cpp
  1马3兵对2马.cpp
  2炮1马1兵对1车1兵.cpp
  2炮1马1兵对1车1炮.cpp
  2炮1马1兵对1车1马.cpp
  2炮1马1兵对2车.cpp
  2炮2兵对1炮1兵.cpp
  2炮2兵对1炮1马.cpp
  2炮2兵对1车1兵.cpp
  2炮2兵对1马1兵.cpp
  2炮2兵对2炮.cpp
  2炮2兵对2马.cpp
  2车1炮1兵对2车.cpp
  2车1马1兵对2车.cpp
  2车2兵对2车.cpp
  2马2兵对1炮1兵.cpp
  2马2兵对1车1兵.cpp
  2马2兵对1马1兵.cpp
  2马2兵对1马1炮.cpp
  2马2兵对2炮.cpp
  2马2兵对2马.cpp
  4兵对1炮1兵.cpp
  4兵对1车1兵.cpp
  4兵对1马1兵.cpp
  4兵对2兵.cpp
  1炮1马2兵对1炮1马1兵.cpp
  1炮1马2兵对1炮2兵.cpp
  1炮1马2兵对1炮2马.cpp
  1炮1马2兵对1车2兵.cpp
  1炮1马2兵对1马2兵.cpp
  1炮1马2兵对2炮1兵.cpp
  1炮1马2兵对2炮1马.cpp
  1炮1马2兵对2马1兵.cpp
  1炮2马1兵对1炮2马.cpp
  1炮2马1兵对1车1炮1兵.cpp
  1炮2马1兵对1车1马1兵.cpp
  1炮2马1兵对1车2兵.cpp
  1炮2马1兵对2炮1马.cpp
  1炮3兵对1炮1马1兵.cpp
  1炮3兵对1炮2兵.cpp
  1炮3兵对1马2兵.cpp
  1炮3兵对2炮1兵.cpp
  1炮3兵对2马1兵.cpp
  1炮3兵对3兵.cpp
  1车1炮1马1兵对1车1炮1兵.cpp
  1车1炮1马1兵对1车1炮1马.cpp
  1车1炮1马1兵对1车1马1兵.cpp
  1车1炮1马1兵对1车2炮.cpp
  1车1炮1马1兵对1车2马.cpp
  1车1炮1马1兵对2车1兵.cpp
  1车1炮1马1兵对2车1炮.cpp
  1车1炮1马1兵对2车1马.cpp
  1车1炮2兵以2车1炮.cpp
  1车1炮2兵对1炮1马1兵.cpp
  1车1炮2兵对1炮2兵.cpp
  1车1炮2兵对1炮2马.cpp
  1车1炮2兵对1车1炮1兵.cpp
  1车1炮2兵对1车1炮1马.cpp
  1车1炮2兵对1车1马1兵.cpp
  1车1炮2兵对1车2兵.cpp
  1车1炮2兵对1车2炮.cpp
  1车1炮2兵对1马2兵.cpp
  1车1炮2兵对2炮1兵.cpp
  1车1炮2兵对2炮1马.cpp
  1车1炮2兵对2车1兵.cpp
  1车1炮2兵对2车1马.cpp
  1车1炮2兵对2马1兵.cpp
  1车1炮2兵对3兵.cpp
  1车1马2兵对1炮1马1兵.cpp
  1车1马2兵对1炮2兵.cpp
  1车1马2兵对1炮2马.cpp
  1车1马2兵对1炮2马1兵.cpp
  1车1马2兵对1车1炮1兵.cpp
  1车1马2兵对1车1炮1马.cpp
  1车1马2兵对1车1马1兵.cpp
  1车1马2兵对1车2兵.cpp
  1车1马2兵对1车2炮.cpp
  1车1马2兵对1车2马.cpp
  1车1马2兵对1车3兵.cpp
  1车1马2兵对1马2兵.cpp
  1车1马2兵对2炮1兵.cpp
  1车1马2兵对2炮1马.cpp
  1车1马2兵对2车1兵.cpp
  1车1马2兵对2马1兵.cpp
  1车1马2兵对3兵.cpp
  1车2炮1兵对1车1炮1马.cpp
  1车2炮1兵对1车2炮.cpp
  1车2炮1兵对1车2马.cpp
  1车2炮1兵对2车1兵.cpp
  1车2马1兵对1车1炮1马.cpp
  1车2马1兵对1车1马1兵.cpp
  1车2马1兵对1车2炮.cpp
  1车2马1兵对1车2马.cpp
  1车2马1兵对2车1兵.cpp
  1车3兵对1炮1马1兵.cpp
  1车3兵对1炮2兵.cpp
  1车3兵对1炮2马.cpp
  1车3兵对1车1炮1兵.cpp
  1车3兵对1车1马1兵.cpp
  1车3兵对1车2兵.cpp
  1车3兵对1马2兵.cpp
  1车3兵对2炮1兵.cpp
  1车3兵对2炮1马.cpp
  1车3兵对2马1兵.cpp
  1车3兵对3兵.cpp
  1马3兵对1炮1马1兵.cpp
  1马3兵对1炮2兵.cpp
  1马3兵对1马2兵.cpp
  1马3兵对3兵.cpp
  2炮1马1兵对1炮2马.cpp
  2炮1马1兵对1车1炮1兵.cpp
  2炮1马1兵对1车1马1兵.cpp
  2炮1马1兵对1车2兵.cpp
  2炮1马1兵对2炮1马.cpp
  2炮2兵对1炮1马1兵.cpp
  2炮2兵对1炮2兵.cpp
  2炮2兵对1炮2马.cpp
  2炮2兵对1车2兵.cpp
  2炮2兵对1马2兵.cpp
  2炮2兵对2炮1兵.cpp
  2炮2兵对2炮1马.cpp
  2炮2兵对2马1兵.cpp
  2炮2马对1车1炮1兵.cpp
  2车1炮1兵对2车1炮.cpp
  2车1炮1兵对2车1马.cpp
  2车1马1兵对2车1炮.cpp
  2车1马1兵对2车1马.cpp
  2车2兵对1车1炮1兵.cpp
  2车2兵对1车1炮1马.cpp
  2车2兵对1车1马1兵.cpp
  2车2兵对1车2兵.cpp
  2车2兵对1车2炮.cpp
  2车2兵对1车2马.cpp
  2车2兵对2车1兵.cpp
  2车2兵对2车1炮.cpp
  2车2兵对2车1马.cpp
  2马2兵对1炮1马1兵.cpp
  2马2兵对1炮2兵.cpp
  2马2兵对1炮2马.cpp
  2马2兵对1车2兵.cpp
  2马2兵对1马2兵.cpp
  2马2兵对2炮1兵.cpp
  2马2兵对2炮1马.cpp
  2马2兵对2马1兵.cpp
  4兵对1炮2兵.cpp
  4兵对1马2兵.cpp
  4兵对3兵.cpp
  1炮1马2兵对1炮1马2兵.cpp
  1炮1马2兵对2马2兵.cpp
  1炮2马1兵对1炮1马2兵.cpp
  1炮2马1兵对1炮2马1兵.cpp
  1炮3兵对4兵.cpp
  1车1炮1马1兵对1车1炮1马1兵.cpp
  1车1炮1马1兵对1车1炮2兵.cpp
  1车1炮2兵对1炮2马1兵.cpp
  1车1炮2兵对1车1马2兵.cpp
  1车1炮2兵对1车3兵.cpp
  1车1炮2兵对2炮1马1兵.cpp
  1车1炮2兵对2炮2马.cpp
  1车1马2兵对1车1马2兵.cpp
  1车1马2兵对2炮1马1兵.cpp
  1车1马2兵对2炮2马.cpp
  1车2炮1兵对1车1炮1马1兵.cpp
  1车2炮1兵对1车1炮2兵.cpp
  1车2炮1兵对1车1马2兵.cpp
  1车2马1兵对1车1炮2兵.cpp
  1车2马1兵对1车1马2兵.cpp
  1车3兵对1炮2马1兵.cpp
  1车3兵对1车3兵.cpp
  1车3兵对2炮1马1兵.cpp
  1车3兵对4兵.cpp
  1马3兵对1马3兵.cpp
  1马3兵对4兵.cpp
  2炮1马1兵对1炮1马2兵.cpp
  2炮1马1兵对1炮2马1兵.cpp
  2炮1马1兵对2炮1马1兵.cpp
  2炮2兵对1炮1马2兵.cpp
  2炮2兵对1炮3兵.cpp
  2炮2兵对2炮2兵.cpp
  2炮2兵对2马2兵.cpp
  2车1马1兵对2车1马1兵.cpp
  2车1马1兵对2车2兵.cpp
  2车2兵对1车1炮1马1兵.cpp
  2车2兵对1车1马2兵.cpp
  2车2马对2车2兵.cpp
  2马2兵对2马2兵.cpp
  4兵对4兵.cpp
  5兵对无.cpp
  1炮1马3兵对1兵.cpp
  1炮1马3兵对1炮.cpp
  1炮1马3兵对1车.cpp
  1炮1马3兵对1马.cpp
  1炮2马2兵对1车.cpp
  1炮4兵对1兵.cpp
  1炮4兵对1炮.cpp
  1炮4兵对1车.cpp
  1炮4兵对1马.cpp
  1车4兵对1兵.cpp
  1车4兵对1炮.cpp
  1车4兵对1车.cpp
  1车4兵对1马.cpp
  1马4兵对1兵.cpp
  1马4兵对1炮.cpp
  1马4兵对1车.cpp
  1马4兵对1马.cpp
  2炮1马2兵对1车.cpp
  2炮3兵对1兵.cpp
  2炮3兵对1炮.cpp
  2炮3兵对1车.cpp
  2炮3兵对1马.cpp
  2马3兵对1兵.cpp
  2马3兵对1炮.cpp
  2马3兵对1车.cpp
  2马3兵对1马.cpp
  5兵对1兵.cpp
  5兵对1炮.cpp
  5兵对1车.cpp
  5兵对1马.cpp
  1炮1马3兵对1车1兵.cpp
  1炮1马3兵对1车1炮.cpp
  1炮1马3兵对2炮.cpp
  1炮1马3兵对2马.cpp
  1炮1马3兵对炮兵.cpp
  1炮1马3兵对马兵.cpp
  1炮1马3兵对马炮.cpp
  1炮2马2兵对1车1兵.cpp
  1炮2马2兵对1车1炮.cpp
  1炮2马2兵对1车1马.cpp
  1炮4兵对1炮1兵.cpp
  1炮4兵对1炮1马.cpp
  1炮4兵对1车1兵.cpp
  1炮4兵对1马1兵.cpp
  1炮4兵对2兵.cpp
  1炮4兵对2炮.cpp
  1炮4兵对2马.cpp
  1车1炮1马2兵对1车1马.cpp
  1车1炮1马2兵对2车.cpp
  1车1炮3兵对1车1炮.cpp
  1车1炮3兵对1车1马.cpp
  1车1炮3兵对2车.cpp
  1车1马3兵对1车1炮.cpp
  1车1马3兵对1车1马.cpp
  1车1马3兵对2车.cpp
  1车2炮2兵对1车1马.cpp
  1车2炮2兵对2车.cpp
  1车2马2兵对1车1马.cpp
  1车4兵对1炮1兵.cpp
  1车4兵对1车1兵.cpp
  1车4兵对1车1炮.cpp
  1车4兵对1车1马.cpp
  1车4兵对1马1兵.cpp
  1车4兵对1马1炮.cpp
  1车4兵对2兵.cpp
  1车4兵对2炮.cpp
  1车4兵对2车.cpp
  1车4兵对2马.cpp
  1马4兵对1炮1兵.cpp
  1马4兵对1炮1马.cpp
  1马4兵对1马1兵.cpp
  1马4兵对2兵.cpp
  1马4兵对2炮.cpp
  1马4兵对2马.cpp
  2炮1马2兵对1车1兵.cpp
  2炮1马2兵对1车1炮.cpp
  2炮1马2兵对1车1马.cpp
  2炮3兵对1炮1兵.cpp
  2炮3兵对1炮1马.cpp
  2炮3兵对1车1兵.cpp
  2炮3兵对1马1兵.cpp
  2炮3兵对2炮.cpp
  2炮3兵对2马.cpp
  2车1炮2兵对2车.cpp
  2车1马2兵对2车.cpp
  2车3兵对2车.cpp
  2马3兵对1炮1兵.cpp
  2马3兵对1炮1马.cpp
  2马3兵对1车1兵.cpp
  2马3兵对1马1兵.cpp
  2马3兵对2炮.cpp
  2马3兵对2马.cpp
  5兵对1炮1兵.cpp
  5兵对1车1兵.cpp
  5兵对1马1兵.cpp
  5兵对2兵.cpp
  1炮1马3兵对1炮1马1兵.cpp
  1炮1马3兵对1炮2兵.cpp
  1炮1马3兵对1炮2马.cpp
  1炮1马3兵对1车2兵.cpp
  1炮1马3兵对1马2兵.cpp
  1炮1马3兵对2炮1兵.cpp
  1炮1马3兵对2炮1马.cpp
  1炮1马3兵对2马1兵.cpp
  1炮2马2兵对1炮2马.cpp
  1炮2马2兵对1车1炮1兵.cpp
  1炮2马2兵对1车1马1兵.cpp
  1炮2马2兵对1车2兵.cpp
  1炮2马2兵对2炮1马.cpp
  1炮4兵对1炮1马1兵.cpp
  1炮4兵对1炮2兵.cpp
  1炮4兵对1马2兵.cpp
  1炮4兵对2马1兵.cpp
  1炮4兵对3兵.cpp
  1车1炮1马2兵对1车1炮1马.cpp
  1车1炮1马2兵对1车1马1兵.cpp
  1车1炮1马2兵对1车2炮.cpp
  1车1炮1马2兵对1车2马.cpp
  1车1炮1马2兵对2车1兵.cpp
  1车1炮3兵对1炮1马1兵.cpp
  1车1炮3兵对1炮2兵.cpp
  1车1炮3兵对1炮2马.cpp
  1车1炮3兵对1车1炮1兵.cpp
  1车1炮3兵对1车1炮1马.cpp
  1车1炮3兵对1车1马1兵.cpp
  1车1炮3兵对1车2兵.cpp
  1车1炮3兵对1车2炮.cpp
  1车1炮3兵对1马2兵.cpp
  1车1炮3兵对2炮1兵.cpp
  1车1炮3兵对2炮1马.cpp
  1车1炮3兵对2车1兵.cpp
  1车1炮3兵对2车1炮.cpp
  1车1炮3兵对2车1马.cpp
  1车1炮3兵对3兵.cpp
  1车1马3兵对1炮1马1兵.cpp
  1车1马3兵对1炮2兵.cpp
  1车1马3兵对1炮2马.cpp
  1车1马3兵对1车1炮1兵.cpp
  1车1马3兵对1车1炮1马.cpp
  1车1马3兵对1车1马1兵.cpp
  1车1马3兵对1车2兵.cpp
  1车1马3兵对1车2炮.cpp
  1车1马3兵对1马2兵.cpp
  1车1马3兵对2炮1兵.cpp
  1车1马3兵对2炮1马.cpp
  1车1马3兵对2车1兵.cpp
  1车1马3兵对3兵.cpp
  1车2炮2兵对1车1炮1马.cpp
  1车2炮2兵对1车2炮.cpp
  1车2炮2兵对1车2马.cpp
  1车2炮2兵对2车1兵.cpp
  1车2马2兵对1车1炮1马.cpp
  1车2马2兵对1车1马1兵.cpp
  1车2马2兵对1车2炮.cpp
  1车2马2兵对1车2马.cpp
  1车2马2兵对2车1兵.cpp
  1车4兵对1炮1马1兵.cpp
  1车4兵对1炮2兵.cpp
  1车4兵对1炮2马.cpp
  1车4兵对1车1炮1兵.cpp
  1车4兵对1车1马1兵.cpp
  1车4兵对1车2兵.cpp
  1车4兵对1马2兵.cpp
  1车4兵对2炮1兵.cpp
  1车4兵对2炮1马.cpp
  1车4兵对2马1兵.cpp
  1车4兵对3兵.cpp
  1马4兵对1炮2兵.cpp
  1马4兵对1马2兵.cpp
  1马4兵对3兵.cpp
  2炮1马2兵对1炮2马.cpp
  2炮1马2兵对1车1炮1兵.cpp
  2炮1马2兵对1车1马1兵.cpp
  2炮1马2兵对2炮1马.cpp
  2炮2马1兵对1车1炮1兵.cpp
  2炮3兵对1炮1马1兵.cpp
  2炮3兵对1炮2兵.cpp
  2炮3兵对1炮2马.cpp
  2炮3兵对1车2兵.cpp
  2炮3兵对1马2兵.cpp
  2炮3兵对2炮1兵.cpp
  2炮3兵对2炮1马.cpp
  2炮3兵对2马1兵.cpp
  2车1炮2兵对2车1炮.cpp
  2车1炮2兵对2车1马.cpp
  2车1马2兵对2车1炮.cpp
  2车1马2兵对2车1马.cpp
  2车3兵对1车1炮1兵.cpp
  2车3兵对1车1炮1马.cpp
  2车3兵对1车1马1兵.cpp
  2车3兵对1车2兵.cpp
  2车3兵对1车2炮.cpp
  2车3兵对1车2马.cpp
  2车3兵对2车1兵.cpp
  2车3兵对2车1炮.cpp
  2车3兵对2车1马.cpp
  2马3兵对1炮1马1兵.cpp
  2马3兵对1炮2兵.cpp
  2马3兵对1炮2马.cpp
  2马3兵对1车2兵.cpp
  2马3兵对1马2兵.cpp
  2马3兵对2炮1兵.cpp
  2马3兵对2炮1马.cpp
  2马3兵对2马1兵.cpp
  5兵对1炮2兵.cpp
  5兵对1马2兵.cpp
  5兵对3兵.cpp
  1炮1马3兵对1炮1马2兵.cpp
  1炮1马3兵对1车3兵.cpp
  1炮1马3兵对2炮2兵.cpp
  1炮1马3兵对2马2兵.cpp
  1炮2马2兵对1炮1马2兵.cpp
  1炮2马2兵对1炮2马1兵.cpp
  1炮2马2兵对1炮2马2兵.cpp
  1炮2马2兵对1车1炮2兵.cpp
  1炮2马2兵对1车1马2兵.cpp
  1炮2马2兵对2炮1马1兵.cpp
  1炮4兵对4兵.cpp
  1车1炮1马2兵对1车1炮1马1兵.cpp
  1车1炮1马2兵对1车1炮2兵.cpp
  1车1炮1马2兵对1车1炮2马.cpp
  1车1炮1马2兵对1车1马2兵.cpp
  1车1炮1马2兵对1车2炮1兵.cpp
  1车1炮1马2兵对1车2炮1马.cpp
  1车1炮1马2兵对1车2马1兵.cpp
  1车1炮2马1兵对2车2兵.cpp
  1车1炮3兵对1炮2马1兵.cpp
  1车1炮3兵对1车1炮1马1兵.cpp
  1车1炮3兵对1车1炮2兵.cpp
  1车1炮3兵对1车1马2兵.cpp
  1车1炮3兵对1车2炮1兵.cpp
  1车1炮3兵对1车3兵.cpp
  1车1炮3兵对2炮1马1兵.cpp
  1车1炮3兵对2炮2马.cpp
  1车1炮3兵对2车2兵.cpp
  1车1马3兵对1炮2马1兵.cpp
  1车1马3兵对1车1炮2兵.cpp
  1车1马3兵对1车1马2兵.cpp
  1车1马3兵对1车3兵.cpp
  1车1马3兵对2炮1马1兵.cpp
  1车1马3兵对2炮2马.cpp
  1车2炮1马1兵对1车2炮1兵.cpp
  1车2炮1马1兵对2车1马1兵.cpp
  1车2炮1马1兵对2车2兵.cpp
  1车2炮2兵对1车1炮1马1兵.cpp
  1车2炮2兵对1车1炮2马.cpp
  1车2炮2兵对1车2炮1兵.cpp
  1车2炮2兵对1车2炮1马.cpp
  1车2炮2兵对2车2兵.cpp
  1车2马2兵对1车1炮1马1兵.cpp
  1车2马2兵对1车1马2兵.cpp
  1车4兵对1炮2马1兵.cpp
  1车4兵对1车1炮2兵.cpp
  1车4兵对1车3兵.cpp
  1车4兵对2炮1马1兵.cpp
  1马4兵对1马3兵.cpp
  1马4兵对2马2兵.cpp
  1马4兵对4兵.cpp
  2炮1马2兵对1炮1马2兵.cpp
  2炮1马2兵对1炮2马1兵.cpp
  2炮1马2兵对1车1炮2兵.cpp
  2炮1马2兵对1车1马2兵.cpp
  2炮1马2兵对1车3兵.cpp
  2炮1马2兵对2炮1马1兵.cpp
  2炮2马1兵对1车1炮2兵.cpp
  2炮2马1兵对1车1马2兵.cpp
  2炮3兵对1炮1马2兵.cpp
  2炮3兵对2炮2兵.cpp
  2炮3兵对2马2兵.cpp
  2车1炮2兵对2车1炮1兵.cpp
  2车3兵对1车1炮1马1兵.cpp
  2车3兵对2车1马1兵.cpp
  2马3兵对1炮1马2兵.cpp
  2马3兵对1炮2马1兵.cpp
  2马3兵对2炮1马1兵.cpp
  2马3兵对2炮2兵.cpp
  2马3兵对2马2兵.cpp
  5兵对1炮3兵.cpp
  5兵对1马3兵.cpp
  5兵对4兵.cpp
  1炮1马3兵对2炮3兵.cpp
  1炮1马3兵对2马3兵.cpp
  1炮2马2兵对1炮1马3兵.cpp
  1炮4兵对5兵.cpp
  1车1炮1马2兵对1车1炮3兵.cpp
  1车1炮1马2兵对1车2马2兵.cpp
  1车1炮3兵对1炮2马2兵.cpp
  1车1炮3兵对1车4兵.cpp
  1车1炮3兵对2炮1马2兵.cpp
  1车1炮3兵对2炮2马1兵.cpp
  1车1马3兵对1炮2马2兵.cpp
  1车1马3兵对2炮1马2兵.cpp
  1车1马3兵对2炮2马1兵.cpp
  1车2炮1马1兵对1车2马2兵.cpp
  1车2炮2兵对1车1炮1马2兵.cpp
  1车2炮2兵对1车1炮3兵.cpp
  1车2马2兵对1车1马3兵.cpp
  1马4兵对5兵.cpp
  2炮1马2兵对1炮1马3兵.cpp
  2炮1马2兵对1炮2马2兵.cpp
  2炮1马2兵对2炮1马2兵.cpp
  2炮2马1兵对1炮2马2兵.cpp
  2炮2马1兵对2炮1马2兵.cpp
  2炮3兵对1炮1马3兵.cpp
  2炮3兵对2马3兵.cpp
  2车3兵对1车1炮2马1兵.cpp
  2车3兵对1车2炮1马1兵.cpp
  2车3兵对1车2炮2兵.cpp
  5兵对5兵.cpp
  1炮1马4兵对1兵.cpp
  1炮1马4兵对1炮.cpp
  1炮1马4兵对1车.cpp
  1炮1马4兵对1马.cpp
  1炮2马3兵对1车.cpp
  1炮5兵对1兵.cpp
  1炮5兵对1炮.cpp
  1炮5兵对1车.cpp
  1炮5兵对1马.cpp
  1车5兵对1兵.cpp
  1车5兵对1炮.cpp
  1车5兵对1车.cpp
  1车5兵对1马.cpp
  1马5兵对1兵.cpp
  1马5兵对1炮.cpp
  1马5兵对1车.cpp
  1马5兵对1马.cpp
  2炮1马3兵对1车.cpp
  2炮4兵对1兵.cpp
  2炮4兵对1炮.cpp
  2炮4兵对1车.cpp
  2炮4兵对1马.cpp
  2马4兵对1兵.cpp
  2马4兵对1炮.cpp
  2马4兵对1车.cpp
  2马4兵对1马.cpp
  1炮1马4兵对1车1兵.cpp
  1炮2马3兵对1车1兵.cpp
  1炮2马3兵对1车1炮.cpp
  1炮2马3兵对1车1马.cpp
  1炮5兵对1炮1兵.cpp
  1炮5兵对1炮1马.cpp
  1炮5兵对1车1兵.cpp
  1炮5兵对1马1兵.cpp
  1炮5兵对2兵.cpp
  1炮5兵对2炮.cpp
  1炮5兵对2马.cpp
  1车1炮1马3兵对1车1马.cpp
  1车1炮1马3兵对2车.cpp
  1车1炮4兵对1车1炮.cpp
  1车1炮4兵对1车1马.cpp
  1车1炮4兵对2车.cpp
  1车1马4兵对1车1炮.cpp
  1车1马4兵对1车1马.cpp
  1车1马4兵对2车.cpp
  1车2炮3兵对1车1马.cpp
  1车2马3兵对1车1马.cpp
  1车5兵对1炮1兵.cpp
  1车5兵对1车1兵.cpp
  1车5兵对1车1炮.cpp
  1车5兵对1车1马.cpp
  1车5兵对1马1兵.cpp
  1车5兵对1马1炮.cpp
  1车5兵对2兵.cpp
  1车5兵对2炮.cpp
  1车5兵对2车.cpp
  1车5兵对2马.cpp
  1马1炮4兵对1炮1兵.cpp
  1马1炮4兵对1炮1马.cpp
  1马1炮4兵对1马1兵.cpp
  1马1炮4兵对2炮.cpp
  1马1炮4兵对2马.cpp
  1马5兵对1炮1兵.cpp
  1马5兵对1炮1马.cpp
  1马5兵对1马1兵.cpp
  1马5兵对2兵.cpp
  1马5兵对2炮.cpp
  1马5兵对2马.cpp
  2炮1马3兵对1车1兵.cpp
  2炮1马3兵对1车1炮.cpp
  2炮1马3兵对1车1马.cpp
  2炮4兵对1炮1兵.cpp
  2炮4兵对1炮1马.cpp
  2炮4兵对1车1兵.cpp
  2炮4兵对1马1兵.cpp
  2炮4兵对2炮.cpp
  2炮4兵对2马.cpp
  2车1炮3兵对2车.cpp
  2车1马3兵对2车.cpp
  2车4兵对1车1炮1兵.cpp
  2车4兵对1车1马1兵.cpp
  2车4兵对2车.cpp
  2马4兵对1炮1兵.cpp
  2马4兵对1炮1马.cpp
  2马4兵对1车1兵.cpp
  2马4兵对1马1兵.cpp
  2马4兵对2炮.cpp
  2马4兵对2马.cpp
  1炮1马4兵对1炮1马1兵.cpp
  1炮1马4兵对1炮2兵.cpp
  1炮1马4兵对1炮2马.cpp
  1炮1马4兵对1车2兵.cpp
  1炮1马4兵对1马2兵.cpp
  1炮1马4兵对2炮1兵.cpp
  1炮1马4兵对2炮1马.cpp
  1炮1马4兵对2马1兵.cpp
  1炮2马3兵对1炮2马.cpp
  1炮2马3兵对1车1炮1兵.cpp
  1炮2马3兵对1车1马1兵.cpp
  1炮2马3兵对2炮1马.cpp
  1炮5兵对1炮2兵.cpp
  1炮5兵对1马2兵.cpp
  1炮5兵对3兵.cpp
  1车1炮1马3兵对1车1炮1马.cpp
  1车1炮1马3兵对1车2炮.cpp
  1车1炮1马3兵对1车2马.cpp
  1车1炮1马3兵对2车1兵.cpp
  1车1炮4兵对1炮1马1兵.cpp
  1车1炮4兵对1炮2兵.cpp
  1车1炮4兵对1炮2马.cpp
  1车1炮4兵对1车1炮1兵.cpp
  1车1炮4兵对1车1炮1马.cpp
  1车1炮4兵对1车1马1兵.cpp
  1车1炮4兵对1车2兵.cpp
  1车1炮4兵对1车2炮.cpp
  1车1炮4兵对1马2兵.cpp
  1车1炮4兵对2炮1兵.cpp
  1车1炮4兵对2炮1马.cpp
  1车1炮4兵对2车1兵.cpp
  1车1炮4兵对2车1炮.cpp
  1车1炮4兵对2车1马.cpp
  1车1炮4兵对3兵.cpp
  1车1马4兵对1炮1马1兵.cpp
  1车1马4兵对1炮2兵.cpp
  1车1马4兵对1炮2马.cpp
  1车1马4兵对1车1炮1兵.cpp
  1车1马4兵对1车1炮1马.cpp
  1车1马4兵对1车1马1兵.cpp
  1车1马4兵对1车2兵.cpp
  1车1马4兵对1车2炮.cpp
  1车1马4兵对1马2兵.cpp
  1车1马4兵对2炮1兵.cpp
  1车1马4兵对2炮1马.cpp
  1车1马4兵对3兵.cpp
  1车2炮3兵对1车1炮1马.cpp
  1车2炮3兵对1车2炮.cpp
  1车2炮3兵对1车2马.cpp
  1车2炮3兵对2车1兵.cpp
  1车2马3兵对1车1炮1马.cpp
  1车2马3兵对1车2炮.cpp
  1车2马3兵对1车2马.cpp
  1车2马3兵对2车1兵.cpp
  1车5兵对1炮1马1兵.cpp
  1车5兵对1炮2兵.cpp
  1车5兵对1炮2马.cpp
  1车5兵对1车1炮1兵.cpp
  1车5兵对1车1马1兵.cpp
  1车5兵对1车2兵.cpp
  1车5兵对1马2兵.cpp
  1车5兵对2炮1兵.cpp
  1车5兵对2炮1马.cpp
  1车5兵对2马1兵.cpp
  1车5兵对3兵.cpp
  1马5兵对1炮2兵.cpp
  1马5兵对1马2兵.cpp
  1马5兵对3兵.cpp
  2炮1马3兵对1炮2马.cpp
  2炮1马3兵对1车1炮1兵.cpp
  2炮1马3兵对1车1马1兵.cpp
  2炮1马3兵对2炮1马.cpp
  2炮4兵对1炮1马1兵.cpp
  2炮4兵对1炮2兵.cpp
  2炮4兵对1炮2马.cpp
  2炮4兵对1车2兵.cpp
  2炮4兵对1马2兵.cpp
  2炮4兵对2炮1兵.cpp
  2炮4兵对2炮1马.cpp
  2炮4兵对2马1兵.cpp
  2车1炮3兵对2车1炮.cpp
  2车1炮3兵对2车1马.cpp
  2车1马3兵对2车1炮.cpp
  2车1马3兵对2车1马.cpp
  2车4兵对1车1炮1马.cpp
  2车4兵对1车2兵.cpp
  2车4兵对1车2炮.cpp
  2车4兵对1车2马.cpp
  2车4兵对2车1兵.cpp
  2车4兵对2车1炮.cpp
  2车4兵对2车1马.cpp
  2马4兵对1炮1马1兵.cpp
  2马4兵对1炮2兵.cpp
  2马4兵对1炮2马.cpp
  2马4兵对1车2兵.cpp
  2马4兵对1马2兵.cpp
  2马4兵对2炮1兵.cpp
  2马4兵对2炮1马.cpp
  2马4兵对2马1兵.cpp
  1炮1马4兵对1炮1马2兵.cpp
  1炮2马3兵对1炮2马1兵.cpp
  1炮2马3兵对2炮1马1兵.cpp
  1炮5兵对4兵.cpp
  1车1炮1马3兵对1车1炮2兵.cpp
  1车1炮1马3兵对1车1炮2马.cpp
  1车1炮1马3兵对1车2炮1兵.cpp
  1车1炮4兵对1炮2马1兵.cpp
  1车1炮4兵对1车1炮1马1兵.cpp
  1车1炮4兵对1车1炮2兵.cpp
  1车1炮4兵对1车2炮1兵.cpp
  1车1炮4兵对2炮1马1兵.cpp
  1车1炮4兵对2炮2马.cpp
  1车1马4兵对1炮2马1兵.cpp
  1车1马4兵对1车1炮1马1兵.cpp
  1车1马4兵对1车1马2兵.cpp
  1车1马4兵对2炮1马1兵.cpp
  1车1马4兵对2炮2马.cpp
  1车2炮1马2兵对2车1炮1兵.cpp
  1车2炮3兵对1车1炮2兵.cpp
  1车2炮3兵对1车1炮2马.cpp
  1车2炮3兵对1车2炮1马.cpp
  1车2马3兵对1车1炮1马1兵.cpp
  1车2马3兵对1车1马2兵.cpp
  1车5兵对1炮2马1兵.cpp
  1车5兵对2炮1马1兵.cpp
  1马5兵对4兵.cpp
  2炮1马3兵对1炮2马1兵.cpp
  2炮1马3兵对2炮1马1兵.cpp
  2炮2马2兵对1车1炮1马1兵.cpp
  2炮2马2兵对1车2炮1兵.cpp
  2炮4兵对1炮1马2兵.cpp
  2车1炮3兵对2车2炮.cpp
  2车4兵对1车1炮1马1兵.cpp
  2车4兵对2车1马1兵.cpp
  1炮1马4兵对1炮1马3兵.cpp
  1炮1马4兵对1炮2马2兵.cpp
  1炮1马4兵对2炮1马2兵.cpp
  1炮1马4兵对2炮3兵.cpp
  1炮2马3兵对1炮2马2兵.cpp
  1炮2马3兵对1车1马3兵.cpp
  1炮2马3兵对2炮1马2兵.cpp
  1炮5兵对5兵.cpp
  1车1炮1马3兵对1车1炮1马2兵.cpp
  1车1炮1马3兵对1车2炮1马1兵.cpp
  1车1炮1马3兵对1车2炮2兵.cpp
  1车1炮1马3兵对2车3兵.cpp
  1车1炮4兵对1炮2马2兵.cpp
  1车1炮4兵对1车1炮1马2兵.cpp
  1车1炮4兵对1车2炮2兵.cpp
  1车1炮4兵对2炮1马2兵.cpp
  1车1炮4兵对2炮2马1兵.cpp
  1车1马4兵对1炮2马2兵.cpp
  1车1马4兵对2炮1马2兵.cpp
  1车1马4兵对2炮2马1兵.cpp
  1车2炮1马2兵对1车2马2兵.cpp
  1车2炮3兵对1车1炮1马2兵.cpp
  1车2炮3兵对1车2马2兵.cpp
  1车2炮3兵对2车3兵.cpp
  1车2马3兵对1车2炮1马1兵.cpp
  1马5兵对5兵.cpp
  2炮1马3兵对1炮2马2兵.cpp
  2炮1马3兵对1车1马3兵.cpp
  2炮1马3兵对2炮1马2兵.cpp
  2炮2马2兵对1车1炮3兵.cpp
  2炮2马2兵对1车1马3兵.cpp
  2炮2马2兵对2炮2马1兵.cpp
  2车1炮1马2兵对2车3兵.cpp
  2车1炮3兵对2车1马2兵.cpp
  2车1马3兵对2车1马2兵.cpp
  2车1马对2车1兵.cpp
  2车4兵对1车1炮2马1兵.cpp
  2车4兵对1车2炮1马1兵.cpp
  2马4兵对1炮2马2兵.cpp
  2马4兵对2炮1马2兵.cpp
  1车1炮1马3兵对1车1马4兵.cpp
  1车1炮1马3兵对1车2马3兵.cpp
  1车1马4兵对2炮2马2兵.cpp
  1车2炮1马2兵对1车1炮2马2兵.cpp
  1车2炮3兵对1车1炮1马3兵.cpp
  1车2炮3兵对1车2马3兵.cpp
  1车2马3兵对2炮2马2兵.cpp
  2炮2马2兵对2炮1马3兵.cpp
  2车4兵对1车1炮2马2兵.cpp
  2车4兵对1车2炮1马2兵.cpp
  1炮1马5兵对1兵.cpp
  1炮1马5兵对1炮.cpp
  1炮1马5兵对1车.cpp
  1炮1马5兵对1马.cpp
  1炮2马4兵对1车.cpp
  2炮1马4兵对1车.cpp
  2炮5兵对1兵.cpp
  2炮5兵对1炮.cpp
  2炮5兵对1车.cpp
  2炮5兵对1马.cpp
  2马5兵对1兵.cpp
  2马5兵对1炮.cpp
  2马5兵对1车.cpp
  2马5兵对1马.cpp
  1炮1马5兵对1车1兵.cpp
  1炮2马4兵对1车1兵.cpp
  1炮2马4兵对1车1炮.cpp
  1炮2马4兵对1车1马.cpp
  1车1炮1马4兵对2车.cpp
  1车1炮5兵对1车1炮.cpp
  1车1炮5兵对1车1马.cpp
  1车1炮5兵对2车.cpp
  1车1马5兵对1车1炮.cpp
  1车1马5兵对1车1马.cpp
  1车1马5兵对2车_not.cpp
  1马1炮5兵对1炮1兵.cpp
  1马1炮5兵对1马1兵.cpp
  1马1炮5兵对1马1炮.cpp
  1马1炮5兵对2炮.cpp
  1马1炮5兵对2马.cpp
  2炮1马4兵对1车1兵.cpp
  2炮1马4兵对1车1炮.cpp
  2炮1马4兵对1车1马.cpp
  2炮5兵对1炮1兵.cpp
  2炮5兵对1炮1马.cpp
  2炮5兵对1车1兵.cpp
  2炮5兵对1马1兵.cpp
  2炮5兵对2炮.cpp
  2炮5兵对2马.cpp
  2车1炮4兵对2车.cpp
  2车1马4兵对2车.cpp
  2车5兵对2车.cpp
  2马5兵对1炮1兵.cpp
  2马5兵对1炮1马.cpp
  2马5兵对1车1兵.cpp
  2马5兵对1马1兵.cpp
  2马5兵对2炮.cpp
  2马5兵对2马.cpp
  1炮1马5兵对1炮1马1兵.cpp
  1炮1马5兵对1炮2兵.cpp
  1炮1马5兵对1炮2马.cpp
  1炮1马5兵对1车2兵.cpp
  1炮1马5兵对1马2兵.cpp
  1炮1马5兵对2炮1兵.cpp
  1炮1马5兵对2炮1马.cpp
  1炮1马5兵对2马1兵.cpp
  1炮2马4兵对1炮2马.cpp
  1炮2马4兵对2炮1马.cpp
  1炮2马5兵对1炮2马.cpp
  1炮2马5兵对2炮1马.cpp
  1车1炮1马4兵对1车1炮1马.cpp
  1车1炮1马4兵对1车2炮.cpp
  1车1炮1马4兵对1车2马.cpp
  1车1炮1马4兵对2车1兵.cpp
  1车1炮5兵对1炮1马1兵.cpp
  1车1炮5兵对1炮2兵.cpp
  1车1炮5兵对1炮2马.cpp
  1车1炮5兵对1车1炮1兵.cpp
  1车1炮5兵对1车1炮1马.cpp
  1车1炮5兵对1车1马1兵.cpp
  1车1炮5兵对1车2兵.cpp
  1车1炮5兵对1车2炮.cpp
  1车1炮5兵对1马2兵.cpp
  1车1炮5兵对2炮1兵.cpp
  1车1炮5兵对2炮1马.cpp
  1车1炮5兵对2车1兵.cpp
  1车1炮5兵对2车1炮.cpp
  1车1炮5兵对2车1马.cpp
  1车1炮5兵对3兵.cpp
  1车1马5兵对1炮1马1兵.cpp
  1车1马5兵对1炮2兵.cpp
  1车1马5兵对1炮2马.cpp
  1车1马5兵对1车1炮1兵.cpp
  1车1马5兵对1车1炮1马.cpp
  1车1马5兵对1车1马1兵.cpp
  1车1马5兵对1车2兵.cpp
  1车1马5兵对1马2兵.cpp
  1车1马5兵对2炮1兵.cpp
  1车1马5兵对2炮1马.cpp
  1车1马5兵对3兵.cpp
  1车2炮4兵对1车1炮1马.cpp
  1车2炮4兵对1车2马.cpp
  1车2炮4兵对2车1兵.cpp
  1车2马4兵对1车2炮.cpp
  1车2马4兵对1车2马.cpp
  1车2马4兵对2车1兵.cpp
  2炮1马4兵对1炮2马.cpp
  2炮1马4兵对2炮1马.cpp
  2炮1马5兵对1炮2马.cpp
  2炮1马5兵对2炮1马.cpp
  2炮5兵对1炮1马1兵.cpp
  2炮5兵对1炮2兵.cpp
  2炮5兵对1炮2马.cpp
  2炮5兵对1车2兵.cpp
  2炮5兵对1马2兵.cpp
  2炮5兵对2炮1兵.cpp
  2炮5兵对2炮1马.cpp
  2炮5兵对2马1兵.cpp
  2车1炮4兵对2车1炮.cpp
  2车1炮4兵对2车1马.cpp
  2车1马4兵对2车1炮.cpp
  2车1马4兵对2车1马.cpp
  2车5兵对1车1炮1兵.cpp
  2车5兵对1车1炮1马.cpp
  2车5兵对1车1马1兵.cpp
  2车5兵对1车2兵.cpp
  2车5兵对1车2炮.cpp
  2车5兵对1车2马.cpp
  2车5兵对2车1兵.cpp
  2车5兵对2车1炮.cpp
  2车5兵对2车1马.cpp
  2马5兵对1炮1马1兵.cpp
  2马5兵对1炮2兵.cpp
  2马5兵对1炮2马.cpp
  2马5兵对1车2兵.cpp
  2马5兵对1马2兵.cpp
  2马5兵对2炮1兵.cpp
  2马5兵对2炮1马.cpp
  2马5兵对2马1兵.cpp
  1炮2马4兵对1炮2马1兵.cpp
  1车1炮1马4兵对1车1炮1马1兵.cpp
  1车1炮1马4兵对1车1炮2马.cpp
  1车1炮2马3兵对1车1炮1马1兵.cpp
  1车1炮2马3兵对2车1马1兵.cpp
  1车1炮2马3兵对2车2兵.cpp
  1车1炮5兵对1炮2马1兵.cpp
  1车1炮5兵对1车1炮1马1兵.cpp
  1车1炮5兵对2炮1马1兵.cpp
  1车1炮5兵对2炮2马.cpp
  1车1马5兵对1炮2马1兵.cpp
  1车1马5兵对1炮2马2兵.cpp
  1车1马5兵对1车1炮1马1兵.cpp
  1车1马5兵对2炮1马1兵.cpp
  1车1马5兵对2炮2马.cpp
  1车2炮1马3兵对1车1炮1马1兵.cpp
  1车2炮4兵对1车1炮2马.cpp
  1车2炮4兵对1车2炮.cpp
  1车2马4兵对1车1炮1马.cpp
  1车2马4兵对1车1炮1马1兵.cpp
  2炮1马4兵对1炮2马1兵.cpp
  2炮1马4兵对2炮1马1兵.cpp
  2炮2马3兵对1车1炮1马1兵.cpp
  2炮2马3兵对1车2炮1兵.cpp
  2车5兵对1车1炮1马1兵.cpp
  1炮2马4兵对1炮2马2兵.cpp
  1炮2马4兵对1车1马3兵.cpp
  1炮2马4兵对2炮1马1兵.cpp
  1炮2马4兵对2炮1马2兵.cpp
  1车1炮1马4兵对1车1炮1马2兵.cpp
  1车1炮2马3兵对1车1炮1马2兵.cpp
  1车1炮2马3兵对2车1炮2兵.cpp
  1车1炮2马3兵对2车1马2兵.cpp
  1车1炮5兵对1炮2马2兵.cpp
  1车1炮5兵对2炮1马2兵.cpp
  1车1炮5兵对2炮2马1兵.cpp
  1车1马5兵对1车1马3兵.cpp
  1车1马5兵对2炮1马2兵.cpp
  1车1马5兵对2炮2马1兵.cpp
  1车2炮1马3兵对1车1炮1马2兵.cpp
  1车2炮1马3兵对2车1马2兵.cpp
  1车2炮4兵对1车2炮2兵.cpp
  1车2马4兵对1车1炮1马2兵.cpp
  1车2马4兵对1车2炮2兵.cpp
  2炮1马4兵对1炮2马2兵.cpp
  2炮1马4兵对1车1马3兵.cpp
  2炮1马4兵对2炮1马2兵.cpp
  2炮2马3兵对1车1炮3兵.cpp
  2炮2马3兵对1车1马3兵.cpp
  2炮2马3兵对1车2马2兵.cpp
  2车1炮4兵对2车1马2兵.cpp
  2车1炮4兵对2车2炮1兵.cpp
  2车5兵对1车1炮2马1兵.cpp
  2车5兵对1车2炮1马1兵.cpp
  1炮2马4兵对2炮2马2兵.cpp
  1车1炮2马3兵对1车1炮1马3兵.cpp
  1车1炮4兵对2炮2马2兵.cpp
  1车1炮5兵对2炮2马2兵.cpp
  1车1马5兵对2炮2马2兵.cpp
  1车2炮1马3兵对1车1炮1马3兵.cpp
  1车2炮4兵对1车1炮2马2兵.cpp
  1车2炮4兵对1车2炮1马2兵.cpp
  1车2马1炮3兵对2车4兵.cpp
  1车2马4兵对1车2炮3兵.cpp
  2炮1马4兵对2炮2马2兵.cpp
  1车2炮1马3兵对1车2炮1马3兵.cpp
  1炮2马5兵对1车.cpp
  2炮1马5兵对1车.cpp
  1炮2马5兵对1车1兵.cpp
  1炮2马5兵对1车1炮.cpp
  1炮2马5兵对1车1马.cpp
  1车1炮1马5兵对2车.cpp
  2炮1马5兵对1车1兵.cpp
  2炮1马5兵对1车1炮.cpp
  2炮1马5兵对1车1马.cpp
  2车1炮5兵对2车.cpp
  2车1马5兵对2车.cpp
  1车1炮1马5兵对1车1炮1马.cpp
  1车1炮1马5兵对1车2炮.cpp
  1车1炮1马5兵对1车2马.cpp
  1车1炮1马5兵对2车1兵.cpp
  1车2炮5兵对1车1炮1马.cpp
  1车2炮5兵对1车2炮.cpp
  1车2炮5兵对1车2马.cpp
  1车2炮5兵对2车1兵.cpp
  1车2马5兵对1车1炮1马.cpp
  1车2马5兵对1车2炮.cpp
  1车2马5兵对1车2马.cpp
  1车2马5兵对2车1兵.cpp
  2车1炮5兵对2车1炮.cpp
  2车1炮5兵对2车1马.cpp
  2车1马5兵对2车1炮.cpp
  2车1马5兵对2车1马.cpp
  1炮2马5兵对1炮2马1兵.cpp
  1炮2马5兵对2炮1马1兵.cpp
  1车1炮1马5兵对1车1炮2马.cpp
  1车1炮1马5兵对2车1炮1兵.cpp
  1车1炮2马4兵对2车2兵.cpp
  1车2炮5兵对1车1炮2马.cpp
  2炮1马5兵对1炮2马1兵.cpp
  2炮1马5兵对2炮1马1兵.cpp
  2炮2马4兵对1车1炮1马1兵.cpp
  2炮2马4兵对1车2炮1兵.cpp
  1炮2马5兵对1车1马3兵.cpp
  1车1炮1马5兵对2车1炮2兵.cpp
  2炮1马5兵对1车1马3兵.cpp
  2炮2马4兵对1车2炮2兵.cpp
  1车1炮1马5兵对2车1炮3兵.cpp
  2炮2马5兵对1车2炮2兵.cpp
  1车1炮2马5兵对1车1炮2马2兵.cpp
  1车2炮1马5兵对1车1炮2马2兵.cpp
  Um128_find_mul.cpp
  Umul128_bitboard.cpp
  VMP.cpp
  application.cpp
  benchmark.cpp
  bitboard.cpp
  bitboard_const.cpp
  direction.cpp
  InitFunction.cpp
  InitFunction1.cpp
  InitFunction2.cpp
  InitFunction3.cpp
  InitFunction4.cpp
  InitFunction5.cpp
  InitFunction6.cpp
  InitFunction7.cpp
  InitFunction8.cpp
  InitFunction9.cpp
  eval_Only_1chexPaoxPawnNoshi.cpp
  eval_by_material_phase.cpp
  eval_king_fisrt.cpp
  eval_king_up_string.cpp
  eval_lack_shi_xiang.cpp
  eval_mul_com.cpp
  eval_pawn_can.cpp
  eval_中炮底炮.cpp
  eval_空炮.cpp
  evation.cpp
  evation_init.cpp
  fen_eval_test.cpp
  find_mul.cpp
  main.cpp
  misc.cpp
  move.cpp
  movegen.cpp
  movepick.cpp
  my_data.cpp
  notation.cpp
  open_book.cpp
  pawns.cpp
  piece.cpp
  pos_fen.cpp
  pos_gen_cap_not_include_kingPawn.cpp
  pos_init.cpp
  pos_mate.cpp
  pos_move.cpp
  pos_pin_att.cpp
  pos_see.cpp
  pos_test.cpp
  pos_unmake_test.cpp
  position.cpp
  preGen.cpp
  preMaterialInfo.cpp
  s_IsProtect_true.cpp
  s_end_my_pawn_info.cpp
  s_endgame.cpp
  s_pos_repeat_draw.cpp
  s_see_draw_by_last_move.cpp
  scale_by_game_phase.cpp
  search.cpp
  thread.cpp
  timeman.cpp
  tt.cpp
  uci.cpp
  ucioption.cpp
  弱子评估.cpp
  抽将与牵制.cpp
  王的安全.cpp
  硬件信息.cpp
  第1次_棋子.cpp
  第2次_棋子.cpp
  正在生成代码
  已完成代码的生成
  I_GGX64.vcxproj -> D:\github\NewGG\I_GGX64\..\..\..\GG_out\NewGG.exe
