h:\surface\gg_out\release\vc141.pdb
h:\surface\gg_out\release\1车1炮1马2兵对1车1炮3兵.obj
h:\surface\gg_out\release\1车对1兵.obj
h:\surface\gg_out\release\2炮对1炮.obj
h:\surface\gg_out\release\1车1炮对2炮.obj
h:\surface\gg_out\release\1车2兵对1兵.obj
h:\surface\gg_out\release\1炮2兵对2兵.obj
h:\surface\gg_out\release\1车2马对1车1马.obj
h:\surface\gg_out\release\3兵对1马1兵.obj
h:\surface\gg_out\release\1车1马1兵对1马2兵.obj
h:\surface\gg_out\release\2车1兵对1车2兵.obj
h:\surface\gg_out\release\2马2兵对1炮.obj
h:\surface\gg_out\release\1车2炮1兵对2车.obj
h:\surface\gg_out\release\2马2兵对1炮1兵.obj
h:\surface\gg_out\release\1车1炮1马1兵对2车1兵.obj
h:\surface\gg_out\release\1车1马2兵对2炮1马.obj
h:\surface\gg_out\release\2炮1马1兵对2炮1马.obj
h:\surface\gg_out\release\4兵对1马2兵.obj
h:\surface\gg_out\release\2车1马1兵对2车1马1兵.obj
h:\surface\gg_out\release\2马3兵对1车.obj
h:\surface\gg_out\release\1车4兵对1车1炮.obj
h:\surface\gg_out\release\2马3兵对1炮1兵.obj
h:\surface\gg_out\release\1车1炮3兵对1车2兵.obj
h:\surface\gg_out\release\1车4兵对1炮2兵.obj
h:\surface\gg_out\release\2车3兵对1车2兵.obj
h:\surface\gg_out\release\1车1炮3兵对1炮2马1兵.obj
h:\surface\gg_out\release\2炮2马1兵对1车1炮2兵.obj
h:\surface\gg_out\release\2炮1马2兵对2炮1马2兵.obj
h:\surface\gg_out\release\2马4兵对1车.obj
h:\surface\gg_out\release\1车5兵对2马.obj
h:\surface\gg_out\release\1炮1马4兵对1炮1马1兵.obj
h:\surface\gg_out\release\1车1炮4兵对2车1马.obj
h:\surface\gg_out\release\1车5兵对3兵.obj
h:\surface\gg_out\release\2马4兵对2炮1兵.obj
h:\surface\gg_out\release\2车1炮3兵对2车2炮.obj
h:\surface\gg_out\release\2车4兵对1车1炮2马1兵.obj
h:\surface\gg_out\release\1车1马5兵对1车1马.obj
h:\surface\gg_out\release\1炮2马4兵对2炮1马.obj
h:\surface\gg_out\release\1车2炮4兵对2车1兵.obj
h:\surface\gg_out\release\2马5兵对1车2兵.obj
h:\surface\gg_out\release\1车1炮2马3兵对2车1炮2兵.obj
h:\surface\gg_out\release\2炮1马5兵对1车.obj
h:\surface\gg_out\release\2炮1马5兵对1炮2马1兵.obj
h:\surface\gg_out\release\硬件信息.obj
h:\surface\gg_out\release\misc.obj
h:\surface\gg_out\release\1炮1马3兵对1车3兵.obj
h:\surface\gg_out\release\1车2炮4兵对1车2炮1马2兵.obj
h:\surface\gg_out\release\1车1炮对1车.obj
h:\surface\gg_out\release\1车1兵对2兵.obj
h:\surface\gg_out\release\1炮2马对1车.obj
h:\surface\gg_out\release\1炮1马1兵对2马.obj
h:\surface\gg_out\release\1车2兵对2马.obj
h:\surface\gg_out\release\2马1兵对1马1炮.obj
h:\surface\gg_out\release\1车1马1兵对1炮1马1兵.obj
h:\surface\gg_out\release\2炮1马对2马1兵.obj
h:\surface\gg_out\release\2炮2兵对1炮.obj
h:\surface\gg_out\release\1车1马2兵对1车1炮.obj
h:\surface\gg_out\release\2炮2兵对2炮.obj
h:\surface\gg_out\release\1炮3兵对2马1兵.obj
h:\surface\gg_out\release\1车1马2兵对1车2炮.obj
h:\surface\gg_out\release\2炮1马1兵对1炮2马.obj
h:\surface\gg_out\release\2马2兵对2炮1兵.obj
h:\surface\gg_out\release\2炮1马1兵对2炮1马1兵.obj
h:\surface\gg_out\release\2炮3兵对1车.obj
h:\surface\gg_out\release\1车2炮2兵对1车1马.obj
h:\surface\gg_out\release\2车1马2兵对2车.obj
h:\surface\gg_out\release\1车1炮1马2兵对1车2马.obj
h:\surface\gg_out\release\1车2炮2兵对1车2马.obj
h:\surface\gg_out\release\2炮3兵对2马1兵.obj
h:\surface\gg_out\release\1炮2马2兵对2炮1马1兵.obj
h:\surface\gg_out\release\1车4兵对1车3兵.obj
h:\surface\gg_out\release\1车1炮3兵对2炮2马1兵.obj
h:\surface\gg_out\release\1马5兵对1车.obj
h:\surface\gg_out\release\1车5兵对1炮1兵.obj
h:\surface\gg_out\release\2车4兵对1车1炮1兵.obj
h:\surface\gg_out\release\1车1炮4兵对1车1炮1马.obj
h:\surface\gg_out\release\1车5兵对1炮2兵.obj
h:\surface\gg_out\release\2车4兵对1车2马.obj
h:\surface\gg_out\release\1车2炮3兵对1车1炮2马.obj
h:\surface\gg_out\release\1车2炮3兵对2车3兵.obj
h:\surface\gg_out\release\1炮1马5兵对1车1兵.obj
h:\surface\gg_out\release\2马5兵对2炮.obj
h:\surface\gg_out\release\1车1炮5兵对3兵.obj
h:\surface\gg_out\release\2车1马4兵对2车1炮.obj
h:\surface\gg_out\release\1车2炮1马3兵对1车1炮1马1兵.obj
h:\surface\gg_out\release\2车5兵对1车1炮2马1兵.obj
h:\surface\gg_out\release\1车2马5兵对1车2炮.obj
h:\surface\gg_out\release\initfunction9.obj
h:\surface\gg_out\release\direction.obj
h:\surface\gg_out\release\piece.obj
h:\surface\gg_out\release\1车1炮1马2兵对1车2马2兵.obj
h:\surface\gg_out\release\1炮对1兵.obj
h:\surface\gg_out\release\2兵对1炮.obj
h:\surface\gg_out\release\1车1马对1车1马.obj
h:\surface\gg_out\release\1炮1马1兵对1兵.obj
h:\surface\gg_out\release\1炮1马1兵对1车1炮.obj
h:\surface\gg_out\release\1车2兵对2炮.obj
h:\surface\gg_out\release\2马1兵对1炮1兵.obj
h:\surface\gg_out\release\1车1炮1兵对2马1兵.obj
h:\surface\gg_out\release\2炮1兵对2炮1兵.obj
h:\surface\gg_out\release\1马3兵对1兵.obj
h:\surface\gg_out\release\1车1炮1马1兵对1车1马.obj
h:\surface\gg_out\release\2炮2兵对1炮1兵.obj
h:\surface\gg_out\release\1炮3兵对1炮1马1兵.obj
h:\surface\gg_out\release\1车1马2兵对1车1炮1兵.obj
h:\surface\gg_out\release\1车3兵对3兵.obj
h:\surface\gg_out\release\2马2兵对1炮2兵.obj
h:\surface\gg_out\release\1车3兵对2炮1马1兵.obj
h:\surface\gg_out\release\1马4兵对1炮.obj
h:\surface\gg_out\release\1车1马3兵对1车1炮.obj
h:\surface\gg_out\release\2炮3兵对1炮1马.obj
h:\surface\gg_out\release\1炮4兵对3兵.obj
h:\surface\gg_out\release\1车1马3兵对2车1兵.obj
h:\surface\gg_out\release\2炮3兵对1炮2兵.obj
h:\surface\gg_out\release\1炮1马3兵对2炮2兵.obj
h:\surface\gg_out\release\1车2炮1马1兵对2车2兵.obj
h:\surface\gg_out\release\1车1炮3兵对2炮1马2兵.obj
h:\surface\gg_out\release\1马5兵对1兵.obj
h:\surface\gg_out\release\1车2炮3兵对1车1马.obj
h:\surface\gg_out\release\2车1炮3兵对2车.obj
h:\surface\gg_out\release\1车1炮4兵对1炮2马.obj
h:\surface\gg_out\release\1车2马3兵对2车1兵.obj
h:\surface\gg_out\release\2车4兵对1车2兵.obj
h:\surface\gg_out\release\1车2炮1马2兵对2车1炮1兵.obj
h:\surface\gg_out\release\1车2炮3兵对1车1炮1马2兵.obj
h:\surface\gg_out\release\2马5兵对1马.obj
h:\surface\gg_out\release\2马5兵对1车1兵.obj
h:\surface\gg_out\release\1车1炮5兵对2车1马.obj
h:\surface\gg_out\release\2车1炮4兵对2车1马.obj
h:\surface\gg_out\release\1车1马5兵对2炮2马.obj
h:\surface\gg_out\release\2炮2马3兵对1车2马2兵.obj
h:\surface\gg_out\release\1车2炮5兵对2车1兵.obj
h:\surface\gg_out\release\initfunction5.obj
h:\surface\gg_out\release\bitboard.obj
h:\surface\gg_out\release\position.obj
h:\surface\gg_out\release\1车2炮2兵对1车1炮2马.obj
h:\surface\gg_out\release\main.obj
h:\surface\gg_out\release\2炮对1炮1兵.obj
h:\surface\gg_out\release\1马2兵对1兵.obj
h:\surface\gg_out\release\1炮2马对1车1炮.obj
h:\surface\gg_out\release\1马2兵对1马1兵.obj
h:\surface\gg_out\release\1炮1马1兵对1马2兵.obj
h:\surface\gg_out\release\1车1马1兵对3兵.obj
h:\surface\gg_out\release\2马1兵对1炮2兵.obj
h:\surface\gg_out\release\4兵对1炮.obj
h:\surface\gg_out\release\1车3兵对1车1兵.obj
h:\surface\gg_out\release\2马2兵对2炮.obj
h:\surface\gg_out\release\1车1炮2兵以2车1炮.obj
h:\surface\gg_out\release\1车2炮1兵对1车1炮1马.obj
h:\surface\gg_out\release\2炮2兵对1车2兵.obj
h:\surface\gg_out\release\1炮2马1兵对1炮1马2兵.obj
h:\surface\gg_out\release\2车2马对2车2兵.obj
h:\surface\gg_out\release\5兵对1马.obj
h:\surface\gg_out\release\1车4兵对2马.obj
h:\surface\gg_out\release\5兵对1马1兵.obj
h:\surface\gg_out\release\1车1炮3兵对2炮1兵.obj
h:\surface\gg_out\release\1车4兵对1马2兵.obj
h:\surface\gg_out\release\2车3兵对2车1兵.obj
h:\surface\gg_out\release\1车1炮3兵对1车1炮1马1兵.obj
h:\surface\gg_out\release\2炮3兵对1炮1马2兵.obj
h:\surface\gg_out\release\2炮3兵对1炮1马3兵.obj
h:\surface\gg_out\release\1炮1马4兵对1车1兵.obj
h:\surface\gg_out\release\1马1炮4兵对2炮.obj
h:\surface\gg_out\release\1炮1马4兵对1炮2兵.obj
h:\surface\gg_out\release\1车1炮4兵对3兵.obj
h:\surface\gg_out\release\1马5兵对1炮2兵.obj
h:\surface\gg_out\release\2马4兵对2炮1马.obj
h:\surface\gg_out\release\2车4兵对1车1炮1马1兵.obj
h:\surface\gg_out\release\2车4兵对1车2炮1马1兵.obj
h:\surface\gg_out\release\1车1马5兵对2车_not.obj
h:\surface\gg_out\release\1炮2马4兵对1炮2马.obj
h:\surface\gg_out\release\1车1马5兵对2炮1兵.obj
h:\surface\gg_out\release\2马5兵对1炮2兵.obj
h:\surface\gg_out\release\1车1炮2马3兵对1车1炮1马2兵.obj
h:\surface\gg_out\release\1炮2马5兵对1车.obj
h:\surface\gg_out\release\1车2炮5兵对1车1炮2马.obj
h:\surface\gg_out\release\王的安全.obj
h:\surface\gg_out\release\pos_test.obj
h:\surface\gg_out\release\1车1炮1马2兵对1车1炮2兵.obj
h:\surface\gg_out\release\1炮2马5兵对1车1马3兵.obj
h:\surface\gg_out\release\1马1兵对1兵.obj
h:\surface\gg_out\release\1车1马对1炮1兵.obj
h:\surface\gg_out\release\1炮2兵对1车.obj
h:\surface\gg_out\release\1炮1马1兵对1马1兵.obj
h:\surface\gg_out\release\1车2兵对2兵.obj
h:\surface\gg_out\release\2车1炮对2车.obj
h:\surface\gg_out\release\1车1炮1兵对3兵.obj
h:\surface\gg_out\release\2炮1兵对2马1兵.obj
h:\surface\gg_out\release\1马3兵对1车.obj
h:\surface\gg_out\release\1车1炮2兵对1车1炮.obj
h:\surface\gg_out\release\2炮2兵对1车1兵.obj
h:\surface\gg_out\release\1炮3兵对1炮2兵.obj
h:\surface\gg_out\release\1车1马2兵对1车1炮1马.obj
h:\surface\gg_out\release\1马3兵对1炮2兵.obj
h:\surface\gg_out\release\2马2兵对1炮2马.obj
h:\surface\gg_out\release\1马3兵对4兵.obj
h:\surface\gg_out\release\2炮1马2兵对1车.obj
h:\surface\gg_out\release\1车1马3兵对1车1马.obj
h:\surface\gg_out\release\2炮3兵对1车1兵.obj
h:\surface\gg_out\release\1车1炮1马2兵对1车1炮1马.obj
h:\surface\gg_out\release\1车1马3兵对3兵.obj
h:\surface\gg_out\release\2炮3兵对1车2兵.obj
h:\surface\gg_out\release\1炮2马2兵对1炮2马2兵.obj
h:\surface\gg_out\release\1车4兵对2炮1马1兵.obj
h:\surface\gg_out\release\1车1马3兵对2炮2马1兵.obj
h:\surface\gg_out\release\2炮1马3兵对1车.obj
h:\surface\gg_out\release\1车5兵对1车1炮.obj
h:\surface\gg_out\release\2车4兵对2车.obj
h:\surface\gg_out\release\1车1炮4兵对1车1马1兵.obj
h:\surface\gg_out\release\1车5兵对1炮2马.obj
h:\surface\gg_out\release\2车4兵对2车1兵.obj
h:\surface\gg_out\release\1车2马3兵对1车1马2兵.obj
h:\surface\gg_out\release\2炮1马3兵对1车1马3兵.obj
h:\surface\gg_out\release\1炮2马4兵对1车1马.obj
h:\surface\gg_out\release\1炮1马5兵对1炮1马1兵.obj
h:\surface\gg_out\release\1车1马5兵对1炮2兵.obj
h:\surface\gg_out\release\2车5兵对1车1炮1兵.obj
h:\surface\gg_out\release\1车2炮4兵对1车2炮.obj
h:\surface\gg_out\release\2车5兵对1车2炮1马1兵.obj
h:\surface\gg_out\release\2车1炮5兵对2车1炮.obj
h:\surface\gg_out\release\eval_only_1chexpaoxpawnnoshi.obj
h:\surface\gg_out\release\pos_move.obj
h:\surface\gg_out\release\2车1马对2车.obj
h:\surface\gg_out\release\2车4兵对1车2炮1马2兵.obj
h:\surface\gg_out\release\1炮1马对无.obj
h:\surface\gg_out\release\2马对1车.obj
h:\surface\gg_out\release\2炮对1马1兵.obj
h:\surface\gg_out\release\2炮1兵对1兵.obj
h:\surface\gg_out\release\1炮2马对1车1马.obj
h:\surface\gg_out\release\1马2兵对2马.obj
h:\surface\gg_out\release\1炮2兵对1马2兵.obj
h:\surface\gg_out\release\1车2兵对2炮1兵.obj
h:\surface\gg_out\release\1炮1马2兵对1兵.obj
h:\surface\gg_out\release\1炮1马2兵对1马1兵.obj
h:\surface\gg_out\release\1车3兵对2兵.obj
h:\surface\gg_out\release\4兵对1炮1兵.obj
h:\surface\gg_out\release\1车1炮2兵对1车2兵.obj
h:\surface\gg_out\release\1车2马1兵对1车2炮.obj
h:\surface\gg_out\release\2炮2马对1车1炮1兵.obj
h:\surface\gg_out\release\1车1炮2兵对1车1马2兵.obj
h:\surface\gg_out\release\1炮1马3兵对1车.obj
h:\surface\gg_out\release\1炮2马2兵对1车1马.obj
h:\surface\gg_out\release\1马4兵对2兵.obj
h:\surface\gg_out\release\1炮1马3兵对1炮2马.obj
h:\surface\gg_out\release\1车1炮3兵对2炮1马.obj
h:\surface\gg_out\release\1车4兵对1车1马1兵.obj
h:\surface\gg_out\release\2车3兵对1车2马.obj
h:\surface\gg_out\release\1车1炮1马2兵对1车2马1兵.obj
h:\surface\gg_out\release\2炮1马2兵对1车1马2兵.obj
h:\surface\gg_out\release\2炮1马2兵对1炮1马3兵.obj
h:\surface\gg_out\release\2马4兵对1兵.obj
h:\surface\gg_out\release\1车5兵对2炮.obj
h:\surface\gg_out\release\2马4兵对1车1兵.obj
h:\surface\gg_out\release\1车1炮4兵对2炮1兵.obj
h:\surface\gg_out\release\1车5兵对2炮1兵.obj
h:\surface\gg_out\release\2马4兵对1炮2兵.obj
h:\surface\gg_out\release\1马5兵对4兵.obj
h:\surface\gg_out\release\2车1炮1马2兵对2车3兵.obj
h:\surface\gg_out\release\1车1炮5兵对1车1炮.obj
h:\surface\gg_out\release\1炮1马5兵对1车2兵.obj
h:\surface\gg_out\release\1车1马5兵对1车1炮1马.obj
h:\surface\gg_out\release\2车5兵对1车2兵.obj
h:\surface\gg_out\release\1车2马4兵对1车1炮1马.obj
h:\surface\gg_out\release\1炮2马4兵对2炮2马2兵.obj
h:\surface\gg_out\release\1车2马5兵对1车2马.obj
h:\surface\gg_out\release\eval_by_material_phase.obj
h:\surface\gg_out\release\pos_fen.obj
h:\surface\gg_out\release\2车1马对2车1兵.obj
h:\surface\gg_out\release\1兵对1兵.obj
h:\surface\gg_out\release\1马1炮对1马.obj
h:\surface\gg_out\release\1车1炮对1车1炮.obj
h:\surface\gg_out\release\3兵对无_nook.obj
h:\surface\gg_out\release\3兵对1马.obj
h:\surface\gg_out\release\1车2兵对1炮1兵.obj
h:\surface\gg_out\release\2炮1兵对2炮.obj
h:\surface\gg_out\release\1车1炮1兵对1炮2马.obj
h:\surface\gg_out\release\1车2马对1车1炮1兵.obj
h:\surface\gg_out\release\1炮3兵对1车.obj
h:\surface\gg_out\release\1炮3兵对1炮1马.obj
h:\surface\gg_out\release\1马3兵对2兵.obj
h:\surface\gg_out\release\1炮1马2兵对2马1兵.obj
h:\surface\gg_out\release\1车1炮2兵对2马1兵.obj
h:\surface\gg_out\release\1车3兵对1车1马1兵.obj
h:\surface\gg_out\release\2车2兵对1车2兵.obj
h:\surface\gg_out\release\1车2炮1兵对1车1炮2兵.obj
h:\surface\gg_out\release\1车4兵对1兵.obj
h:\surface\gg_out\release\1炮4兵对2炮.obj
h:\surface\gg_out\release\1马4兵对1马1兵.obj
h:\surface\gg_out\release\1炮2马2兵对1车1马1兵.obj
h:\surface\gg_out\release\1车1马3兵对1车1炮1马.obj
h:\surface\gg_out\release\1马4兵对3兵.obj
h:\surface\gg_out\release\2马3兵对2炮1兵.obj
h:\surface\gg_out\release\1车1马3兵对1炮2马1兵.obj
h:\surface\gg_out\release\2马3兵对1炮2马1兵.obj
h:\surface\gg_out\release\1炮1马4兵对1车.obj
h:\surface\gg_out\release\1炮5兵对1马1兵.obj
h:\surface\gg_out\release\1马5兵对1炮1兵.obj
h:\surface\gg_out\release\1炮2马3兵对1车1炮1兵.obj
h:\surface\gg_out\release\1车1马4兵对1马2兵.obj
h:\surface\gg_out\release\2炮4兵对1马2兵.obj
h:\surface\gg_out\release\1车1炮4兵对1车1炮2兵.obj
h:\surface\gg_out\release\1车1炮4兵对1车1炮1马2兵.obj
h:\surface\gg_out\release\2炮1马4兵对1车.obj
h:\surface\gg_out\release\2炮5兵对1马1兵.obj
h:\surface\gg_out\release\1车1炮5兵对1车1马1兵.obj
h:\surface\gg_out\release\2炮5兵对1炮2兵.obj
h:\surface\gg_out\release\1车1炮5兵对1炮2马1兵.obj
h:\surface\gg_out\release\1车2炮1马3兵对2车1马2兵.obj
h:\surface\gg_out\release\2车1马5兵对2车.obj
h:\surface\gg_out\release\bitboard_const.obj
h:\surface\gg_out\release\eval_中炮底炮.obj
h:\surface\gg_out\release\1炮2马3兵对2炮1马2兵.obj
h:\surface\gg_out\release\2车1炮对2车1兵.obj
h:\surface\gg_out\release\2炮2马4兵对1车1炮1马1兵.obj
h:\surface\gg_out\release\1车1兵对1炮.obj
h:\surface\gg_out\release\1车1马对2炮.obj
h:\surface\gg_out\release\1炮1马1兵对1马.obj
h:\surface\gg_out\release\1炮1马1兵对2炮.obj
h:\surface\gg_out\release\1车2马对1车1炮.obj
h:\surface\gg_out\release\3兵对1车1兵.obj
h:\surface\gg_out\release\1车1马1兵对1车2兵.obj
h:\surface\gg_out\release\2车1兵对1车1马1兵.obj
h:\surface\gg_out\release\2马2兵对1兵.obj
h:\surface\gg_out\release\1车2炮1兵对1车1马.obj
h:\surface\gg_out\release\2车2兵对2车.obj
h:\surface\gg_out\release\1车1炮1马1兵对1车1马1兵.obj
h:\surface\gg_out\release\1车1马2兵对1马2兵.obj
h:\surface\gg_out\release\2炮1马1兵对1车1马1兵.obj
h:\surface\gg_out\release\4兵对1炮2兵.obj
h:\surface\gg_out\release\2炮2兵对2炮2兵.obj
h:\surface\gg_out\release\2马3兵对1兵.obj
h:\surface\gg_out\release\1车4兵对1炮1兵.obj
h:\surface\gg_out\release\2马3兵对2马.obj
h:\surface\gg_out\release\1车1炮3兵对1炮2兵.obj
h:\surface\gg_out\release\1车2马2兵对1车1马1兵.obj
h:\surface\gg_out\release\2车1马2兵对2车1马.obj
h:\surface\gg_out\release\1炮4兵对4兵.obj
h:\surface\gg_out\release\1马4兵对1马3兵.obj
h:\surface\gg_out\release\1车1马3兵对2炮1马2兵.obj
h:\surface\gg_out\release\1马5兵对1马.obj
h:\surface\gg_out\release\1车5兵对1车1兵.obj
h:\surface\gg_out\release\2车4兵对1车1马1兵.obj
h:\surface\gg_out\release\1车1炮4兵对1车2兵.obj
h:\surface\gg_out\release\1车5兵对1车1炮1兵.obj
h:\surface\gg_out\release\2车4兵对2车1炮.obj
h:\surface\gg_out\release\1车2马3兵对1车1炮1马1兵.obj
h:\surface\gg_out\release\2炮2马2兵对1车1炮3兵.obj
h:\surface\gg_out\release\1炮2马4兵对1车1兵.obj
h:\surface\gg_out\release\1炮1马5兵对1炮2兵.obj
h:\surface\gg_out\release\1车1马5兵对1炮2马.obj
h:\surface\gg_out\release\2车5兵对1车1炮1马.obj
h:\surface\gg_out\release\2炮1马4兵对1炮2马1兵.obj
h:\surface\gg_out\release\1车1炮4兵对2炮2马2兵.obj
h:\surface\gg_out\release\2车1马5兵对2车1炮.obj
h:\surface\gg_out\release\open_book.obj
h:\surface\gg_out\release\movepick.obj
h:\surface\gg_out\release\2炮3兵对2马3兵.obj
h:\surface\gg_out\release\1兵.obj
h:\surface\gg_out\release\1马1炮对1车.obj
h:\surface\gg_out\release\1车1兵对1车1兵.obj
h:\surface\gg_out\release\2马对1马1兵.obj
h:\surface\gg_out\release\3兵对1车.obj
h:\surface\gg_out\release\1车1马1炮对1车1马.obj
h:\surface\gg_out\release\2炮1兵对1马1兵.obj
h:\surface\gg_out\release\1炮2马对2炮1兵.obj
h:\surface\gg_out\release\1车2兵对1炮2马.obj
h:\surface\gg_out\release\4兵对无.obj
h:\surface\gg_out\release\1炮1马2兵对1炮1马.obj
h:\surface\gg_out\release\1车3兵对1马1兵.obj
h:\surface\gg_out\release\4兵对1马1兵.obj
h:\surface\gg_out\release\1车1炮2兵对1炮1马1兵.obj
h:\surface\gg_out\release\1车2炮1兵对2车1兵.obj
h:\surface\gg_out\release\2炮2兵对1马2兵.obj
h:\surface\gg_out\release\1炮2马1兵对1炮2马1兵.obj
h:\surface\gg_out\release\2马2兵对2马2兵.obj
h:\surface\gg_out\release\5兵对1炮.obj
h:\surface\gg_out\release\1车4兵对1马1炮.obj
h:\surface\gg_out\release\2马3兵对1炮1马.obj
h:\surface\gg_out\release\1车1炮3兵对1炮2马.obj
h:\surface\gg_out\release\1车2炮2兵对2车1兵.obj
h:\surface\gg_out\release\2炮3兵对1马2兵.obj
h:\surface\gg_out\release\1炮2马2兵对1炮1马2兵.obj
h:\surface\gg_out\release\1车2炮1马1兵对2车1马1兵.obj
h:\surface\gg_out\release\1炮4兵对5兵.obj
h:\surface\gg_out\release\1炮5兵对1兵.obj
h:\surface\gg_out\release\1车1炮1马3兵对1车1马.obj
h:\surface\gg_out\release\1马5兵对1马1兵.obj
h:\surface\gg_out\release\1炮2马3兵对2炮1马.obj
h:\surface\gg_out\release\1车1马4兵对2炮1马.obj
h:\surface\gg_out\release\2炮4兵对1炮2兵.obj
h:\surface\gg_out\release\1车1炮4兵对1车1炮1马1兵.obj
h:\surface\gg_out\release\1车1炮1马3兵对2车3兵.obj
h:\surface\gg_out\release\1炮1马5兵对1马.obj
h:\surface\gg_out\release\2炮5兵对1炮1马.obj
h:\surface\gg_out\release\1车1炮5兵对1炮2马.obj
h:\surface\gg_out\release\2炮1马4兵对2炮1马.obj
h:\surface\gg_out\release\2马5兵对2马1兵.obj
h:\surface\gg_out\release\1车1炮5兵对2炮1马2兵.obj
h:\surface\gg_out\release\1炮2马5兵对1车1马.obj
h:\surface\gg_out\release\1车1炮1马5兵对2车1炮2兵.obj
h:\surface\gg_out\release\第2次_棋子.obj
h:\surface\gg_out\release\pos_unmake_test.obj
h:\surface\gg_out\release\1车2马2兵对1车1炮1马1兵.obj
h:\surface\gg_out\release\1车1炮2马3兵对2车1马1兵.obj
h:\surface\gg_out\release\2炮对无.obj
h:\surface\gg_out\release\2马对1马.obj
h:\surface\gg_out\release\2炮对2炮.obj
h:\surface\gg_out\release\1马2兵对1车.obj
h:\surface\gg_out\release\1车1炮1兵对2车.obj
h:\surface\gg_out\release\1马2兵对2炮.obj
h:\surface\gg_out\release\1炮2马对1炮1马1兵.obj
h:\surface\gg_out\release\1车2兵对1炮2兵.obj
h:\surface\gg_out\release\1炮1马2兵对1车.obj
h:\surface\gg_out\release\1炮2马1兵对1车1马.obj
h:\surface\gg_out\release\1车3兵对2马.obj
h:\surface\gg_out\release\2马2兵对2马.obj
h:\surface\gg_out\release\1车1炮2兵对1炮2马.obj
h:\surface\gg_out\release\1车2炮1兵对1车2炮.obj
h:\surface\gg_out\release\2炮2兵对2炮1兵.obj
h:\surface\gg_out\release\1车1炮1马1兵对1车1炮1马1兵.obj
h:\surface\gg_out\release\1炮1马3兵对1兵.obj
h:\surface\gg_out\release\1炮1马3兵对2马.obj
h:\surface\gg_out\release\1炮1马3兵对炮兵.obj
h:\surface\gg_out\release\2马3兵对1车1兵.obj
h:\surface\gg_out\release\1车1炮3兵对1车1马1兵.obj
h:\surface\gg_out\release\1车2马2兵对1车2马.obj
h:\surface\gg_out\release\2车1炮2兵对2车1马.obj
h:\surface\gg_out\release\1炮2马2兵对1车1马2兵.obj
h:\surface\gg_out\release\1车4兵对1炮2马1兵.obj
h:\surface\gg_out\release\1车1炮3兵对1炮2马2兵.obj
h:\surface\gg_out\release\1车5兵对1车.obj
h:\surface\gg_out\release\1车1炮4兵对1车1马.obj
h:\surface\gg_out\release\2炮4兵对2马.obj
h:\surface\gg_out\release\1车1炮1马3兵对1车2炮.obj
h:\surface\gg_out\release\1车2炮3兵对1车2马.obj
h:\surface\gg_out\release\2车1炮3兵对2车1炮.obj
h:\surface\gg_out\release\1车1马4兵对1炮2马1兵.obj
h:\surface\gg_out\release\1车1炮4兵对2炮2马1兵.obj
h:\surface\gg_out\release\2炮5兵对1炮.obj
h:\surface\gg_out\release\2车1炮4兵对2车.obj
h:\surface\gg_out\release\1车1炮5兵对1车2炮.obj
h:\surface\gg_out\release\2炮5兵对1车2兵.obj
h:\surface\gg_out\release\1车1炮5兵对2炮1马1兵.obj
h:\surface\gg_out\release\1车2马4兵对1车2炮2兵.obj
h:\surface\gg_out\release\1车1炮1马5兵对1车1炮1马.obj
h:\surface\gg_out\release\initfunction.obj
h:\surface\gg_out\release\evation_init.obj
h:\surface\gg_out\release\2炮1马3兵对1炮2马2兵.obj
h:\surface\gg_out\release\1炮1马1兵对1车1马.obj
h:\surface\gg_out\release\2马4兵对2炮1马2兵.obj
h:\surface\gg_out\release\1马对1马.obj
h:\surface\gg_out\release\2车对1车.obj
h:\surface\gg_out\release\2炮对1炮1马.obj
h:\surface\gg_out\release\1马2兵对1炮.obj
h:\surface\gg_out\release\1车1炮1兵对1车1兵.obj
h:\surface\gg_out\release\2炮1兵对1车1炮.obj
h:\surface\gg_out\release\1炮2马对1炮2马.obj
h:\surface\gg_out\release\1车2兵对2炮1马.obj
h:\surface\gg_out\release\1炮1马2兵对1马.obj
h:\surface\gg_out\release\1炮1马2兵对2炮.obj
h:\surface\gg_out\release\1车3兵对1马1炮.obj
h:\surface\gg_out\release\4兵对1车1兵.obj
h:\surface\gg_out\release\1车1炮2兵对1车1炮1兵.obj
h:\surface\gg_out\release\1车2马1兵对1车1炮1马.obj
h:\surface\gg_out\release\2炮2兵对2炮1马.obj
h:\surface\gg_out\release\1炮3兵对4兵.obj
h:\surface\gg_out\release\5兵对无.obj
h:\surface\gg_out\release\1炮1马3兵对1车1炮.obj
h:\surface\gg_out\release\1车4兵对2炮.obj
h:\surface\gg_out\release\5兵对1车1兵.obj
h:\surface\gg_out\release\1车1炮3兵对1车2炮.obj
h:\surface\gg_out\release\1车4兵对1车1炮1兵.obj
h:\surface\gg_out\release\2车3兵对1车1马1兵.obj
h:\surface\gg_out\release\1车1炮1马2兵对1车2炮1马.obj
h:\surface\gg_out\release\2炮1马2兵对1车1炮2兵.obj
h:\surface\gg_out\release\1车2炮2兵对1车1炮3兵.obj
h:\surface\gg_out\release\2炮4兵对1炮.obj
h:\surface\gg_out\release\1车5兵对1马1兵.obj
h:\surface\gg_out\release\2马4兵对2马.obj
h:\surface\gg_out\release\1车1炮4兵对1马2兵.obj
h:\surface\gg_out\release\1车5兵对1车2兵.obj
h:\surface\gg_out\release\2马4兵对1炮1马1兵.obj
h:\surface\gg_out\release\1车5兵对2炮1马1兵.obj
h:\surface\gg_out\release\2炮2马2兵对1车1马3兵.obj
h:\surface\gg_out\release\1车1炮1马4兵对2车.obj
h:\surface\gg_out\release\1炮1马5兵对1炮2马.obj
h:\surface\gg_out\release\1车1马5兵对1车1炮1兵.obj
h:\surface\gg_out\release\2车5兵对1车1马1兵.obj
h:\surface\gg_out\release\1车2马4兵对1车1炮1马1兵.obj
h:\surface\gg_out\release\1车1炮2马3兵对1车1炮1马3兵.obj
h:\surface\gg_out\release\1车2马5兵对2车1兵.obj
h:\surface\gg_out\release\eval_king_up_string.obj
h:\surface\gg_out\release\pos_init.obj
h:\surface\gg_out\release\2马3兵对2炮2兵.obj
h:\surface\gg_out\release\1炮对1炮.obj
h:\surface\gg_out\release\1马1兵对1车.obj
h:\surface\gg_out\release\1车1兵对1马1兵.obj
h:\surface\gg_out\release\1炮2兵对无.obj
h:\surface\gg_out\release\3兵对1炮.obj
h:\surface\gg_out\release\1车2兵对1车1马.obj
h:\surface\gg_out\release\2马1兵对1车1兵.obj
h:\surface\gg_out\release\1车1炮1兵对2炮1兵.obj
h:\surface\gg_out\release\2炮1马对1炮2马.obj
h:\surface\gg_out\release\1车3兵对1马.obj
h:\surface\gg_out\release\1炮3兵对2兵.obj
h:\surface\gg_out\release\2炮1马1兵对1车1马.obj
h:\surface\gg_out\release\1炮2马1兵对1车2兵.obj
h:\surface\gg_out\release\1车1马2兵对1炮2马.obj
h:\surface\gg_out\release\1车3兵对2炮1马.obj
h:\surface\gg_out\release\2车2兵对2车1炮.obj
h:\surface\gg_out\release\1车3兵对1车3兵.obj
h:\surface\gg_out\release\1车4兵对1马.obj
h:\surface\gg_out\release\1车1炮1马2兵对2车.obj
h:\surface\gg_out\release\2炮3兵对2炮.obj
h:\surface\gg_out\release\1炮4兵对1炮1马1兵.obj
h:\surface\gg_out\release\1车1马3兵对1马2兵.obj
h:\surface\gg_out\release\2炮1马2兵对2炮1马.obj
h:\surface\gg_out\release\5兵对1炮2兵.obj
h:\surface\gg_out\release\1车1马3兵对1车3兵.obj
h:\surface\gg_out\release\5兵对1炮3兵.obj
h:\surface\gg_out\release\1炮5兵对1炮.obj
h:\surface\gg_out\release\1车1马4兵对1车1马.obj
h:\surface\gg_out\release\2炮4兵对1车1兵.obj
h:\surface\gg_out\release\1车1炮4兵对1炮1马1兵.obj
h:\surface\gg_out\release\1车2马3兵对1车2炮.obj
h:\surface\gg_out\release\2车1马3兵对2车1马.obj
h:\surface\gg_out\release\1车1马4兵对2炮1马1兵.obj
h:\surface\gg_out\release\1车1马4兵对2炮2马1兵.obj
h:\surface\gg_out\release\2马5兵对1兵.obj
h:\surface\gg_out\release\2马5兵对1炮1兵.obj
h:\surface\gg_out\release\1车1炮5兵对2炮1马.obj
h:\surface\gg_out\release\2炮5兵对2炮1马.obj
h:\surface\gg_out\release\1车1马5兵对1炮2马2兵.obj
h:\surface\gg_out\release\2炮2马3兵对1车1炮3兵.obj
h:\surface\gg_out\release\1车2炮5兵对1车1炮1马.obj
h:\surface\gg_out\release\initfunction4.obj
h:\surface\gg_out\release\evation.obj
h:\surface\gg_out\release\2炮1马对2车.obj
h:\surface\gg_out\release\1车1炮1马3兵对1车1马4兵.obj
h:\surface\gg_out\release\1炮1兵对1车.obj
h:\surface\gg_out\release\1车1兵对1炮1兵.obj
h:\surface\gg_out\release\2马对2马.obj
h:\surface\gg_out\release\3兵对1兵.obj
h:\surface\gg_out\release\1车2兵对1车1炮.obj
h:\surface\gg_out\release\2车1兵对2车.obj
h:\surface\gg_out\release\1车1炮1马对1车1炮1兵.obj
h:\surface\gg_out\release\2炮1兵对1炮2兵.obj
h:\surface\gg_out\release\1马3兵对1炮.obj
h:\surface\gg_out\release\1炮3兵对2马.obj
h:\surface\gg_out\release\2炮1马1兵对1车1兵.obj
h:\surface\gg_out\release\1炮2马1兵对2炮1马.obj
h:\surface\gg_out\release\1车1马2兵对1炮2马1兵.obj
h:\surface\gg_out\release\1车3兵对2马1兵.obj
h:\surface\gg_out\release\2马2兵对1炮1马1兵.obj
h:\surface\gg_out\release\1车3兵对4兵.obj
h:\surface\gg_out\release\1马4兵对1马.obj
h:\surface\gg_out\release\1车1炮3兵对1车1马.obj
h:\surface\gg_out\release\2炮3兵对1炮1兵.obj
h:\surface\gg_out\release\1炮4兵对2马1兵.obj
h:\surface\gg_out\release\1车1马3兵对2炮1马.obj
h:\surface\gg_out\release\2炮3兵对1炮1马1兵.obj
h:\surface\gg_out\release\1炮1马3兵对1炮1马2兵.obj
h:\surface\gg_out\release\1车2炮1马1兵对1车2炮1兵.obj
h:\surface\gg_out\release\1车1炮3兵对1车4兵.obj
h:\surface\gg_out\release\1车5兵对1马.obj
h:\surface\gg_out\release\1车1马4兵对2车.obj
h:\surface\gg_out\release\2炮4兵对1马1兵.obj
h:\surface\gg_out\release\1车1炮4兵对1炮2兵.obj
h:\surface\gg_out\release\1车2马3兵对1车2马.obj
h:\surface\gg_out\release\2车4兵对1车1炮1马.obj
h:\surface\gg_out\release\1车1马4兵对2炮2马.obj
h:\surface\gg_out\release\1车2炮1马2兵对1车2马2兵.obj
h:\surface\gg_out\release\2马5兵对1炮.obj
h:\surface\gg_out\release\2马5兵对1炮1马.obj
h:\surface\gg_out\release\1车1炮5兵对2车1炮.obj
h:\surface\gg_out\release\2车1炮4兵对2车1炮.obj
h:\surface\gg_out\release\1车1马5兵对1车1炮1马1兵.obj
h:\surface\gg_out\release\2炮2马3兵对1车1马3兵.obj
h:\surface\gg_out\release\1车2炮5兵对1车2炮.obj
h:\surface\gg_out\release\initfunction6.obj
h:\surface\gg_out\release\prematerialinfo.obj
h:\surface\gg_out\release\my_data.obj
h:\surface\gg_out\release\2炮2兵对1炮3兵.obj
h:\surface\gg_out\release\1车1炮2马3兵对2车2兵.obj
h:\surface\gg_out\release\1炮1兵对1兵.obj
h:\surface\gg_out\release\1炮1马对1马1炮.obj
h:\surface\gg_out\release\2车对1车1马.obj
h:\surface\gg_out\release\2马1兵对1马.obj
h:\surface\gg_out\release\1车1马1炮对1车1炮.obj
h:\surface\gg_out\release\2炮1马对1车1兵.obj
h:\surface\gg_out\release\1车1炮1兵对1车2兵.obj
h:\surface\gg_out\release\1马2兵对3兵.obj
h:\surface\gg_out\release\1车3兵对1炮.obj
h:\surface\gg_out\release\1炮3兵对1马1兵.obj
h:\surface\gg_out\release\1马3兵对2马.obj
h:\surface\gg_out\release\1炮2马1兵对1车1马1兵.obj
h:\surface\gg_out\release\1车1马2兵对1炮2兵.obj
h:\surface\gg_out\release\1车3兵对1马2兵.obj
h:\surface\gg_out\release\2车2兵对1车2马.obj
h:\surface\gg_out\release\1车2马1兵对1车1马2兵.obj
h:\surface\gg_out\release\1车4兵对1车.obj
h:\surface\gg_out\release\1车1炮1马2兵对1车1马.obj
h:\surface\gg_out\release\2炮1马2兵对1车1马.obj
h:\surface\gg_out\release\1炮2马2兵对2炮1马.obj
h:\surface\gg_out\release\1车1马3兵对1车2兵.obj
h:\surface\gg_out\release\2炮1马2兵对1车1炮1兵.obj
h:\surface\gg_out\release\2马3兵对2马1兵.obj
h:\surface\gg_out\release\1车1马3兵对1车1马2兵.obj
h:\surface\gg_out\release\2马3兵对2马2兵.obj
h:\surface\gg_out\release\1炮1马4兵对1马.obj
h:\surface\gg_out\release\1炮5兵对2炮.obj
h:\surface\gg_out\release\2炮1马3兵对1车1兵.obj
h:\surface\gg_out\release\1车1炮1马3兵对1车1炮1马.obj
h:\surface\gg_out\release\1车2炮3兵对1车1炮1马.obj
h:\surface\gg_out\release\2炮4兵对2马1兵.obj
h:\surface\gg_out\release\1车1炮4兵对2炮2马.obj
h:\surface\gg_out\release\1车1炮4兵对2炮1马2兵.obj
h:\surface\gg_out\release\2炮5兵对1兵.obj
h:\surface\gg_out\release\2炮5兵对2马.obj
h:\surface\gg_out\release\1车1炮5兵对1车2兵.obj
h:\surface\gg_out\release\2炮5兵对1炮2马.obj
h:\surface\gg_out\release\1车1炮5兵对1车1炮1马1兵.obj
h:\surface\gg_out\release\1车2马4兵对1车1炮1马2兵.obj
h:\surface\gg_out\release\1车1炮1马5兵对1车2炮.obj
h:\surface\gg_out\release\initfunction1.obj
h:\surface\gg_out\release\find_mul.obj
h:\surface\gg_out\release\move.obj
h:\surface\gg_out\release\2马1兵对1车1马.obj
h:\surface\gg_out\release\1炮.obj
h:\surface\gg_out\release\2兵对1车.obj
h:\surface\gg_out\release\1马1兵对1马1兵.obj
h:\surface\gg_out\release\1车2兵对1车.obj
h:\surface\gg_out\release\1炮2马对1车1兵.obj
h:\surface\gg_out\release\1马2兵对1炮1兵.obj
h:\surface\gg_out\release\1炮1马1兵对1炮2兵.obj
h:\surface\gg_out\release\1车1马1兵对2马1兵.obj
h:\surface\gg_out\release\2车1兵对2车1兵.obj
h:\surface\gg_out\release\4兵对1兵.obj
h:\surface\gg_out\release\1车2马1兵对2车.obj
h:\surface\gg_out\release\2马2兵对1马1兵.obj
h:\surface\gg_out\release\1车1炮1马1兵对2车1马.obj
h:\surface\gg_out\release\1车1马2兵对2马1兵.obj
h:\surface\gg_out\release\2炮2兵对1炮2兵.obj
h:\surface\gg_out\release\1炮1马2兵对1炮1马2兵.obj
h:\surface\gg_out\release\2车2兵对1车1炮1马1兵.obj
h:\surface\gg_out\release\5兵对1兵.obj
h:\surface\gg_out\release\1车4兵对1马1兵.obj
h:\surface\gg_out\release\1炮1马3兵对1炮1马1兵.obj
h:\surface\gg_out\release\1车1炮3兵对2车1马.obj
h:\surface\gg_out\release\1车4兵对2炮1马.obj
h:\surface\gg_out\release\2车3兵对2车1马.obj
h:\surface\gg_out\release\1车1炮3兵对1车1马2兵.obj
h:\surface\gg_out\release\2炮2马1兵对1车1马2兵.obj
h:\surface\gg_out\release\2炮2马1兵对1炮2马2兵.obj
h:\surface\gg_out\release\2马4兵对1马.obj
h:\surface\gg_out\release\1马1炮4兵对2马.obj
h:\surface\gg_out\release\1炮1马4兵对1炮2马.obj
h:\surface\gg_out\release\1车1马4兵对1炮1马1兵.obj
h:\surface\gg_out\release\1马5兵对1马2兵.obj
h:\surface\gg_out\release\2马4兵对2马1兵.obj
h:\surface\gg_out\release\2车4兵对2车1马1兵.obj
h:\surface\gg_out\release\1车1炮1马3兵对1车2马3兵.obj
h:\surface\gg_out\release\2炮1马4兵对1车1兵.obj
h:\surface\gg_out\release\1车1炮1马4兵对1车2马.obj
h:\surface\gg_out\release\1车2马4兵对1车2马.obj
h:\surface\gg_out\release\2马5兵对2炮1兵.obj
h:\surface\gg_out\release\1车1炮5兵对1炮2马2兵.obj
h:\surface\gg_out\release\1车1炮1马5兵对2车.obj
h:\surface\gg_out\release\2炮2马4兵对1车2炮2兵.obj
h:\surface\gg_out\release\eval_空炮.obj
h:\surface\gg_out\release\uci.obj
h:\surface\gg_out\release\1车1炮2兵对1车1炮1马.obj
h:\surface\gg_out\release\1车2炮4兵对1车2炮2兵.obj
h:\surface\gg_out\release\1炮1马对1兵.obj
h:\surface\gg_out\release\1车1兵对1马1炮.obj
h:\surface\gg_out\release\1炮2兵对1炮.obj
h:\surface\gg_out\release\1炮2兵对1马1兵.obj
h:\surface\gg_out\release\1车2炮对1车1马.obj
h:\surface\gg_out\release\2马1兵对2马.obj
h:\surface\gg_out\release\1车1马1兵对1炮2马.obj
h:\surface\gg_out\release\2炮1马对2炮1马.obj
h:\surface\gg_out\release\2炮2兵对1兵.obj
h:\surface\gg_out\release\1车1炮2兵对2车.obj
h:\surface\gg_out\release\2炮2兵对2马.obj
h:\surface\gg_out\release\1炮3兵对3兵.obj
h:\surface\gg_out\release\1车1马2兵对1车2马.obj
h:\surface\gg_out\release\1马3兵对3兵.obj
h:\surface\gg_out\release\2马2兵对1马2兵.obj
h:\surface\gg_out\release\2炮1马1兵对1炮2马1兵.obj
h:\surface\gg_out\release\2炮3兵对1炮.obj
h:\surface\gg_out\release\1车2炮2兵对2车.obj
h:\surface\gg_out\release\2车1炮2兵对2车.obj
h:\surface\gg_out\release\1车1炮1马2兵对1车2炮.obj
h:\surface\gg_out\release\1车2炮2兵对1车2炮.obj
h:\surface\gg_out\release\2炮3兵对2炮1马.obj
h:\surface\gg_out\release\1车1炮1马2兵对1车1炮1马1兵.obj
h:\surface\gg_out\release\1车4兵对1车1炮2兵.obj
h:\surface\gg_out\release\1车1马3兵对1炮2马2兵.obj
h:\surface\gg_out\release\1马5兵对1炮.obj
h:\surface\gg_out\release\1车2马3兵对1车1马.obj
h:\surface\gg_out\release\2车1马3兵对2车.obj
h:\surface\gg_out\release\1车1炮4兵对1车1炮1兵.obj
h:\surface\gg_out\release\1车5兵对1炮1马1兵.obj
h:\surface\gg_out\release\2车4兵对1车2炮.obj
h:\surface\gg_out\release\1车2炮3兵对1车1炮2兵.obj
h:\surface\gg_out\release\1车2炮3兵对1车2马2兵.obj
h:\surface\gg_out\release\2马5兵对1车.obj
h:\surface\gg_out\release\2马5兵对1马1兵.obj
h:\surface\gg_out\release\1车1炮5兵对2车1兵.obj
h:\surface\gg_out\release\2炮5兵对2马1兵.obj
h:\surface\gg_out\release\1车1马5兵对2炮1马1兵.obj
h:\surface\gg_out\release\2车1炮4兵对2车1马2兵.obj
h:\surface\gg_out\release\1车2炮5兵对1车2马.obj
h:\surface\gg_out\release\initfunction7.obj
h:\surface\gg_out\release\benchmark.obj
h:\surface\gg_out\release\1车2炮2兵对1车1炮1马1兵.obj
h:\surface\gg_out\release\2炮2马3兵对1车2炮1兵.obj
h:\surface\gg_out\release\1炮1兵对1炮.obj
h:\surface\gg_out\release\1炮1兵对1马1兵.obj
h:\surface\gg_out\release\2车对2车.obj
h:\surface\gg_out\release\2马1兵对1炮.obj
h:\surface\gg_out\release\1车1马1兵对2车.obj
h:\surface\gg_out\release\2炮1兵对1车1马.obj
h:\surface\gg_out\release\1车1炮1兵对1炮2兵.obj
h:\surface\gg_out\release\1车2兵对3兵.obj
h:\surface\gg_out\release\1炮2马1兵对1车.obj
h:\surface\gg_out\release\1炮1马2兵对1炮1兵.obj
h:\surface\gg_out\release\1车3兵对2炮.obj
h:\surface\gg_out\release\1炮1马2兵对1炮1马1兵.obj
h:\surface\gg_out\release\1车1炮2兵对1车2炮.obj
h:\surface\gg_out\release\1车2马1兵对2车1兵.obj
h:\surface\gg_out\release\2车1马1兵对2车1炮.obj
h:\surface\gg_out\release\1车1炮2兵对1车3兵.obj
h:\surface\gg_out\release\1炮2马2兵对1车.obj
h:\surface\gg_out\release\1炮4兵对1炮1兵.obj
h:\surface\gg_out\release\1炮1马3兵对马炮.obj
h:\surface\gg_out\release\1炮1马3兵对2炮1兵.obj
h:\surface\gg_out\release\1车1炮3兵对2车1炮.obj
h:\surface\gg_out\release\1车4兵对1车2兵.obj
h:\surface\gg_out\release\2车3兵对1车2炮.obj
h:\surface\gg_out\release\1车1炮2马1兵对2车2兵.obj
h:\surface\gg_out\release\2炮1马2兵对2炮1马1兵.obj
h:\surface\gg_out\release\2炮1马2兵对1炮2马2兵.obj
h:\surface\gg_out\release\2马4兵对1炮.obj
h:\surface\gg_out\release\1车5兵对2车.obj
h:\surface\gg_out\release\2马4兵对1马1兵.obj
h:\surface\gg_out\release\1车1炮4兵对2炮1马.obj
h:\surface\gg_out\release\1车5兵对1马2兵.obj
h:\surface\gg_out\release\2马4兵对1炮2马.obj
h:\surface\gg_out\release\2炮1马3兵对1炮2马1兵.obj
h:\surface\gg_out\release\2炮2马2兵对2炮2马1兵.obj
h:\surface\gg_out\release\1车1炮5兵对1车1马.obj
h:\surface\gg_out\release\1炮1马5兵对1马2兵.obj
h:\surface\gg_out\release\1车1马5兵对1车1马1兵.obj
h:\surface\gg_out\release\2车5兵对1车2炮.obj
h:\surface\gg_out\release\2炮1马4兵对2炮1马1兵.obj
h:\surface\gg_out\release\1车1炮5兵对2炮2马2兵.obj
h:\surface\gg_out\release\2车1炮5兵对2车1马.obj
h:\surface\gg_out\release\fen_eval_test.obj
h:\surface\gg_out\release\pos_mate.obj
h:\surface\gg_out\release\1车2炮1兵对1车1马2兵.obj
h:\surface\gg_out\release\2炮1马4兵对1车1马3兵.obj
h:\surface\gg_out\release\1马1兵对无.obj
h:\surface\gg_out\release\1炮1兵对2兵.obj
h:\surface\gg_out\release\2车对1车1炮.obj
h:\surface\gg_out\release\2马1兵对1兵.obj
h:\surface\gg_out\release\1车1马1兵对1车1马.obj
h:\surface\gg_out\release\2炮1兵对2马.obj
h:\surface\gg_out\release\1车1炮1兵对1车1炮1兵.obj
h:\surface\gg_out\release\1车2炮对1车1炮1兵.obj
h:\surface\gg_out\release\1炮3兵对1兵.obj
h:\surface\gg_out\release\1炮2马1兵对1车1炮.obj
h:\surface\gg_out\release\1马3兵对1炮1马.obj
h:\surface\gg_out\release\1炮1马2兵对1马2兵.obj
h:\surface\gg_out\release\1车1炮2兵对2炮1马.obj
h:\surface\gg_out\release\1车3兵对1炮2兵.obj
h:\surface\gg_out\release\2车2兵对1车1炮1兵.obj
h:\surface\gg_out\release\1车1马2兵对2炮1马1兵.obj
h:\surface\gg_out\release\1炮4兵对1炮.obj
h:\surface\gg_out\release\1炮4兵对2兵.obj
h:\surface\gg_out\release\1马4兵对1炮1马.obj
h:\surface\gg_out\release\1炮2马2兵对1车1炮1兵.obj
h:\surface\gg_out\release\1车1马3兵对1车1炮1兵.obj
h:\surface\gg_out\release\1马4兵对1马2兵.obj
h:\surface\gg_out\release\2马3兵对1车2兵.obj
h:\surface\gg_out\release\1车1炮3兵对2车2兵.obj
h:\surface\gg_out\release\2车3兵对2车1马1兵.obj
h:\surface\gg_out\release\1炮1马4兵对1兵.obj
h:\surface\gg_out\release\1炮5兵对1车1兵.obj
h:\surface\gg_out\release\1马5兵对2马.obj
h:\surface\gg_out\release\1炮2马3兵对1炮2马.obj
h:\surface\gg_out\release\1车1马4兵对1车2兵.obj
h:\surface\gg_out\release\2炮1马3兵对2炮1马.obj
h:\surface\gg_out\release\1车1炮1马3兵对1车1炮2兵.obj
h:\surface\gg_out\release\1炮5兵对5兵.obj
h:\surface\gg_out\release\1车2马3兵对2炮2马2兵.obj
h:\surface\gg_out\release\1马1炮5兵对2炮.obj
h:\surface\gg_out\release\1炮2马5兵对2炮1马.obj
h:\surface\gg_out\release\1车1马5兵对3兵.obj
h:\surface\gg_out\release\2车5兵对2车1炮.obj
h:\surface\gg_out\release\1炮2马4兵对1炮2马2兵.obj
h:\surface\gg_out\release\1车2炮1马3兵对1车1炮1马3兵.obj
h:\surface\gg_out\release\1炮2马5兵对2炮1马1兵.obj
h:\surface\gg_out\release\timeman.obj
h:\surface\gg_out\release\pos_see.obj
h:\surface\gg_out\release\2炮2马2兵对1车1炮1马1兵.obj
h:\surface\gg_out\release\1车.obj
h:\surface\gg_out\release\1车1兵对1马.obj
h:\surface\gg_out\release\1炮1马对1炮1兵.obj
h:\surface\gg_out\release\2车对1炮1马.obj
h:\surface\gg_out\release\1马2兵对1马.obj
h:\surface\gg_out\release\1车1炮1马对1车1兵.obj
h:\surface\gg_out\release\2炮1兵对1车1兵.obj
h:\surface\gg_out\release\1车1炮1兵对1炮1马1兵.obj
h:\surface\gg_out\release\1马2兵对1马2兵.obj
h:\surface\gg_out\release\1炮3兵对1炮.obj
h:\surface\gg_out\release\1炮2马1兵对1车1兵.obj
h:\surface\gg_out\release\1马3兵对1车1兵.obj
h:\surface\gg_out\release\1炮1马2兵对2炮1马.obj
h:\surface\gg_out\release\1车1炮2兵对2车1马.obj
h:\surface\gg_out\release\1车3兵对1车1炮1兵.obj
h:\surface\gg_out\release\2车2兵对1车1马1兵.obj
h:\surface\gg_out\release\1车1马2兵对2炮2马.obj
h:\surface\gg_out\release\1炮4兵对1车.obj
h:\surface\gg_out\release\1炮4兵对1马1兵.obj
h:\surface\gg_out\release\1马4兵对2马.obj
h:\surface\gg_out\release\1炮1马3兵对2马1兵.obj
h:\surface\gg_out\release\1车1马3兵对1炮2马.obj
h:\surface\gg_out\release\1马4兵对1炮2兵.obj
h:\surface\gg_out\release\2马3兵对1马2兵.obj
h:\surface\gg_out\release\1车1炮3兵对2炮2马.obj
h:\surface\gg_out\release\2马3兵对1炮1马2兵.obj
h:\surface\gg_out\release\5兵对5兵.obj
h:\surface\gg_out\release\1炮5兵对1炮1马.obj
h:\surface\gg_out\release\1马5兵对2炮.obj
h:\surface\gg_out\release\1炮1马4兵对2马1兵.obj
h:\surface\gg_out\release\1车1马4兵对1车1马1兵.obj
h:\surface\gg_out\release\2炮4兵对1炮1马1兵.obj
h:\surface\gg_out\release\1车1炮1马3兵对1车1炮2马.obj
h:\surface\gg_out\release\1炮2马3兵对1车1马3兵.obj
h:\surface\gg_out\release\1车2炮3兵对1车2马3兵.obj
h:\surface\gg_out\release\1马1炮5兵对1马1炮.obj
h:\surface\gg_out\release\1炮1马5兵对2马1兵.obj
h:\surface\gg_out\release\1车1马5兵对2炮1马.obj
h:\surface\gg_out\release\2车5兵对2车1马.obj
h:\surface\gg_out\release\2炮2马3兵对1车1炮1马1兵.obj
h:\surface\gg_out\release\1车2马1炮3兵对2车4兵.obj
h:\surface\gg_out\release\1炮2马5兵对1炮2马1兵.obj
h:\surface\gg_out\release\thread.obj
h:\surface\gg_out\release\ucioption.obj
h:\surface\gg_out\release\2马4兵对1炮2马2兵.obj
h:\surface\gg_out\release\2炮1马5兵对1车1马3兵.obj
h:\surface\gg_out\release\1车1马对1车.obj
h:\surface\gg_out\release\1炮1马对2马.obj
h:\surface\gg_out\release\2车对1车1兵.obj
h:\surface\gg_out\release\2炮1兵对1马.obj
h:\surface\gg_out\release\1车1炮1兵对1车1炮.obj
h:\surface\gg_out\release\1马2兵对2兵.obj
h:\surface\gg_out\release\1炮2兵对3兵.obj
h:\surface\gg_out\release\1车2兵对1马2兵.obj
h:\surface\gg_out\release\2马1兵对1马2兵.obj
h:\surface\gg_out\release\4兵对1马.obj
h:\surface\gg_out\release\1车3兵对1车1马.obj
h:\surface\gg_out\release\4兵对2兵.obj
h:\surface\gg_out\release\1车1炮2兵对1车1马1兵.obj
h:\surface\gg_out\release\1车2马1兵对1车1马1兵.obj
h:\surface\gg_out\release\2炮2兵对2马1兵.obj
h:\surface\gg_out\release\1车1炮2兵对1炮2马1兵.obj
h:\surface\gg_out\release\1炮1马3兵对1炮.obj
h:\surface\gg_out\release\1炮2马2兵对1车1炮.obj
h:\surface\gg_out\release\1炮1马3兵对马兵.obj
h:\surface\gg_out\release\1炮1马3兵对1炮2兵.obj
h:\surface\gg_out\release\1车1炮3兵对1马2兵.obj
h:\surface\gg_out\release\1车4兵对1炮2马.obj
h:\surface\gg_out\release\2车3兵对1车1炮1马.obj
h:\surface\gg_out\release\1车1炮1马2兵对1车2炮1兵.obj
h:\surface\gg_out\release\2炮1马2兵对1炮2马1兵.obj
h:\surface\gg_out\release\1车2炮2兵对1车1炮1马2兵.obj
h:\surface\gg_out\release\2炮4兵对1兵.obj
h:\surface\gg_out\release\1车5兵对1车1马.obj
h:\surface\gg_out\release\2马4兵对2炮.obj
h:\surface\gg_out\release\1车1炮4兵对1车2炮.obj
h:\surface\gg_out\release\1车5兵对1车1马1兵.obj
h:\surface\gg_out\release\2车4兵对2车1马.obj
h:\surface\gg_out\release\1车5兵对1炮2马1兵.obj
h:\surface\gg_out\release\1马5兵对5兵.obj
h:\surface\gg_out\release\1炮2马4兵对1车1炮.obj
h:\surface\gg_out\release\2马5兵对2马.obj
h:\surface\gg_out\release\1车1马5兵对1炮1马1兵.obj
h:\surface\gg_out\release\2车1马4兵对2车1马.obj
h:\surface\gg_out\release\1车2炮4兵对1车1炮2马.obj
h:\surface\gg_out\release\2车1炮4兵对2车2炮1兵.obj
h:\surface\gg_out\release\1车2马5兵对1车1炮1马.obj
h:\surface\gg_out\release\initfunction8.obj
h:\surface\gg_out\release\pos_gen_cap_not_include_kingpawn.obj
h:\surface\gg_out\release\eval_mul_com.obj
h:\surface\gg_out\release\1车2炮2兵对1车2炮1马.obj
h:\surface\gg_out\release\1马.obj
h:\surface\gg_out\release\2兵对1兵.obj
h:\surface\gg_out\release\1车1炮对1马1炮.obj
h:\surface\gg_out\release\1炮2兵对1兵.obj
h:\surface\gg_out\release\1炮1马1兵对1车1兵.obj
h:\surface\gg_out\release\1车2兵对1马1兵.obj
h:\surface\gg_out\release\2车1兵对1车1炮.obj
h:\surface\gg_out\release\1车1炮1兵对2炮1马.obj
h:\surface\gg_out\release\2炮1兵对1马2兵.obj
h:\surface\gg_out\release\1车3兵对1车.obj
h:\surface\gg_out\release\1炮3兵对2炮.obj
h:\surface\gg_out\release\2炮1马1兵对1车1炮.obj
h:\surface\gg_out\release\1炮2马1兵对1车1炮1兵.obj
h:\surface\gg_out\release\1车1马2兵对1炮1马1兵.obj
h:\surface\gg_out\release\1车3兵对2炮1兵.obj
h:\surface\gg_out\release\2车2兵对2车1兵.obj
h:\surface\gg_out\release\1车3兵对1炮2马1兵.obj
h:\surface\gg_out\release\1马4兵对1兵.obj
h:\surface\gg_out\release\1车1炮3兵对1车1炮.obj
h:\surface\gg_out\release\2炮1马2兵对1车1兵.obj
h:\surface\gg_out\release\1炮4兵对1炮2兵.obj
h:\surface\gg_out\release\1车1马3兵对1车2炮.obj
h:\surface\gg_out\release\2炮1马2兵对1车1马1兵.obj
h:\surface\gg_out\release\5兵对1马2兵.obj
h:\surface\gg_out\release\1车1马3兵对2炮1马1兵.obj
h:\surface\gg_out\release\5兵对1马3兵.obj
h:\surface\gg_out\release\1炮5兵对1车.obj
h:\surface\gg_out\release\1车1炮4兵对2车.obj
h:\surface\gg_out\release\2炮4兵对1炮1兵.obj
h:\surface\gg_out\release\1车1炮1马3兵对1车2马.obj
h:\surface\gg_out\release\1车2炮3兵对2车1兵.obj
h:\surface\gg_out\release\2车1炮3兵对2车1马.obj
h:\surface\gg_out\release\1车1马4兵对1车1炮1马1兵.obj
h:\surface\gg_out\release\1车1马4兵对1炮2马2兵.obj
h:\surface\gg_out\release\2炮5兵对1车.obj
h:\surface\gg_out\release\2车1马4兵对2车.obj
h:\surface\gg_out\release\1车1炮5兵对1马2兵.obj
h:\surface\gg_out\release\2炮5兵对1马2兵.obj
h:\surface\gg_out\release\1车1炮5兵对2炮2马.obj
h:\surface\gg_out\release\2炮1马4兵对1炮2马2兵.obj
h:\surface\gg_out\release\1车1炮1马5兵对2车1兵.obj
h:\surface\gg_out\release\initfunction2.obj
h:\surface\gg_out\release\scale_by_game_phase.obj
h:\surface\gg_out\release\2炮2马2兵对1车2炮1兵.obj
h:\surface\gg_out\release\1车对1炮.obj
h:\surface\gg_out\release\1马1兵对1马.obj
h:\surface\gg_out\release\1车1兵对2马.obj
h:\surface\gg_out\release\1车2兵对1炮.obj
h:\surface\gg_out\release\1炮2兵对1炮1兵.obj
h:\surface\gg_out\release\1车2炮对2车.obj
h:\surface\gg_out\release\2马1兵对1马1兵.obj
h:\surface\gg_out\release\1车1炮1马对1车1马1兵.obj
h:\surface\gg_out\release\2炮1马对2炮1兵.obj
h:\surface\gg_out\release\2炮1马1兵对1车.obj
h:\surface\gg_out\release\1车1炮2兵对1车1马.obj
h:\surface\gg_out\release\2炮2兵对1马1兵.obj
h:\surface\gg_out\release\1炮3兵对2炮1兵.obj
h:\surface\gg_out\release\1车1马2兵对1车2兵.obj
h:\surface\gg_out\release\1马3兵对1马2兵.obj
h:\surface\gg_out\release\2马2兵对1车2兵.obj
h:\surface\gg_out\release\2炮1马1兵对1炮1马2兵.obj
h:\surface\gg_out\release\2炮3兵对1兵.obj
h:\surface\gg_out\release\1车1马3兵对2车.obj
h:\surface\gg_out\release\2炮3兵对1马1兵.obj
h:\surface\gg_out\release\1车1炮1马2兵对1车1马1兵.obj
h:\surface\gg_out\release\1车2炮2兵对1车1炮1马.obj
h:\surface\gg_out\release\2炮3兵对1炮2马.obj
h:\surface\gg_out\release\1炮1马3兵对2马2兵.obj
h:\surface\gg_out\release\1车2炮2兵对1车2炮1兵.obj
h:\surface\gg_out\release\1炮2马2兵对1炮1马3兵.obj
h:\surface\gg_out\release\1炮2马3兵对1车.obj
h:\surface\gg_out\release\1炮5兵对2马.obj
h:\surface\gg_out\release\2炮1马3兵对1车1炮.obj
h:\surface\gg_out\release\1炮5兵对1炮2兵.obj
h:\surface\gg_out\release\1车1马4兵对2炮1兵.obj
h:\surface\gg_out\release\2炮4兵对1车2兵.obj
h:\surface\gg_out\release\1车1炮1马3兵对1车2炮1兵.obj
h:\surface\gg_out\release\1车1炮1马3兵对1车1炮1马2兵.obj
h:\surface\gg_out\release\1炮1马5兵对1车.obj
h:\surface\gg_out\release\2炮5兵对2炮.obj
h:\surface\gg_out\release\1车1炮5兵对1车1炮1马.obj
h:\surface\gg_out\release\2炮5兵对1炮1马1兵.obj
h:\surface\gg_out\release\1车1炮2马3兵对1车1炮1马1兵.obj
h:\surface\gg_out\release\1车1马5兵对2炮2马1兵.obj
h:\surface\gg_out\release\2炮1马5兵对1车1马.obj
h:\surface\gg_out\release\1车2炮1马5兵对1车1炮2马2兵.obj
h:\surface\gg_out\release\eval_lack_shi_xiang.obj
h:\surface\gg_out\release\tt.obj
h:\surface\gg_out\release\1车1炮1马1兵对1车1炮1兵.obj
h:\surface\gg_out\release\1车2炮4兵对1车1炮2马2兵.obj
h:\surface\gg_out\release\1炮1兵对1马.obj
h:\surface\gg_out\release\1炮1马对1马1兵.obj
h:\surface\gg_out\release\2马对1炮1兵.obj
h:\surface\gg_out\release\2炮1马对1车.obj
h:\surface\gg_out\release\1车1马1兵对1车1炮.obj
h:\surface\gg_out\release\2炮1马对1车1炮.obj
h:\surface\gg_out\release\1车1炮1兵对1车1马1兵.obj
h:\surface\gg_out\release\2炮1兵对1炮1马1兵.obj
h:\surface\gg_out\release\1车3兵对1兵.obj
h:\surface\gg_out\release\1炮3兵对1车1兵.obj
h:\surface\gg_out\release\1马3兵对2炮.obj
h:\surface\gg_out\release\1炮2马1兵对1炮2马.obj
h:\surface\gg_out\release\1车1炮2兵对3兵.obj
h:\surface\gg_out\release\1车3兵对1车2兵.obj
h:\surface\gg_out\release\2车2兵对1车2炮.obj
h:\surface\gg_out\release\1车2马1兵对1车1炮2兵.obj
h:\surface\gg_out\release\1车4兵对1炮.obj
h:\surface\gg_out\release\1炮4兵对2马.obj
h:\surface\gg_out\release\2炮1马2兵对1车1炮.obj
h:\surface\gg_out\release\1炮2马2兵对1车2兵.obj
h:\surface\gg_out\release\1车1马3兵对1车1马1兵.obj
h:\surface\gg_out\release\2炮1马2兵对1炮2马.obj
h:\surface\gg_out\release\2马3兵对2炮1马.obj
h:\surface\gg_out\release\1车1马3兵对1车1炮2兵.obj
h:\surface\gg_out\release\2马3兵对2炮1马1兵.obj
h:\surface\gg_out\release\1炮1马4兵对1炮.obj
h:\surface\gg_out\release\1炮5兵对2兵.obj
h:\surface\gg_out\release\1马5兵对1炮1马.obj
h:\surface\gg_out\release\1炮2马3兵对1车1马1兵.obj
h:\surface\gg_out\release\1车1马4兵对1车2炮.obj
h:\surface\gg_out\release\2炮4兵对1炮2马.obj
h:\surface\gg_out\release\1车1炮4兵对1炮2马1兵.obj
h:\surface\gg_out\release\1车1炮1马3兵对1车2炮2兵.obj
h:\surface\gg_out\release\1炮1马5兵对1炮.obj
h:\surface\gg_out\release\2炮1马4兵对1车1马.obj
h:\surface\gg_out\release\1车1炮5兵对1炮2兵.obj
h:\surface\gg_out\release\2炮1马5兵对1炮2马.obj
h:\surface\gg_out\release\1车1炮1马4兵对1车1炮1马1兵.obj
h:\surface\gg_out\release\1车1马5兵对2炮1马2兵.obj
h:\surface\gg_out\release\2车1炮5兵对2车.obj
h:\surface\gg_out\release\1车1炮2马5兵对1车1炮2马2兵.obj
h:\surface\gg_out\release\弱子评估.obj
h:\surface\gg_out\release\vmp.obj
h:\surface\gg_out\release\1车2马2兵对1车1马3兵.obj
h:\surface\gg_out\release\1车对1车.obj
h:\surface\gg_out\release\2炮对1兵.obj
h:\surface\gg_out\release\2兵对2兵.obj
h:\surface\gg_out\release\1车1炮1兵对1车.obj
h:\surface\gg_out\release\1炮2兵对2炮.obj
h:\surface\gg_out\release\1马2兵对1车1兵.obj
h:\surface\gg_out\release\1炮1马1兵对1马1炮1兵.obj
h:\surface\gg_out\release\1车1马1兵对2炮1马.obj
h:\surface\gg_out\release\2车1兵对1车2马.obj
h:\surface\gg_out\release\2马2兵对1马.obj
h:\surface\gg_out\release\1车3兵对1炮1兵.obj
h:\surface\gg_out\release\2马2兵对1马1炮.obj
h:\surface\gg_out\release\1车1炮1马1兵对2车1炮.obj
h:\surface\gg_out\release\1车1马2兵对3兵.obj
h:\surface\gg_out\release\2炮2兵对1炮2马.obj
h:\surface\gg_out\release\1炮1马2兵对2马2兵.obj
h:\surface\gg_out\release\2车2兵对1车1马2兵.obj
h:\surface\gg_out\release\5兵对1车.obj
h:\surface\gg_out\release\1车4兵对2车.obj
h:\surface\gg_out\release\1炮1马3兵对1车2兵.obj
h:\surface\gg_out\release\1车1炮3兵对3兵.obj
h:\surface\gg_out\release\1车4兵对2马1兵.obj
h:\surface\gg_out\release\2马3兵对1炮1马1兵.obj
h:\surface\gg_out\release\1车1炮3兵对1车2炮1兵.obj
h:\surface\gg_out\release\2炮3兵对2马2兵.obj
h:\surface\gg_out\release\2车3兵对1车1炮2马1兵.obj
h:\surface\gg_out\release\1炮2马3兵对1车1马.obj
h:\surface\gg_out\release\1马1炮4兵对1炮1马.obj
h:\surface\gg_out\release\1炮1马4兵对1马2兵.obj
h:\surface\gg_out\release\1车1马4兵对1炮2马.obj
h:\surface\gg_out\release\2炮1马3兵对1炮2马.obj
h:\surface\gg_out\release\1炮2马3兵对2炮1马1兵.obj
h:\surface\gg_out\release\1炮1马4兵对2炮1马2兵.obj
h:\surface\gg_out\release\2炮2马2兵对2炮1马3兵.obj
h:\surface\gg_out\release\2炮1马4兵对1车1炮.obj
h:\surface\gg_out\release\1车1炮1马4兵对2车1兵.obj
h:\surface\gg_out\release\1车2马4兵对2车1兵.obj
h:\surface\gg_out\release\1炮2马4兵对1炮2马1兵.obj
h:\surface\gg_out\release\1车1马5兵对1车1马3兵.obj
h:\surface\gg_out\release\2炮1马5兵对1车1兵.obj
h:\surface\gg_out\release\1车1炮1马5兵对2车1炮3兵.obj
h:\surface\gg_out\release\第1次_棋子.obj
h:\surface\gg_out\release\1炮2马3兵对1炮2马2兵.obj
h:\surface\gg_out\release\1马4兵对2马2兵.obj
h:\surface\gg_out\release\base64.obj
h:\surface\gg_out\release\1车对1马.obj
h:\surface\gg_out\release\2炮对1车.obj
h:\surface\gg_out\release\1车1炮对1车1马.obj
h:\surface\gg_out\release\1炮1马1兵对1车.obj
h:\surface\gg_out\release\1炮1马1兵对1炮1马.obj
h:\surface\gg_out\release\1车2兵对1马1炮.obj
h:\surface\gg_out\release\2车1兵对1车1马.obj
h:\surface\gg_out\release\1车1炮1马对1车1炮1马.obj
h:\surface\gg_out\release\2炮1马对1炮1马1兵.obj
h:\surface\gg_out\release\1马3兵对1马.obj
h:\surface\gg_out\release\1车1炮1马1兵对2车.obj
h:\surface\gg_out\release\2炮2兵对1炮1马.obj
h:\surface\gg_out\release\1炮3兵对1马2兵.obj
h:\surface\gg_out\release\1车1马2兵对1车1马1兵.obj
h:\surface\gg_out\release\1马3兵对1炮1马1兵.obj
h:\surface\gg_out\release\2车2兵对2车1马.obj
h:\surface\gg_out\release\1马3兵对1马3兵.obj
h:\surface\gg_out\release\1马4兵对1车.obj
h:\surface\gg_out\release\1车1炮3兵对2车.obj
h:\surface\gg_out\release\2炮3兵对2马.obj
h:\surface\gg_out\release\1炮4兵对1马2兵.obj
h:\surface\gg_out\release\1车1马3兵对2炮1兵.obj
h:\surface\gg_out\release\2炮2马1兵对1车1炮1兵.obj
h:\surface\gg_out\release\5兵对3兵.obj
h:\surface\gg_out\release\1车1马3兵对2炮2马.obj
h:\surface\gg_out\release\5兵对4兵.obj
h:\surface\gg_out\release\1炮5兵对1马.obj
h:\surface\gg_out\release\1车1马4兵对1车1炮.obj
h:\surface\gg_out\release\2炮4兵对1炮1马.obj
h:\surface\gg_out\release\1车1炮1马3兵对2车1兵.obj
h:\surface\gg_out\release\1车2马3兵对1车1炮1马.obj
h:\surface\gg_out\release\2车1马3兵对2车1炮.obj
h:\surface\gg_out\release\1车1马4兵对1车1马2兵.obj
h:\surface\gg_out\release\1车1马4兵对2炮1马2兵.obj
h:\surface\gg_out\release\2炮5兵对1马.obj
h:\surface\gg_out\release\2车5兵对2车.obj
h:\surface\gg_out\release\1车1炮5兵对2炮1兵.obj
h:\surface\gg_out\release\2炮5兵对2炮1兵.obj
h:\surface\gg_out\release\1车1马5兵对1炮2马1兵.obj
h:\surface\gg_out\release\2炮1马4兵对2炮1马2兵.obj
h:\surface\gg_out\release\1车1炮1马5兵对1车2马.obj
h:\surface\gg_out\release\initfunction3.obj
h:\surface\gg_out\release\s_end_my_pawn_info.obj
h:\surface\gg_out\release\movegen.obj
h:\surface\gg_out\release\2炮1马3兵对2炮1马2兵.obj
h:\surface\gg_out\release\1车1炮1马3兵对1车2炮1马1兵.obj
h:\surface\gg_out\release\mt_must_draww.obj
h:\surface\gg_out\release\1马1兵对1炮.obj
h:\surface\gg_out\release\1车1兵对2炮.obj
h:\surface\gg_out\release\1炮1马1兵对1炮.obj
h:\surface\gg_out\release\1炮1马1兵对1炮1兵.obj
h:\surface\gg_out\release\1车2兵对1车1兵.obj
h:\surface\gg_out\release\2炮1马对1车1马.obj
h:\surface\gg_out\release\1车1炮1兵对1马2兵.obj
h:\surface\gg_out\release\1车2炮对1车1炮1马.obj
h:\surface\gg_out\release\1炮3兵对1马.obj
h:\surface\gg_out\release\1炮3兵对1炮1兵.obj
h:\surface\gg_out\release\1马3兵对1马1兵.obj
h:\surface\gg_out\release\1炮1马2兵对2炮1兵.obj
h:\surface\gg_out\release\1车1炮2兵对2车1兵.obj
h:\surface\gg_out\release\1车3兵对1炮2马.obj
h:\surface\gg_out\release\2车2兵对1车1炮1马.obj
h:\surface\gg_out\release\1车2炮1兵对1车1炮1马1兵.obj
h:\surface\gg_out\release\1炮4兵对1马.obj
h:\surface\gg_out\release\1炮4兵对1车1兵.obj
h:\surface\gg_out\release\1马4兵对1炮1兵.obj
h:\surface\gg_out\release\1炮2马2兵对1炮2马.obj
h:\surface\gg_out\release\1车1马3兵对1炮2兵.obj
h:\surface\gg_out\release\1炮1马3兵对1马2兵.obj
h:\surface\gg_out\release\2马3兵对1炮2马.obj
h:\surface\gg_out\release\1车1炮3兵对2炮1马1兵.obj
h:\surface\gg_out\release\2车3兵对1车1炮1马1兵.obj
h:\surface\gg_out\release\2车3兵对1车2炮2兵.obj
h:\surface\gg_out\release\1炮5兵对1炮1兵.obj
h:\surface\gg_out\release\1马1炮4兵对1马1兵.obj
h:\surface\gg_out\release\1炮1马4兵对2炮1马.obj
h:\surface\gg_out\release\1车1马4兵对1车1炮1马.obj
h:\surface\gg_out\release\2炮1马3兵对1车1马1兵.obj
h:\surface\gg_out\release\1炮5兵对4兵.obj
h:\surface\gg_out\release\1炮1马4兵对2炮3兵.obj
h:\surface\gg_out\release\1车2炮3兵对1车1炮1马3兵.obj
h:\surface\gg_out\release\1马1炮5兵对1炮1兵.obj
h:\surface\gg_out\release\1车1炮1马4兵对1车1炮1马.obj
h:\surface\gg_out\release\1车2炮4兵对1车2马.obj
h:\surface\gg_out\release\2马5兵对1炮2马.obj
h:\surface\gg_out\release\1车1炮1马4兵对1车1炮1马2兵.obj
h:\surface\gg_out\release\2炮1马4兵对2炮2马2兵.obj
h:\surface\gg_out\release\1车1炮1马5兵对1车1炮2马.obj
h:\surface\gg_out\release\um128_find_mul.obj
h:\surface\gg_out\release\s_isprotect_true.obj
h:\surface\gg_out\release\pos_pin_att.obj
h:\surface\gg_out\release\1车2炮3兵对1车2炮1马.obj
h:\surface\gg_out\release\1炮对1马.obj
h:\surface\gg_out\release\2兵对1马.obj
h:\surface\gg_out\release\1车1炮对1车1兵.obj
h:\surface\gg_out\release\1车2兵对1马.obj
h:\surface\gg_out\release\1炮2兵对2马.obj
h:\surface\gg_out\release\1车2马对2车.obj
h:\surface\gg_out\release\3兵对2兵.obj
h:\surface\gg_out\release\1车1马1兵对2炮1兵.obj
h:\surface\gg_out\release\2车1兵对1车2炮.obj
h:\surface\gg_out\release\2马2兵对1车.obj
h:\surface\gg_out\release\1车2马1兵对1车1马.obj
h:\surface\gg_out\release\2马2兵对1车1兵.obj
h:\surface\gg_out\release\1车1炮1马1兵对1车2马.obj
h:\surface\gg_out\release\1车1马2兵对2炮1兵.obj
h:\surface\gg_out\release\2炮1马1兵对1车2兵.obj
h:\surface\gg_out\release\2马2兵对2马1兵.obj
h:\surface\gg_out\release\2炮2兵对2马2兵.obj
h:\surface\gg_out\release\2马3兵对1炮.obj
h:\surface\gg_out\release\1车4兵对1车1兵.obj
h:\surface\gg_out\release\2马3兵对2炮.obj
h:\surface\gg_out\release\1车1炮3兵对1炮1马1兵.obj
h:\surface\gg_out\release\1车2马2兵对1车2炮.obj
h:\surface\gg_out\release\2车1马2兵对2车1炮.obj
h:\surface\gg_out\release\1车1炮1马2兵对1车1炮2马.obj
h:\surface\gg_out\release\1马4兵对4兵.obj
h:\surface\gg_out\release\1车2炮1马1兵对1车2马2兵.obj
h:\surface\gg_out\release\2炮4兵对1车.obj
h:\surface\gg_out\release\1车5兵对1马1炮.obj
h:\surface\gg_out\release\2马4兵对1炮1兵.obj
h:\surface\gg_out\release\1车1炮4兵对2车1兵.obj
h:\surface\gg_out\release\1车5兵对2炮1马.obj
h:\surface\gg_out\release\2马4兵对1车2兵.obj
h:\surface\gg_out\release\2炮1马3兵对2炮1马1兵.obj
h:\surface\gg_out\release\2车1炮3兵对2车1马2兵.obj
h:\surface\gg_out\release\1车1炮5兵对2车.obj
h:\surface\gg_out\release\1炮1马5兵对2炮1兵.obj
h:\surface\gg_out\release\1车1马5兵对1车2兵.obj
h:\surface\gg_out\release\2车5兵对1车2马.obj
h:\surface\gg_out\release\2车5兵对1车1炮1马1兵.obj
h:\surface\gg_out\release\1车2马4兵对1车2炮3兵.obj
h:\surface\gg_out\release\1车1炮1马5兵对2车1炮1兵.obj
h:\surface\gg_out\release\umul128_bitboard.obj
h:\surface\gg_out\release\application.obj
h:\surface\gg_out\release\2炮1马1兵对2车.obj
h:\surface\gg_out\release\notation.obj
h:\surface\gg_out\release\1马1炮对1炮.obj
h:\surface\gg_out\release\1马1兵对2兵.obj
h:\surface\gg_out\release\1车1马1兵对1车.obj
h:\surface\gg_out\release\1炮2兵对1车1兵.obj
h:\surface\gg_out\release\1车2炮对1车1炮.obj
h:\surface\gg_out\release\3兵对1炮1兵.obj
h:\surface\gg_out\release\1车1马1兵对1车1马1兵.obj
h:\surface\gg_out\release\2车1兵对1车1炮1马.obj
h:\surface\gg_out\release\2炮2兵对1马.obj
h:\surface\gg_out\release\1车1马2兵对2车.obj
h:\surface\gg_out\release\2车1马1兵对2车.obj
h:\surface\gg_out\release\1车1炮1马1兵对1车2炮.obj
h:\surface\gg_out\release\1车1马2兵对2车1兵.obj
h:\surface\gg_out\release\2炮2兵对1炮1马1兵.obj
h:\surface\gg_out\release\4兵对3兵.obj
h:\surface\gg_out\release\2车1马1兵对2车2兵.obj
h:\surface\gg_out\release\2马3兵对1马.obj
h:\surface\gg_out\release\1车4兵对1车1马.obj
h:\surface\gg_out\release\5兵对2兵.obj
h:\surface\gg_out\release\1车1炮3兵对2车1兵.obj
h:\surface\gg_out\release\1车4兵对2炮1兵.obj
h:\surface\gg_out\release\2车3兵对2车1炮.obj
h:\surface\gg_out\release\1车1炮3兵对1车1炮2兵.obj
h:\surface\gg_out\release\2炮3兵对2炮2兵.obj
h:\surface\gg_out\release\2炮2马1兵对2炮1马2兵.obj
h:\surface\gg_out\release\1炮2马3兵对1车1炮.obj
h:\surface\gg_out\release\1马1炮4兵对1炮1兵.obj
h:\surface\gg_out\release\1炮1马4兵对1车2兵.obj
h:\surface\gg_out\release\1车1马4兵对1炮2兵.obj
h:\surface\gg_out\release\1马5兵对3兵.obj
h:\surface\gg_out\release\1炮1马4兵对1炮1马2兵.obj
h:\surface\gg_out\release\1炮1马4兵对1炮1马3兵.obj
h:\surface\gg_out\release\1车2炮1马2兵对1车1炮2马2兵.obj
h:\surface\gg_out\release\1马1炮5兵对2马.obj
h:\surface\gg_out\release\1车1炮1马4兵对1车2炮.obj
h:\surface\gg_out\release\1车2马4兵对1车2炮.obj
h:\surface\gg_out\release\2马5兵对1马2兵.obj
h:\surface\gg_out\release\1车1炮2马3兵对2车1马2兵.obj
h:\surface\gg_out\release\1炮2马5兵对1车1兵.obj
h:\surface\gg_out\release\2炮1马5兵对2炮1马1兵.obj
h:\surface\gg_out\release\eval_king_fisrt.obj
h:\surface\gg_out\release\search.obj
h:\surface\gg_out\release\1车1马2兵对1车1马2兵.obj
h:\surface\gg_out\release\1炮2马4兵对1车1马3兵.obj
h:\surface\gg_out\release\2兵对无.obj
h:\surface\gg_out\release\2马对1炮.obj
h:\surface\gg_out\release\2炮对2兵.obj
h:\surface\gg_out\release\2炮1兵对1炮.obj
h:\surface\gg_out\release\1车1炮1马对2车.obj
h:\surface\gg_out\release\2炮1兵对1炮1兵.obj
h:\surface\gg_out\release\1炮2兵对1炮2兵.obj
h:\surface\gg_out\release\1车2兵对1车2兵.obj
h:\surface\gg_out\release\3兵对3兵.obj
h:\surface\gg_out\release\4兵对1车.obj
h:\surface\gg_out\release\1车3兵对1车1炮.obj
h:\surface\gg_out\release\1炮1马2兵对1炮2兵.obj
h:\surface\gg_out\release\1车1炮2兵对1炮2兵.obj
h:\surface\gg_out\release\1车2炮1兵对1车2马.obj
h:\surface\gg_out\release\2车1炮1兵对2车1炮.obj
h:\surface\gg_out\release\1车1炮1马1兵对1车1炮2兵.obj
h:\surface\gg_out\release\4兵对4兵.obj
h:\surface\gg_out\release\1炮1马3兵对1车1兵.obj
h:\surface\gg_out\release\1车4兵对2兵.obj
h:\surface\gg_out\release\2马3兵对1马1兵.obj
h:\surface\gg_out\release\1车1炮3兵对1车1炮1马.obj
h:\surface\gg_out\release\1车2马2兵对1车1炮1马.obj
h:\surface\gg_out\release\2炮3兵对2炮1兵.obj
h:\surface\gg_out\release\1炮2马2兵对1炮2马1兵.obj
h:\surface\gg_out\release\1车2炮2兵对2车2兵.obj
h:\surface\gg_out\release\1炮1马3兵对2炮3兵.obj
h:\surface\gg_out\release\1车5兵对1兵.obj
h:\surface\gg_out\release\1车1炮1马3兵对2车.obj
h:\surface\gg_out\release\2炮1马3兵对1车1马.obj
h:\surface\gg_out\release\1炮5兵对1马2兵.obj
h:\surface\gg_out\release\1车1马4兵对3兵.obj
h:\surface\gg_out\release\2炮4兵对2炮1兵.obj
h:\surface\gg_out\release\1车1炮4兵对1车2炮1兵.obj
h:\surface\gg_out\release\1车1炮4兵对1车2炮2兵.obj
h:\surface\gg_out\release\1炮2马4兵对1车.obj
h:\surface\gg_out\release\2炮5兵对1车1兵.obj
h:\surface\gg_out\release\1车1炮5兵对1车1炮1兵.obj
h:\surface\gg_out\release\2炮1马5兵对2炮1马.obj
h:\surface\gg_out\release\1车1炮1马4兵对1车1炮2马.obj
h:\surface\gg_out\release\1车2炮1马3兵对1车1炮1马2兵.obj
h:\surface\gg_out\release\2炮1马5兵对1车1炮.obj
h:\surface\gg_out\release\2炮2马5兵对1车2炮2兵.obj
h:\surface\gg_out\release\eval_pawn_can.obj
h:\surface\gg_out\release\s_see_draw_by_last_move.obj
h:\surface\gg_out\release\1车1马对1炮1马.obj
h:\surface\gg_out\release\2车4兵对1车1炮2马2兵.obj
h:\surface\gg_out\release\1炮1兵对无.obj
h:\surface\gg_out\release\1车1兵对1车.obj
h:\surface\gg_out\release\2车对2炮.obj
h:\surface\gg_out\release\2马1兵对1车.obj
h:\surface\gg_out\release\1车1马1兵对1车1兵.obj
h:\surface\gg_out\release\2炮1兵对1炮1马.obj
h:\surface\gg_out\release\1炮2马对2马1兵.obj
h:\surface\gg_out\release\1车2兵对2马1兵.obj
h:\surface\gg_out\release\1炮1马2兵对1炮.obj
h:\surface\gg_out\release\1炮1马2兵对2马.obj
h:\surface\gg_out\release\1车3兵对2车.obj
h:\surface\gg_out\release\1炮1马2兵对1车2兵.obj
h:\surface\gg_out\release\1车1炮2兵对2炮1兵.obj
h:\surface\gg_out\release\1车2马1兵对1车2马.obj
h:\surface\gg_out\release\2车1炮1兵对2车1马.obj
h:\surface\gg_out\release\1车1炮2兵对2炮1马1兵.obj
h:\surface\gg_out\release\1炮1马3兵对1马.obj
h:\surface\gg_out\release\1炮2马2兵对1车1兵.obj
h:\surface\gg_out\release\1炮1马3兵对2炮.obj
h:\surface\gg_out\release\5兵对1炮1兵.obj
h:\surface\gg_out\release\1车1炮3兵对1车1炮1兵.obj
h:\surface\gg_out\release\1车4兵对1炮1马1兵.obj
h:\surface\gg_out\release\2车1炮2兵对2车1炮.obj
h:\surface\gg_out\release\1炮2马2兵对1车1炮2兵.obj
h:\surface\gg_out\release\1车2马2兵对1车1马2兵.obj
h:\surface\gg_out\release\1炮1马3兵对2马3兵.obj
h:\surface\gg_out\release\1车5兵对1炮.obj
h:\surface\gg_out\release\1车1炮4兵对1车1炮.obj
h:\surface\gg_out\release\2炮4兵对2炮.obj
h:\surface\gg_out\release\1炮5兵对3兵.obj
h:\surface\gg_out\release\1车2炮3兵对1车2炮.obj
h:\surface\gg_out\release\2炮4兵对2炮1马.obj
h:\surface\gg_out\release\1车1炮4兵对2炮1马1兵.obj
h:\surface\gg_out\release\1车1炮4兵对1炮2马2兵.obj
h:\surface\gg_out\release\1炮1马5兵对1兵.obj
h:\surface\gg_out\release\2炮5兵对1炮1兵.obj
h:\surface\gg_out\release\1车1炮5兵对1炮1马1兵.obj
h:\surface\gg_out\release\2炮1马4兵对1炮2马.obj
h:\surface\gg_out\release\2马5兵对2炮1马.obj
h:\surface\gg_out\release\1车1炮5兵对2炮2马1兵.obj
h:\surface\gg_out\release\1炮2马5兵对1车1炮.obj
h:\surface\gg_out\release\2炮2马4兵对1车2炮1兵.obj
h:\surface\gg_out\release\抽将与牵制.obj
h:\surface\gg_out\release\pregen.obj
h:\surface\gg_out\release\2炮1马2兵对1车3兵.obj
h:\surface\gg_out\release\aes.obj
h:\surface\gg_out\release\1马对1兵.obj
h:\surface\gg_out\release\2炮对1马.obj
h:\surface\gg_out\release\1车1马对1车1兵.obj
h:\surface\gg_out\release\1炮2兵对1马.obj
h:\surface\gg_out\release\1炮2兵对1炮1马.obj
h:\surface\gg_out\release\1车2兵对2车.obj
h:\surface\gg_out\release\2马1兵对2炮.obj
h:\surface\gg_out\release\1车1马1兵对1炮2兵.obj
h:\surface\gg_out\release\2车1兵对1车1炮1兵.obj
h:\surface\gg_out\release\2炮2兵对1车.obj
h:\surface\gg_out\release\1车1马2兵对1车1马.obj
h:\surface\gg_out\release\2车1炮1兵对2车.obj
h:\surface\gg_out\release\1车1炮1马1兵对1车1炮1马.obj
h:\surface\gg_out\release\1车1马2兵对1车3兵.obj
h:\surface\gg_out\release\2炮1马1兵对1车1炮1兵.obj
h:\surface\gg_out\release\2马2兵对2炮1马.obj
h:\surface\gg_out\release\2炮2兵对1炮1马2兵.obj
h:\surface\gg_out\release\2炮3兵对1马.obj
h:\surface\gg_out\release\1车2马2兵对1车1马.obj
h:\surface\gg_out\release\2车3兵对2车.obj
h:\surface\gg_out\release\1车1炮1马2兵对2车1兵.obj
h:\surface\gg_out\release\1车2马2兵对2车1兵.obj
h:\surface\gg_out\release\2车3兵对1车1炮1兵.obj
h:\surface\gg_out\release\1车1炮1马2兵对1车1马2兵.obj
h:\surface\gg_out\release\2炮1马2兵对1炮1马2兵.obj
h:\surface\gg_out\release\1马4兵对5兵.obj
h:\surface\gg_out\release\2炮4兵对1马.obj
h:\surface\gg_out\release\1车5兵对2兵.obj
h:\surface\gg_out\release\2马4兵对1炮1马.obj
h:\surface\gg_out\release\1车1炮4兵对2车1炮.obj
h:\surface\gg_out\release\1车5兵对2马1兵.obj
h:\surface\gg_out\release\2马4兵对1马2兵.obj
h:\surface\gg_out\release\2炮4兵对1炮1马2兵.obj
h:\surface\gg_out\release\2车1马3兵对2车1马2兵.obj
h:\surface\gg_out\release\1车1马5兵对1车1炮.obj
h:\surface\gg_out\release\1炮1马5兵对2炮1马.obj
h:\surface\gg_out\release\1车1马5兵对1马2兵.obj
h:\surface\gg_out\release\2车5兵对2车1兵.obj
h:\surface\gg_out\release\1炮2马4兵对2炮1马2兵.obj
h:\surface\gg_out\release\1车2炮1马3兵对1车2炮1马3兵.obj
h:\surface\gg_out\release\1车1炮2马4兵对2车2兵.obj
h:\surface\gg_out\release\wmi_devicequery.obj
h:\surface\gg_out\release\s_endgame.obj
h:\surface\gg_out\release\1车2马3兵对1车2炮1马1兵.obj
h:\surface\gg_out\release\mt_none.obj
h:\surface\gg_out\release\1车1兵对1兵.obj
h:\surface\gg_out\release\1炮1兵对1炮1兵.obj
h:\surface\gg_out\release\2炮对2马.obj
h:\surface\gg_out\release\2炮1兵对1车.obj
h:\surface\gg_out\release\1车1炮1兵对1车1马.obj
h:\surface\gg_out\release\1马2兵对1马1炮.obj
h:\surface\gg_out\release\1炮1马1兵对2马1兵.obj
h:\surface\gg_out\release\1车2兵对1炮1马1兵.obj
h:\surface\gg_out\release\2马1对2马1兵.obj
h:\surface\gg_out\release\1炮1马2兵对1车1兵.obj
h:\surface\gg_out\release\1马3兵对1炮1兵.obj
h:\surface\gg_out\release\1炮1马2兵对1炮2马.obj
h:\surface\gg_out\release\1车1炮2兵对1马2兵.obj
h:\surface\gg_out\release\1车3兵对1炮1马1兵.obj
h:\surface\gg_out\release\2车1马1兵对2车1马.obj
h:\surface\gg_out\release\1车1炮2兵对2炮2马.obj
h:\surface\gg_out\release\1炮4兵对1兵.obj
h:\surface\gg_out\release\1炮4兵对1炮1马.obj
h:\surface\gg_out\release\1马4兵对2炮.obj
h:\surface\gg_out\release\1炮1马3兵对2炮1马.obj
h:\surface\gg_out\release\1车1马3兵对1炮1马1兵.obj
h:\surface\gg_out\release\1车4兵对3兵.obj
h:\surface\gg_out\release\2马3兵对1炮2兵.obj
h:\surface\gg_out\release\1车1炮3兵对1车3兵.obj
h:\surface\gg_out\release\2车1炮2兵对2车1炮1兵.obj
h:\surface\gg_out\release\2车3兵对1车2炮1马1兵.obj
h:\surface\gg_out\release\1炮2马3兵对1车1兵.obj
h:\surface\gg_out\release\1马5兵对2兵.obj
h:\surface\gg_out\release\1炮1马4兵对2炮1兵.obj
h:\surface\gg_out\release\1车1马4兵对1车1炮1兵.obj
h:\surface\gg_out\release\2炮1马3兵对1车1炮1兵.obj
h:\surface\gg_out\release\1炮2马3兵对1炮2马1兵.obj
h:\surface\gg_out\release\1炮1马4兵对1炮2马2兵.obj
h:\surface\gg_out\release\1车1马4兵对2炮2马2兵.obj
h:\surface\gg_out\release\1马1炮5兵对1马1兵.obj
h:\surface\gg_out\release\1炮2马5兵对1炮2马.obj
h:\surface\gg_out\release\1车2炮4兵对1车1炮1马.obj
h:\surface\gg_out\release\2马5兵对1炮1马1兵.obj
h:\surface\gg_out\release\1炮2马4兵对2炮1马1兵.obj
h:\surface\gg_out\release\1车1马5兵对2炮2马2兵.obj
h:\surface\gg_out\release\2车1马5兵对2车1马.obj
h:\surface\gg_out\release\pawns.obj
h:\surface\gg_out\release\s_pos_repeat_draw.obj
h:\surface\gg_out\newgg.exe
h:\surface\prog\newgg\i_ggx64\x64\release\ipp_ggx64.res
h:\surface\prog\newgg\i_ggx64\..\..\..\gg_out\newgg.exe
h:\surface\prog\newgg\i_ggx64\x64\release\st2017_ggx64.tlog\cl.command.1.tlog
h:\surface\prog\newgg\i_ggx64\x64\release\st2017_ggx64.tlog\cl.read.1.tlog
h:\surface\prog\newgg\i_ggx64\x64\release\st2017_ggx64.tlog\cl.write.1.tlog
h:\surface\prog\newgg\i_ggx64\x64\release\st2017_ggx64.tlog\link.command.1.tlog
h:\surface\prog\newgg\i_ggx64\x64\release\st2017_ggx64.tlog\link.read.1.tlog
h:\surface\prog\newgg\i_ggx64\x64\release\st2017_ggx64.tlog\link.write.1.tlog
h:\surface\prog\newgg\i_ggx64\x64\release\st2017_ggx64.tlog\rc.command.1.tlog
h:\surface\prog\newgg\i_ggx64\x64\release\st2017_ggx64.tlog\rc.read.1.tlog
h:\surface\prog\newgg\i_ggx64\x64\release\st2017_ggx64.tlog\rc.write.1.tlog
