h:\surface\prog\newgg\i_ggx64\x64\性能向导\1车2炮2兵对1车1炮1马1兵.obj
h:\surface\prog\newgg\i_ggx64\x64\性能向导\1车2炮4兵对1车2炮1马2兵.obj
h:\surface\prog\newgg\i_ggx64\x64\性能向导\1马1炮对1车.obj
h:\surface\prog\newgg\i_ggx64\x64\性能向导\1车1马对1炮1兵.obj
h:\surface\prog\newgg\i_ggx64\x64\性能向导\1炮2兵对1车.obj
h:\surface\prog\newgg\i_ggx64\x64\性能向导\1炮2兵对1马1兵.obj
h:\surface\prog\newgg\i_ggx64\x64\性能向导\1马2兵对1车1兵.obj
h:\surface\prog\newgg\i_ggx64\x64\性能向导\1炮1马1兵对1炮2兵.obj
h:\surface\prog\newgg\i_ggx64\x64\性能向导\1车1马1兵对2炮1兵.obj
h:\surface\prog\newgg\i_ggx64\x64\性能向导\2车1兵对2车1兵.obj
h:\surface\prog\newgg\i_ggx64\x64\性能向导\2马2兵对1炮.obj
h:\surface\prog\newgg\i_ggx64\x64\性能向导\1车3兵对1车1兵.obj
h:\surface\prog\newgg\i_ggx64\x64\性能向导\2马2兵对2炮.obj
h:\surface\prog\newgg\i_ggx64\x64\性能向导\1车1炮2兵以2车1炮.obj
h:\surface\prog\newgg\i_ggx64\x64\性能向导\1车2炮1兵对1车1炮1马.obj
h:\surface\prog\newgg\i_ggx64\x64\性能向导\2炮2兵对1车2兵.obj
h:\surface\prog\newgg\i_ggx64\x64\性能向导\1炮2马1兵对1炮1马2兵.obj
h:\surface\prog\newgg\i_ggx64\x64\性能向导\2车2马对2车2兵.obj
h:\surface\prog\newgg\i_ggx64\x64\性能向导\5兵对1车.obj
h:\surface\prog\newgg\i_ggx64\x64\性能向导\1车4兵对2兵.obj
h:\surface\prog\newgg\i_ggx64\x64\性能向导\5兵对1炮1兵.obj
h:\surface\prog\newgg\i_ggx64\x64\性能向导\1车1炮3兵对1车2兵.obj
h:\surface\prog\newgg\i_ggx64\x64\性能向导\1车4兵对1炮1马1兵.obj
h:\surface\prog\newgg\i_ggx64\x64\性能向导\2车3兵对1车1炮1马.obj
h:\surface\prog\newgg\i_ggx64\x64\性能向导\1车1炮1马2兵对1车2炮1兵.obj
h:\surface\prog\newgg\i_ggx64\x64\性能向导\2炮1马2兵对1炮2马1兵.obj
h:\surface\prog\newgg\i_ggx64\x64\性能向导\1车1马3兵对2炮2马1兵.obj
h:\surface\prog\newgg\i_ggx64\x64\性能向导\2炮1马3兵对1车.obj
h:\surface\prog\newgg\i_ggx64\x64\性能向导\1车5兵对1车1炮.obj
h:\surface\prog\newgg\i_ggx64\x64\性能向导\2车4兵对2车.obj
h:\surface\prog\newgg\i_ggx64\x64\性能向导\1车1炮4兵对1车1炮1马.obj
h:\surface\prog\newgg\i_ggx64\x64\性能向导\1车5兵对1炮2马.obj
h:\surface\prog\newgg\i_ggx64\x64\性能向导\2车4兵对2车1兵.obj
h:\surface\prog\newgg\i_ggx64\x64\性能向导\1车2马3兵对1车1炮1马1兵.obj
h:\surface\prog\newgg\i_ggx64\x64\性能向导\1马5兵对5兵.obj
h:\surface\prog\newgg\i_ggx64\x64\性能向导\1炮2马4兵对1车1炮.obj
h:\surface\prog\newgg\i_ggx64\x64\性能向导\2马5兵对2马.obj
h:\surface\prog\newgg\i_ggx64\x64\性能向导\1车1马5兵对1炮1马1兵.obj
h:\surface\prog\newgg\i_ggx64\x64\性能向导\2车1马4兵对2车1马.obj
h:\surface\prog\newgg\i_ggx64\x64\性能向导\1车2炮4兵对1车1炮2马.obj
h:\surface\prog\newgg\i_ggx64\x64\性能向导\2车1炮4兵对2车2炮1兵.obj
h:\surface\prog\newgg\i_ggx64\x64\性能向导\1车2马5兵对1车1炮1马.obj
h:\surface\prog\newgg\i_ggx64\x64\性能向导\initfunction8.obj
h:\surface\prog\newgg\i_ggx64\x64\性能向导\prematerialinfo.obj
h:\surface\prog\newgg\i_ggx64\x64\性能向导\my_data.obj
h:\surface\prog\newgg\i_ggx64\x64\性能向导\2炮2马2兵对1车1炮1马1兵.obj
h:\surface\prog\newgg\i_ggx64\x64\性能向导\1车对1兵.obj
h:\surface\prog\newgg\i_ggx64\x64\性能向导\1马1兵对1马.obj
h:\surface\prog\newgg\i_ggx64\x64\性能向导\1车1炮对1车1马.obj
h:\surface\prog\newgg\i_ggx64\x64\性能向导\1炮2兵对1兵.obj
h:\surface\prog\newgg\i_ggx64\x64\性能向导\1炮1马1兵对1炮1马.obj
h:\surface\prog\newgg\i_ggx64\x64\性能向导\1车2兵对2炮.obj
h:\surface\prog\newgg\i_ggx64\x64\性能向导\2马1兵对1炮1兵.obj
h:\surface\prog\newgg\i_ggx64\x64\性能向导\1车1炮1兵对2马1兵.obj
h:\surface\prog\newgg\i_ggx64\x64\性能向导\2炮1马对1炮1马1兵.obj
h:\surface\prog\newgg\i_ggx64\x64\性能向导\1马3兵对1马.obj
h:\surface\prog\newgg\i_ggx64\x64\性能向导\1车1炮1马1兵对2车.obj
h:\surface\prog\newgg\i_ggx64\x64\性能向导\2炮2兵对1马1兵.obj
h:\surface\prog\newgg\i_ggx64\x64\性能向导\1炮3兵对1炮1马1兵.obj
h:\surface\prog\newgg\i_ggx64\x64\性能向导\1车1马2兵对1炮2马.obj
h:\surface\prog\newgg\i_ggx64\x64\性能向导\1车3兵对2炮1兵.obj
h:\surface\prog\newgg\i_ggx64\x64\性能向导\2车2兵对1车2兵.obj
h:\surface\prog\newgg\i_ggx64\x64\性能向导\1车2马1兵对1车1马2兵.obj
h:\surface\prog\newgg\i_ggx64\x64\性能向导\1车4兵对1马.obj
h:\surface\prog\newgg\i_ggx64\x64\性能向导\1炮4兵对2马.obj
h:\surface\prog\newgg\i_ggx64\x64\性能向导\2炮1马2兵对1车1马.obj
h:\surface\prog\newgg\i_ggx64\x64\性能向导\1炮4兵对1炮1马1兵.obj
h:\surface\prog\newgg\i_ggx64\x64\性能向导\1车1马3兵对1车1马1兵.obj
h:\surface\prog\newgg\i_ggx64\x64\性能向导\2炮1马2兵对1车1炮1兵.obj
h:\surface\prog\newgg\i_ggx64\x64\性能向导\5兵对1马2兵.obj
h:\surface\prog\newgg\i_ggx64\x64\性能向导\1车2炮1马1兵对2车1马1兵.obj
h:\surface\prog\newgg\i_ggx64\x64\性能向导\1炮4兵对5兵.obj
h:\surface\prog\newgg\i_ggx64\x64\性能向导\1车5兵对1马.obj
h:\surface\prog\newgg\i_ggx64\x64\性能向导\1车2马3兵对1车1马.obj
h:\surface\prog\newgg\i_ggx64\x64\性能向导\2车4兵对1车1炮1兵.obj
h:\surface\prog\newgg\i_ggx64\x64\性能向导\1车1炮4兵对1车2兵.obj
h:\surface\prog\newgg\i_ggx64\x64\性能向导\1车5兵对1车1炮1兵.obj
h:\surface\prog\newgg\i_ggx64\x64\性能向导\2车4兵对2车1炮.obj
h:\surface\prog\newgg\i_ggx64\x64\性能向导\1车5兵对1炮2马1兵.obj
h:\surface\prog\newgg\i_ggx64\x64\性能向导\2炮2马2兵对1车1炮3兵.obj
h:\surface\prog\newgg\i_ggx64\x64\性能向导\1炮2马4兵对1车1兵.obj
h:\surface\prog\newgg\i_ggx64\x64\性能向导\1炮1马5兵对1炮2兵.obj
h:\surface\prog\newgg\i_ggx64\x64\性能向导\1车1马5兵对1炮2马.obj
h:\surface\prog\newgg\i_ggx64\x64\性能向导\2车5兵对1车1炮1马.obj
h:\surface\prog\newgg\i_ggx64\x64\性能向导\1车2马4兵对1车1炮1马.obj
h:\surface\prog\newgg\i_ggx64\x64\性能向导\1炮2马4兵对2炮2马2兵.obj
h:\surface\prog\newgg\i_ggx64\x64\性能向导\1车2马5兵对2车1兵.obj
h:\surface\prog\newgg\i_ggx64\x64\性能向导\eval_king_up_string.obj
h:\surface\prog\newgg\i_ggx64\x64\性能向导\position.obj
h:\surface\prog\newgg\i_ggx64\x64\性能向导\1车2马2兵对1车1炮1马1兵.obj
h:\surface\prog\newgg\i_ggx64\x64\性能向导\1炮.obj
h:\surface\prog\newgg\i_ggx64\x64\性能向导\2炮对1兵.obj
h:\surface\prog\newgg\i_ggx64\x64\性能向导\1车1马对1车1兵.obj
h:\surface\prog\newgg\i_ggx64\x64\性能向导\1车2兵对1兵.obj
h:\surface\prog\newgg\i_ggx64\x64\性能向导\1炮1马1兵对2炮.obj
h:\surface\prog\newgg\i_ggx64\x64\性能向导\1车2马对1车1炮.obj
h:\surface\prog\newgg\i_ggx64\x64\性能向导\2马1兵对2马.obj
h:\surface\prog\newgg\i_ggx64\x64\性能向导\1车1马1兵对1炮2马.obj
h:\surface\prog\newgg\i_ggx64\x64\性能向导\2车1兵对1车1炮1马.obj
h:\surface\prog\newgg\i_ggx64\x64\性能向导\2炮2兵对1马.obj
h:\surface\prog\newgg\i_ggx64\x64\性能向导\1车1马2兵对1车1马.obj
h:\surface\prog\newgg\i_ggx64\x64\性能向导\2炮2兵对2马.obj
h:\surface\prog\newgg\i_ggx64\x64\性能向导\1炮3兵对3兵.obj
h:\surface\prog\newgg\i_ggx64\x64\性能向导\1车1马2兵对1车2炮.obj
h:\surface\prog\newgg\i_ggx64\x64\性能向导\1马3兵对1炮2兵.obj
h:\surface\prog\newgg\i_ggx64\x64\性能向导\2马2兵对1车2兵.obj
h:\surface\prog\newgg\i_ggx64\x64\性能向导\1马3兵对4兵.obj
h:\surface\prog\newgg\i_ggx64\x64\性能向导\2炮3兵对1车.obj
h:\surface\prog\newgg\i_ggx64\x64\性能向导\1车1马3兵对2车.obj
h:\surface\prog\newgg\i_ggx64\x64\性能向导\2炮3兵对1车1兵.obj
h:\surface\prog\newgg\i_ggx64\x64\性能向导\1炮4兵对3兵.obj
h:\surface\prog\newgg\i_ggx64\x64\性能向导\1车1马3兵对2车1兵.obj
h:\surface\prog\newgg\i_ggx64\x64\性能向导\2炮3兵对1炮1马1兵.obj
h:\surface\prog\newgg\i_ggx64\x64\性能向导\2马3兵对2炮1马.obj
h:\surface\prog\newgg\i_ggx64\x64\性能向导\1车1马3兵对1车1马2兵.obj
h:\surface\prog\newgg\i_ggx64\x64\性能向导\2马3兵对1炮1马2兵.obj
h:\surface\prog\newgg\i_ggx64\x64\性能向导\2车3兵对1车2炮2兵.obj
h:\surface\prog\newgg\i_ggx64\x64\性能向导\1炮5兵对2兵.obj
h:\surface\prog\newgg\i_ggx64\x64\性能向导\1马5兵对2炮.obj
h:\surface\prog\newgg\i_ggx64\x64\性能向导\1炮2马3兵对1炮2马.obj
h:\surface\prog\newgg\i_ggx64\x64\性能向导\1车1马4兵对1车1炮1马.obj
h:\surface\prog\newgg\i_ggx64\x64\性能向导\2炮1马3兵对1车1炮1兵.obj
h:\surface\prog\newgg\i_ggx64\x64\性能向导\1炮5兵对4兵.obj
h:\surface\prog\newgg\i_ggx64\x64\性能向导\1炮1马4兵对2炮1马2兵.obj
h:\surface\prog\newgg\i_ggx64\x64\性能向导\1车2马3兵对2炮2马2兵.obj
h:\surface\prog\newgg\i_ggx64\x64\性能向导\1马1炮5兵对2马.obj
h:\surface\prog\newgg\i_ggx64\x64\性能向导\1车1炮1马4兵对1车2炮.obj
h:\surface\prog\newgg\i_ggx64\x64\性能向导\1车2马4兵对1车2炮.obj
h:\surface\prog\newgg\i_ggx64\x64\性能向导\2马5兵对1马2兵.obj
h:\surface\prog\newgg\i_ggx64\x64\性能向导\1车1炮2马3兵对2车1马2兵.obj
h:\surface\prog\newgg\i_ggx64\x64\性能向导\1炮2马5兵对1车1兵.obj
h:\surface\prog\newgg\i_ggx64\x64\性能向导\2炮1马5兵对2炮1马1兵.obj
h:\surface\prog\newgg\i_ggx64\x64\性能向导\第2次_棋子.obj
h:\surface\prog\newgg\i_ggx64\x64\性能向导\pos_unmake_test.obj
h:\surface\prog\newgg\i_ggx64\x64\性能向导\1车1炮2兵对1车1炮1马.obj
h:\surface\prog\newgg\i_ggx64\x64\性能向导\aes.obj
h:\surface\prog\newgg\i_ggx64\x64\性能向导\1马对1兵.obj
h:\surface\prog\newgg\i_ggx64\x64\性能向导\2炮对1车.obj
h:\surface\prog\newgg\i_ggx64\x64\性能向导\2兵对2兵.obj
h:\surface\prog\newgg\i_ggx64\x64\性能向导\1车2兵对1炮.obj
h:\surface\prog\newgg\i_ggx64\x64\性能向导\1炮2兵对1车1兵.obj
h:\surface\prog\newgg\i_ggx64\x64\性能向导\1车2炮对1车1炮.obj
h:\surface\prog\newgg\i_ggx64\x64\性能向导\2马1兵对2炮.obj
h:\surface\prog\newgg\i_ggx64\x64\性能向导\1车1马1兵对1炮2兵.obj
h:\surface\prog\newgg\i_ggx64\x64\性能向导\2炮1马对2马1兵.obj
h:\surface\prog\newgg\i_ggx64\x64\性能向导\2炮2兵对1炮.obj
h:\surface\prog\newgg\i_ggx64\x64\性能向导\1车1马2兵对2车.obj
h:\surface\prog\newgg\i_ggx64\x64\性能向导\2车1马1兵对2车.obj
h:\surface\prog\newgg\i_ggx64\x64\性能向导\1车1炮1马1兵对1车1炮1马.obj
h:\surface\prog\newgg\i_ggx64\x64\性能向导\1车1马2兵对1马2兵.obj
h:\surface\prog\newgg\i_ggx64\x64\性能向导\2炮1马1兵对2炮1马.obj
h:\surface\prog\newgg\i_ggx64\x64\性能向导\2马2兵对2马1兵.obj
h:\surface\prog\newgg\i_ggx64\x64\性能向导\2炮2兵对2马2兵.obj
h:\surface\prog\newgg\i_ggx64\x64\性能向导\2马3兵对1炮.obj
h:\surface\prog\newgg\i_ggx64\x64\性能向导\1车4兵对1车1兵.obj
h:\surface\prog\newgg\i_ggx64\x64\性能向导\2马3兵对1炮1兵.obj
h:\surface\prog\newgg\i_ggx64\x64\性能向导\1车1炮3兵对1车1马1兵.obj
h:\surface\prog\newgg\i_ggx64\x64\性能向导\1车4兵对1炮2兵.obj
h:\surface\prog\newgg\i_ggx64\x64\性能向导\2车3兵对1车1炮1兵.obj
h:\surface\prog\newgg\i_ggx64\x64\性能向导\1车1炮1马2兵对1车1马2兵.obj
h:\surface\prog\newgg\i_ggx64\x64\性能向导\2炮1马2兵对1炮1马2兵.obj
h:\surface\prog\newgg\i_ggx64\x64\性能向导\1车2炮2兵对1车1炮1马2兵.obj
h:\surface\prog\newgg\i_ggx64\x64\性能向导\2炮4兵对1炮.obj
h:\surface\prog\newgg\i_ggx64\x64\性能向导\1车5兵对1马1兵.obj
h:\surface\prog\newgg\i_ggx64\x64\性能向导\2马4兵对1炮1兵.obj
h:\surface\prog\newgg\i_ggx64\x64\性能向导\1车1炮4兵对2炮1兵.obj
h:\surface\prog\newgg\i_ggx64\x64\性能向导\1车5兵对1马2兵.obj
h:\surface\prog\newgg\i_ggx64\x64\性能向导\2马4兵对1炮2兵.obj
h:\surface\prog\newgg\i_ggx64\x64\性能向导\1车5兵对2炮1马1兵.obj
h:\surface\prog\newgg\i_ggx64\x64\性能向导\2炮2马2兵对1车1马3兵.obj
h:\surface\prog\newgg\i_ggx64\x64\性能向导\1车1炮1马4兵对2车.obj
h:\surface\prog\newgg\i_ggx64\x64\性能向导\1炮1马5兵对1炮2马.obj
h:\surface\prog\newgg\i_ggx64\x64\性能向导\1车1马5兵对1车1炮1兵.obj
h:\surface\prog\newgg\i_ggx64\x64\性能向导\2车5兵对1车1马1兵.obj
h:\surface\prog\newgg\i_ggx64\x64\性能向导\1车2马4兵对1车1炮1马1兵.obj
h:\surface\prog\newgg\i_ggx64\x64\性能向导\1车1炮2马3兵对1车1炮1马3兵.obj
h:\surface\prog\newgg\i_ggx64\x64\性能向导\2车1炮5兵对2车1炮.obj
h:\surface\prog\newgg\i_ggx64\x64\性能向导\eval_only_1chexpaoxpawnnoshi.obj
h:\surface\prog\newgg\i_ggx64\x64\性能向导\pos_mate.obj
h:\surface\prog\newgg\i_ggx64\x64\性能向导\1车2炮2兵对1车2炮1马.obj
h:\surface\prog\newgg\i_ggx64\x64\性能向导\main.obj
h:\surface\prog\newgg\i_ggx64\x64\性能向导\2车对1车.obj
h:\surface\prog\newgg\i_ggx64\x64\性能向导\2炮对1炮1马.obj
h:\surface\prog\newgg\i_ggx64\x64\性能向导\1马2兵对1炮.obj
h:\surface\prog\newgg\i_ggx64\x64\性能向导\1炮2马对1车1马.obj
h:\surface\prog\newgg\i_ggx64\x64\性能向导\1马2兵对1马1炮.obj
h:\surface\prog\newgg\i_ggx64\x64\性能向导\1炮1马1兵对2马1兵.obj
h:\surface\prog\newgg\i_ggx64\x64\性能向导\1车2兵对1炮1马1兵.obj
h:\surface\prog\newgg\i_ggx64\x64\性能向导\2马1兵对1马2兵.obj
h:\surface\prog\newgg\i_ggx64\x64\性能向导\4兵对1车.obj
h:\surface\prog\newgg\i_ggx64\x64\性能向导\1车3兵对1车1炮.obj
h:\surface\prog\newgg\i_ggx64\x64\性能向导\2马2兵对2马.obj
h:\surface\prog\newgg\i_ggx64\x64\性能向导\1车1炮2兵对1炮1马1兵.obj
h:\surface\prog\newgg\i_ggx64\x64\性能向导\1车2炮1兵对1车2炮.obj
h:\surface\prog\newgg\i_ggx64\x64\性能向导\2炮2兵对2炮1兵.obj
h:\surface\prog\newgg\i_ggx64\x64\性能向导\1车1炮1马1兵对1车1炮1马1兵.obj
h:\surface\prog\newgg\i_ggx64\x64\性能向导\5兵对无.obj
h:\surface\prog\newgg\i_ggx64\x64\性能向导\1炮1马3兵对1车1炮.obj
h:\surface\prog\newgg\i_ggx64\x64\性能向导\1车4兵对2马.obj
h:\surface\prog\newgg\i_ggx64\x64\性能向导\5兵对2兵.obj
h:\surface\prog\newgg\i_ggx64\x64\性能向导\1车1炮3兵对1马2兵.obj
h:\surface\prog\newgg\i_ggx64\x64\性能向导\1车4兵对1车1马1兵.obj
h:\surface\prog\newgg\i_ggx64\x64\性能向导\2车3兵对1车2炮.obj
h:\surface\prog\newgg\i_ggx64\x64\性能向导\1车1炮2马1兵对2车2兵.obj
h:\surface\prog\newgg\i_ggx64\x64\性能向导\2炮1马2兵对1车1炮2兵.obj
h:\surface\prog\newgg\i_ggx64\x64\性能向导\1马4兵对5兵.obj
h:\surface\prog\newgg\i_ggx64\x64\性能向导\2炮4兵对1马.obj
h:\surface\prog\newgg\i_ggx64\x64\性能向导\1车5兵对2炮.obj
h:\surface\prog\newgg\i_ggx64\x64\性能向导\2马4兵对1炮1马.obj
h:\surface\prog\newgg\i_ggx64\x64\性能向导\1车1炮4兵对2车1兵.obj
h:\surface\prog\newgg\i_ggx64\x64\性能向导\1车5兵对2炮1兵.obj
h:\surface\prog\newgg\i_ggx64\x64\性能向导\2马4兵对1车2兵.obj
h:\surface\prog\newgg\i_ggx64\x64\性能向导\2炮1马3兵对2炮1马1兵.obj
h:\surface\prog\newgg\i_ggx64\x64\性能向导\2车1炮1马2兵对2车3兵.obj
h:\surface\prog\newgg\i_ggx64\x64\性能向导\1车1炮5兵对1车1马.obj
h:\surface\prog\newgg\i_ggx64\x64\性能向导\1炮1马5兵对1马2兵.obj
h:\surface\prog\newgg\i_ggx64\x64\性能向导\1车1马5兵对1车1马1兵.obj
h:\surface\prog\newgg\i_ggx64\x64\性能向导\2车5兵对1车2炮.obj
h:\surface\prog\newgg\i_ggx64\x64\性能向导\2炮1马4兵对2炮1马1兵.obj
h:\surface\prog\newgg\i_ggx64\x64\性能向导\1车1炮5兵对2炮2马2兵.obj
h:\surface\prog\newgg\i_ggx64\x64\性能向导\2车1炮5兵对2车1马.obj
h:\surface\prog\newgg\i_ggx64\x64\性能向导\fen_eval_test.obj
h:\surface\prog\newgg\i_ggx64\x64\性能向导\pos_move.obj
h:\surface\prog\newgg\i_ggx64\x64\性能向导\1车1炮1马1兵对1车1炮1兵.obj
h:\surface\prog\newgg\i_ggx64\x64\性能向导\2炮2马4兵对1车1炮1马1兵.obj
h:\surface\prog\newgg\i_ggx64\x64\性能向导\1炮1兵对1车.obj
h:\surface\prog\newgg\i_ggx64\x64\性能向导\1炮1兵对2兵.obj
h:\surface\prog\newgg\i_ggx64\x64\性能向导\2车对1车1炮.obj
h:\surface\prog\newgg\i_ggx64\x64\性能向导\2马1兵对1兵.obj
h:\surface\prog\newgg\i_ggx64\x64\性能向导\1车1炮1马对2车.obj
h:\surface\prog\newgg\i_ggx64\x64\性能向导\2炮1兵对1车1兵.obj
h:\surface\prog\newgg\i_ggx64\x64\性能向导\1炮2马对2炮1兵.obj
h:\surface\prog\newgg\i_ggx64\x64\性能向导\1车2兵对2炮1马.obj
h:\surface\prog\newgg\i_ggx64\x64\性能向导\1炮1马2兵对1车.obj
h:\surface\prog\newgg\i_ggx64\x64\性能向导\1炮1马2兵对2马.obj
h:\surface\prog\newgg\i_ggx64\x64\性能向导\1车3兵对2车.obj
h:\surface\prog\newgg\i_ggx64\x64\性能向导\1炮1马2兵对1炮2兵.obj
h:\surface\prog\newgg\i_ggx64\x64\性能向导\1车1炮2兵对1车2炮.obj
h:\surface\prog\newgg\i_ggx64\x64\性能向导\1车2马1兵对1车2马.obj
h:\surface\prog\newgg\i_ggx64\x64\性能向导\2车1炮1兵对2车1马.obj
h:\surface\prog\newgg\i_ggx64\x64\性能向导\1车1炮2兵对1车3兵.obj
h:\surface\prog\newgg\i_ggx64\x64\性能向导\1炮1马3兵对1马.obj
h:\surface\prog\newgg\i_ggx64\x64\性能向导\1炮2马2兵对1车1马.obj
h:\surface\prog\newgg\i_ggx64\x64\性能向导\1炮1马3兵对马炮.obj
h:\surface\prog\newgg\i_ggx64\x64\性能向导\1炮1马3兵对1车2兵.obj
h:\surface\prog\newgg\i_ggx64\x64\性能向导\1车1炮3兵对2车1马.obj
h:\surface\prog\newgg\i_ggx64\x64\性能向导\1车4兵对2炮1马.obj
h:\surface\prog\newgg\i_ggx64\x64\性能向导\2车3兵对2车1马.obj
h:\surface\prog\newgg\i_ggx64\x64\性能向导\1车1炮3兵对1车1炮2兵.obj
h:\surface\prog\newgg\i_ggx64\x64\性能向导\2炮3兵对1炮1马2兵.obj
h:\surface\prog\newgg\i_ggx64\x64\性能向导\2炮2马1兵对2炮1马2兵.obj
h:\surface\prog\newgg\i_ggx64\x64\性能向导\1炮1马4兵对1车1兵.obj
h:\surface\prog\newgg\i_ggx64\x64\性能向导\1马1炮4兵对2马.obj
h:\surface\prog\newgg\i_ggx64\x64\性能向导\1炮1马4兵对1炮2马.obj
h:\surface\prog\newgg\i_ggx64\x64\性能向导\1车1马4兵对1炮1马1兵.obj
h:\surface\prog\newgg\i_ggx64\x64\性能向导\1马5兵对1马2兵.obj
h:\surface\prog\newgg\i_ggx64\x64\性能向导\2马4兵对2马1兵.obj
h:\surface\prog\newgg\i_ggx64\x64\性能向导\2车4兵对2车1马1兵.obj
h:\surface\prog\newgg\i_ggx64\x64\性能向导\1车1炮1马3兵对1车2马3兵.obj
h:\surface\prog\newgg\i_ggx64\x64\性能向导\1马1炮5兵对1马1兵.obj
h:\surface\prog\newgg\i_ggx64\x64\性能向导\1炮2马5兵对2炮1马.obj
h:\surface\prog\newgg\i_ggx64\x64\性能向导\1车2炮4兵对1车2马.obj
h:\surface\prog\newgg\i_ggx64\x64\性能向导\2马5兵对1炮2马.obj
h:\surface\prog\newgg\i_ggx64\x64\性能向导\1车1炮2马3兵对1车1炮1马2兵.obj
h:\surface\prog\newgg\i_ggx64\x64\性能向导\1炮2马5兵对1车.obj
h:\surface\prog\newgg\i_ggx64\x64\性能向导\1车2炮5兵对1车1炮2马.obj
h:\surface\prog\newgg\i_ggx64\x64\性能向导\硬件信息.obj
h:\surface\prog\newgg\i_ggx64\x64\性能向导\misc.obj
h:\surface\prog\newgg\i_ggx64\x64\性能向导\1车1炮1马2兵对1车2马2兵.obj
h:\surface\prog\newgg\i_ggx64\x64\性能向导\1兵对1兵.obj
h:\surface\prog\newgg\i_ggx64\x64\性能向导\1马1兵对1炮.obj
h:\surface\prog\newgg\i_ggx64\x64\性能向导\1车1兵对2兵.obj
h:\surface\prog\newgg\i_ggx64\x64\性能向导\1炮1马1兵对1兵.obj
h:\surface\prog\newgg\i_ggx64\x64\性能向导\3兵对1马.obj
h:\surface\prog\newgg\i_ggx64\x64\性能向导\1车2兵对1车1炮.obj
h:\surface\prog\newgg\i_ggx64\x64\性能向导\2炮1马对1车1炮.obj
h:\surface\prog\newgg\i_ggx64\x64\性能向导\1车1炮1兵对2炮1马.obj
h:\surface\prog\newgg\i_ggx64\x64\性能向导\2炮1兵对2炮1兵.obj
h:\surface\prog\newgg\i_ggx64\x64\性能向导\1炮3兵对1炮.obj
h:\surface\prog\newgg\i_ggx64\x64\性能向导\1炮3兵对1马1兵.obj
h:\surface\prog\newgg\i_ggx64\x64\性能向导\1马3兵对2马.obj
h:\surface\prog\newgg\i_ggx64\x64\性能向导\1炮1马2兵对2炮1马.obj
h:\surface\prog\newgg\i_ggx64\x64\性能向导\1车1炮2兵对2车1马.obj
h:\surface\prog\newgg\i_ggx64\x64\性能向导\1车3兵对1车2兵.obj
h:\surface\prog\newgg\i_ggx64\x64\性能向导\2车2兵对1车2炮.obj
h:\surface\prog\newgg\i_ggx64\x64\性能向导\1车2炮1兵对1车1炮1马1兵.obj
h:\surface\prog\newgg\i_ggx64\x64\性能向导\1车4兵对1兵.obj
h:\surface\prog\newgg\i_ggx64\x64\性能向导\1炮4兵对2兵.obj
h:\surface\prog\newgg\i_ggx64\x64\性能向导\1马4兵对1炮1马.obj
h:\surface\prog\newgg\i_ggx64\x64\性能向导\1炮2马2兵对1炮2马.obj
h:\surface\prog\newgg\i_ggx64\x64\性能向导\1车1马3兵对1炮2马.obj
h:\surface\prog\newgg\i_ggx64\x64\性能向导\1马4兵对1马2兵.obj
h:\surface\prog\newgg\i_ggx64\x64\性能向导\2马3兵对1炮2兵.obj
h:\surface\prog\newgg\i_ggx64\x64\性能向导\1车1马3兵对1车3兵.obj
h:\surface\prog\newgg\i_ggx64\x64\性能向导\2马3兵对2马2兵.obj
h:\surface\prog\newgg\i_ggx64\x64\性能向导\1炮5兵对1炮.obj
h:\surface\prog\newgg\i_ggx64\x64\性能向导\1车1炮4兵对1车1马.obj
h:\surface\prog\newgg\i_ggx64\x64\性能向导\2炮4兵对1车1兵.obj
h:\surface\prog\newgg\i_ggx64\x64\性能向导\1车1炮4兵对1炮2马.obj
h:\surface\prog\newgg\i_ggx64\x64\性能向导\1车5兵对1炮1马1兵.obj
h:\surface\prog\newgg\i_ggx64\x64\性能向导\2车4兵对1车2炮.obj
h:\surface\prog\newgg\i_ggx64\x64\性能向导\1车2炮3兵对1车1炮2兵.obj
h:\surface\prog\newgg\i_ggx64\x64\性能向导\1车2炮3兵对1车2马2兵.obj
h:\surface\prog\newgg\i_ggx64\x64\性能向导\2马5兵对1马.obj
h:\surface\prog\newgg\i_ggx64\x64\性能向导\2马5兵对1马1兵.obj
h:\surface\prog\newgg\i_ggx64\x64\性能向导\1车1炮5兵对2车1马.obj
h:\surface\prog\newgg\i_ggx64\x64\性能向导\2车1炮4兵对2车1马.obj
h:\surface\prog\newgg\i_ggx64\x64\性能向导\1车2炮1马3兵对1车1炮1马1兵.obj
h:\surface\prog\newgg\i_ggx64\x64\性能向导\2车5兵对1车1炮2马1兵.obj
h:\surface\prog\newgg\i_ggx64\x64\性能向导\1车2马5兵对1车2炮.obj
h:\surface\prog\newgg\i_ggx64\x64\性能向导\initfunction9.obj
h:\surface\prog\newgg\i_ggx64\x64\性能向导\direction.obj
h:\surface\prog\newgg\i_ggx64\x64\性能向导\pos_init.obj
h:\surface\prog\newgg\i_ggx64\x64\性能向导\2马1兵对1车1马.obj
h:\surface\prog\newgg\i_ggx64\x64\性能向导\1车1炮2马3兵对2车2兵.obj
h:\surface\prog\newgg\i_ggx64\x64\性能向导\2炮对无.obj
h:\surface\prog\newgg\i_ggx64\x64\性能向导\1炮1兵对1马1兵.obj
h:\surface\prog\newgg\i_ggx64\x64\性能向导\2车对1炮1马.obj
h:\surface\prog\newgg\i_ggx64\x64\性能向导\2炮1兵对1车.obj
h:\surface\prog\newgg\i_ggx64\x64\性能向导\1车1炮1马对1车1兵.obj
h:\surface\prog\newgg\i_ggx64\x64\性能向导\2炮1兵对1炮1马.obj
h:\surface\prog\newgg\i_ggx64\x64\性能向导\1炮2马对1炮2马.obj
h:\surface\prog\newgg\i_ggx64\x64\性能向导\1车2兵对2炮1兵.obj
h:\surface\prog\newgg\i_ggx64\x64\性能向导\1炮1马2兵对1炮.obj
h:\surface\prog\newgg\i_ggx64\x64\性能向导\1炮1马2兵对2炮.obj
h:\surface\prog\newgg\i_ggx64\x64\性能向导\1车3兵对2炮.obj
h:\surface\prog\newgg\i_ggx64\x64\性能向导\1炮1马2兵对1炮1马1兵.obj
h:\surface\prog\newgg\i_ggx64\x64\性能向导\1车1炮2兵对1车2兵.obj
h:\surface\prog\newgg\i_ggx64\x64\性能向导\1车2马1兵对1车2炮.obj
h:\surface\prog\newgg\i_ggx64\x64\性能向导\2车1炮1兵对2车1炮.obj
h:\surface\prog\newgg\i_ggx64\x64\性能向导\1车1炮2兵对1车1马2兵.obj
h:\surface\prog\newgg\i_ggx64\x64\性能向导\1炮1马3兵对1车.obj
h:\surface\prog\newgg\i_ggx64\x64\性能向导\1炮2马2兵对1车1炮.obj
h:\surface\prog\newgg\i_ggx64\x64\性能向导\1炮1马3兵对马兵.obj
h:\surface\prog\newgg\i_ggx64\x64\性能向导\1炮1马3兵对1炮2马.obj
h:\surface\prog\newgg\i_ggx64\x64\性能向导\1车1炮3兵对2车1炮.obj
h:\surface\prog\newgg\i_ggx64\x64\性能向导\1车4兵对2炮1兵.obj
h:\surface\prog\newgg\i_ggx64\x64\性能向导\2车3兵对2车1炮.obj
h:\surface\prog\newgg\i_ggx64\x64\性能向导\1车1炮3兵对1车1马2兵.obj
h:\surface\prog\newgg\i_ggx64\x64\性能向导\2炮3兵对2炮2兵.obj
h:\surface\prog\newgg\i_ggx64\x64\性能向导\2炮3兵对1炮1马3兵.obj
h:\surface\prog\newgg\i_ggx64\x64\性能向导\1炮2马3兵对1车1炮.obj
h:\surface\prog\newgg\i_ggx64\x64\性能向导\1马1炮4兵对1炮1兵.obj
h:\surface\prog\newgg\i_ggx64\x64\性能向导\1炮1马4兵对1车2兵.obj
h:\surface\prog\newgg\i_ggx64\x64\性能向导\1车1马4兵对1炮2兵.obj
h:\surface\prog\newgg\i_ggx64\x64\性能向导\1马5兵对3兵.obj
h:\surface\prog\newgg\i_ggx64\x64\性能向导\1炮1马4兵对1炮1马2兵.obj
h:\surface\prog\newgg\i_ggx64\x64\性能向导\1炮1马4兵对1炮1马3兵.obj
h:\surface\prog\newgg\i_ggx64\x64\性能向导\1车2炮3兵对1车2马3兵.obj
h:\surface\prog\newgg\i_ggx64\x64\性能向导\2炮1马4兵对1车1炮.obj
h:\surface\prog\newgg\i_ggx64\x64\性能向导\1车1炮1马4兵对2车1兵.obj
h:\surface\prog\newgg\i_ggx64\x64\性能向导\1车2马4兵对2车1兵.obj
h:\surface\prog\newgg\i_ggx64\x64\性能向导\2马5兵对2炮1马.obj
h:\surface\prog\newgg\i_ggx64\x64\性能向导\1车1炮5兵对2炮2马1兵.obj
h:\surface\prog\newgg\i_ggx64\x64\性能向导\1车1炮1马5兵对2车.obj
h:\surface\prog\newgg\i_ggx64\x64\性能向导\2炮2马4兵对1车2炮2兵.obj
h:\surface\prog\newgg\i_ggx64\x64\性能向导\eval_空炮.obj
h:\surface\prog\newgg\i_ggx64\x64\性能向导\uci.obj
h:\surface\prog\newgg\i_ggx64\x64\性能向导\1车1炮1马3兵对1车2炮1马1兵.obj
h:\surface\prog\newgg\i_ggx64\x64\性能向导\2炮1马5兵对1车1马3兵.obj
h:\surface\prog\newgg\i_ggx64\x64\性能向导\1车1兵对1马.obj
h:\surface\prog\newgg\i_ggx64\x64\性能向导\1车1兵对1马1兵.obj
h:\surface\prog\newgg\i_ggx64\x64\性能向导\2车对2炮.obj
h:\surface\prog\newgg\i_ggx64\x64\性能向导\3兵对1兵.obj
h:\surface\prog\newgg\i_ggx64\x64\性能向导\1车2兵对1车1马.obj
h:\surface\prog\newgg\i_ggx64\x64\性能向导\2车1炮对2车.obj
h:\surface\prog\newgg\i_ggx64\x64\性能向导\1车1炮1马对1车1马1兵.obj
h:\surface\prog\newgg\i_ggx64\x64\性能向导\2炮1马对2炮1马.obj
h:\surface\prog\newgg\i_ggx64\x64\性能向导\1车3兵对1马.obj
h:\surface\prog\newgg\i_ggx64\x64\性能向导\1炮3兵对2兵.obj
h:\surface\prog\newgg\i_ggx64\x64\性能向导\2炮1马1兵对1车1兵.obj
h:\surface\prog\newgg\i_ggx64\x64\性能向导\1炮3兵对1炮2兵.obj
h:\surface\prog\newgg\i_ggx64\x64\性能向导\1车1马2兵对1车2兵.obj
h:\surface\prog\newgg\i_ggx64\x64\性能向导\1马3兵对1炮1马1兵.obj
h:\surface\prog\newgg\i_ggx64\x64\性能向导\2马2兵对1马2兵.obj
h:\surface\prog\newgg\i_ggx64\x64\性能向导\2炮1马1兵对1炮1马2兵.obj
h:\surface\prog\newgg\i_ggx64\x64\性能向导\2马3兵对1兵.obj
h:\surface\prog\newgg\i_ggx64\x64\性能向导\1车2马2兵对1车1马.obj
h:\surface\prog\newgg\i_ggx64\x64\性能向导\2马3兵对2马.obj
h:\surface\prog\newgg\i_ggx64\x64\性能向导\1车1炮1马2兵对1车2炮.obj
h:\surface\prog\newgg\i_ggx64\x64\性能向导\1车2炮2兵对1车2炮.obj
h:\surface\prog\newgg\i_ggx64\x64\性能向导\2炮3兵对1车2兵.obj
h:\surface\prog\newgg\i_ggx64\x64\性能向导\1炮1马3兵对2马2兵.obj
h:\surface\prog\newgg\i_ggx64\x64\性能向导\1车1马3兵对2炮1马1兵.obj
h:\surface\prog\newgg\i_ggx64\x64\性能向导\1炮1马3兵对2炮3兵.obj
h:\surface\prog\newgg\i_ggx64\x64\性能向导\1炮5兵对1车.obj
h:\surface\prog\newgg\i_ggx64\x64\性能向导\1炮2马3兵对1车1兵.obj
h:\surface\prog\newgg\i_ggx64\x64\性能向导\1马1炮4兵对1马1兵.obj
h:\surface\prog\newgg\i_ggx64\x64\性能向导\1炮1马4兵对1马2兵.obj
h:\surface\prog\newgg\i_ggx64\x64\性能向导\1车1马4兵对1车1马1兵.obj
h:\surface\prog\newgg\i_ggx64\x64\性能向导\2炮1马3兵对1炮2马.obj
h:\surface\prog\newgg\i_ggx64\x64\性能向导\1车1炮1马3兵对1车1炮2马.obj
h:\surface\prog\newgg\i_ggx64\x64\性能向导\1车1炮1马3兵对1车1炮1马2兵.obj
h:\surface\prog\newgg\i_ggx64\x64\性能向导\1炮1马5兵对1兵.obj
h:\surface\prog\newgg\i_ggx64\x64\性能向导\2炮1马4兵对1车1马.obj
h:\surface\prog\newgg\i_ggx64\x64\性能向导\1车1炮5兵对1炮1马1兵.obj
h:\surface\prog\newgg\i_ggx64\x64\性能向导\2炮1马4兵对1炮2马.obj
h:\surface\prog\newgg\i_ggx64\x64\性能向导\2马5兵对2马1兵.obj
h:\surface\prog\newgg\i_ggx64\x64\性能向导\1车1炮5兵对2炮1马2兵.obj
h:\surface\prog\newgg\i_ggx64\x64\性能向导\1炮2马5兵对1车1马.obj
h:\surface\prog\newgg\i_ggx64\x64\性能向导\1车1炮1马5兵对2车1炮2兵.obj
h:\surface\prog\newgg\i_ggx64\x64\性能向导\eval_king_fisrt.obj
h:\surface\prog\newgg\i_ggx64\x64\性能向导\search.obj
h:\surface\prog\newgg\i_ggx64\x64\性能向导\2车1马对2车.obj
h:\surface\prog\newgg\i_ggx64\x64\性能向导\2马4兵对2炮1马2兵.obj
h:\surface\prog\newgg\i_ggx64\x64\性能向导\1马对1马.obj
h:\surface\prog\newgg\i_ggx64\x64\性能向导\2马对1炮.obj
h:\surface\prog\newgg\i_ggx64\x64\性能向导\2炮对1马1兵.obj
h:\surface\prog\newgg\i_ggx64\x64\性能向导\1马2兵对1车.obj
h:\surface\prog\newgg\i_ggx64\x64\性能向导\1车1炮1兵对1车1炮.obj
h:\surface\prog\newgg\i_ggx64\x64\性能向导\1马2兵对2炮.obj
h:\surface\prog\newgg\i_ggx64\x64\性能向导\1炮2兵对1马2兵.obj
h:\surface\prog\newgg\i_ggx64\x64\性能向导\1车2兵对1车2兵.obj
h:\surface\prog\newgg\i_ggx64\x64\性能向导\4兵对无.obj
h:\surface\prog\newgg\i_ggx64\x64\性能向导\1炮1马2兵对1马1兵.obj
h:\surface\prog\newgg\i_ggx64\x64\性能向导\1车3兵对1马1炮.obj
h:\surface\prog\newgg\i_ggx64\x64\性能向导\4兵对1马1兵.obj
h:\surface\prog\newgg\i_ggx64\x64\性能向导\1车1炮2兵对1车1炮1兵.obj
h:\surface\prog\newgg\i_ggx64\x64\性能向导\1车2马1兵对1车1炮1马.obj
h:\surface\prog\newgg\i_ggx64\x64\性能向导\2炮2兵对2马1兵.obj
h:\surface\prog\newgg\i_ggx64\x64\性能向导\1车1炮1马1兵对1车1炮2兵.obj
h:\surface\prog\newgg\i_ggx64\x64\性能向导\1炮1马3兵对1兵.obj
h:\surface\prog\newgg\i_ggx64\x64\性能向导\1炮1马3兵对2马.obj
h:\surface\prog\newgg\i_ggx64\x64\性能向导\1炮1马3兵对2炮.obj
h:\surface\prog\newgg\i_ggx64\x64\性能向导\1炮1马3兵对1炮2兵.obj
h:\surface\prog\newgg\i_ggx64\x64\性能向导\1车1炮3兵对2炮1马.obj
h:\surface\prog\newgg\i_ggx64\x64\性能向导\1车4兵对1车2兵.obj
h:\surface\prog\newgg\i_ggx64\x64\性能向导\2车3兵对1车2马.obj
h:\surface\prog\newgg\i_ggx64\x64\性能向导\1车1炮3兵对1炮2马1兵.obj
h:\surface\prog\newgg\i_ggx64\x64\性能向导\2炮2马1兵对1车1炮2兵.obj
h:\surface\prog\newgg\i_ggx64\x64\性能向导\2炮2马1兵对1炮2马2兵.obj
h:\surface\prog\newgg\i_ggx64\x64\性能向导\2马4兵对1车.obj
h:\surface\prog\newgg\i_ggx64\x64\性能向导\1车5兵对2车.obj
h:\surface\prog\newgg\i_ggx64\x64\性能向导\2马4兵对1车1兵.obj
h:\surface\prog\newgg\i_ggx64\x64\性能向导\1车1炮4兵对2车1炮.obj
h:\surface\prog\newgg\i_ggx64\x64\性能向导\1车5兵对2炮1马.obj
h:\surface\prog\newgg\i_ggx64\x64\性能向导\2马4兵对1炮2马.obj
h:\surface\prog\newgg\i_ggx64\x64\性能向导\2炮1马3兵对1炮2马1兵.obj
h:\surface\prog\newgg\i_ggx64\x64\性能向导\2车1炮3兵对2车1马2兵.obj
h:\surface\prog\newgg\i_ggx64\x64\性能向导\1车1炮5兵对2车.obj
h:\surface\prog\newgg\i_ggx64\x64\性能向导\1炮1马5兵对2炮1兵.obj
h:\surface\prog\newgg\i_ggx64\x64\性能向导\1车1马5兵对1车2兵.obj
h:\surface\prog\newgg\i_ggx64\x64\性能向导\2车5兵对1车2马.obj
h:\surface\prog\newgg\i_ggx64\x64\性能向导\2炮2马3兵对1车1炮1马1兵.obj
h:\surface\prog\newgg\i_ggx64\x64\性能向导\1车1马5兵对2炮2马2兵.obj
h:\surface\prog\newgg\i_ggx64\x64\性能向导\2车1马5兵对2车1马.obj
h:\surface\prog\newgg\i_ggx64\x64\性能向导\pawns.obj
h:\surface\prog\newgg\i_ggx64\x64\性能向导\pos_pin_att.obj
h:\surface\prog\newgg\i_ggx64\x64\性能向导\2车1炮对2车1兵.obj
h:\surface\prog\newgg\i_ggx64\x64\性能向导\1车1炮1马3兵对1车1马4兵.obj
h:\surface\prog\newgg\i_ggx64\x64\性能向导\1炮1兵对无.obj
h:\surface\prog\newgg\i_ggx64\x64\性能向导\2马对1马.obj
h:\surface\prog\newgg\i_ggx64\x64\性能向导\2炮对2炮.obj
h:\surface\prog\newgg\i_ggx64\x64\性能向导\2炮1兵对1兵.obj
h:\surface\prog\newgg\i_ggx64\x64\性能向导\1车1炮1兵对1车1兵.obj
h:\surface\prog\newgg\i_ggx64\x64\性能向导\1马2兵对2兵.obj
h:\surface\prog\newgg\i_ggx64\x64\性能向导\1炮2兵对3兵.obj
h:\surface\prog\newgg\i_ggx64\x64\性能向导\1车2兵对1炮2马.obj
h:\surface\prog\newgg\i_ggx64\x64\性能向导\3兵对3兵.obj
h:\surface\prog\newgg\i_ggx64\x64\性能向导\1炮1马2兵对1车1兵.obj
h:\surface\prog\newgg\i_ggx64\x64\性能向导\1车3兵对1马1兵.obj
h:\surface\prog\newgg\i_ggx64\x64\性能向导\4兵对1车1兵.obj
h:\surface\prog\newgg\i_ggx64\x64\性能向导\1车1炮2兵对1炮2马.obj
h:\surface\prog\newgg\i_ggx64\x64\性能向导\1车2炮1兵对2车1兵.obj
h:\surface\prog\newgg\i_ggx64\x64\性能向导\2炮2兵对2炮1马.obj
h:\surface\prog\newgg\i_ggx64\x64\性能向导\1炮3兵对4兵.obj
h:\surface\prog\newgg\i_ggx64\x64\性能向导\4兵对4兵.obj
h:\surface\prog\newgg\i_ggx64\x64\性能向导\1炮1马3兵对1车1兵.obj
h:\surface\prog\newgg\i_ggx64\x64\性能向导\1车4兵对2车.obj
h:\surface\prog\newgg\i_ggx64\x64\性能向导\5兵对1马1兵.obj
h:\surface\prog\newgg\i_ggx64\x64\性能向导\1车1炮3兵对2炮1兵.obj
h:\surface\prog\newgg\i_ggx64\x64\性能向导\1车4兵对1车1炮1兵.obj
h:\surface\prog\newgg\i_ggx64\x64\性能向导\2车3兵对1车2兵.obj
h:\surface\prog\newgg\i_ggx64\x64\性能向导\1车1炮1马2兵对1车2马1兵.obj
h:\surface\prog\newgg\i_ggx64\x64\性能向导\2炮1马2兵对2炮1马1兵.obj
h:\surface\prog\newgg\i_ggx64\x64\性能向导\2炮1马2兵对1炮2马2兵.obj
h:\surface\prog\newgg\i_ggx64\x64\性能向导\2马4兵对1炮.obj
h:\surface\prog\newgg\i_ggx64\x64\性能向导\1车5兵对2兵.obj
h:\surface\prog\newgg\i_ggx64\x64\性能向导\2马4兵对1马1兵.obj
h:\surface\prog\newgg\i_ggx64\x64\性能向导\1车1炮4兵对2车1马.obj
h:\surface\prog\newgg\i_ggx64\x64\性能向导\1马5兵对1炮2兵.obj
h:\surface\prog\newgg\i_ggx64\x64\性能向导\2马4兵对2炮1马.obj
h:\surface\prog\newgg\i_ggx64\x64\性能向导\2车4兵对1车1炮1马1兵.obj
h:\surface\prog\newgg\i_ggx64\x64\性能向导\2车4兵对1车2炮1马1兵.obj
h:\surface\prog\newgg\i_ggx64\x64\性能向导\1车1马5兵对2车_not.obj
h:\surface\prog\newgg\i_ggx64\x64\性能向导\1炮2马4兵对1炮2马.obj
h:\surface\prog\newgg\i_ggx64\x64\性能向导\1车1马5兵对2炮1马.obj
h:\surface\prog\newgg\i_ggx64\x64\性能向导\2车5兵对2车1马.obj
h:\surface\prog\newgg\i_ggx64\x64\性能向导\1炮2马4兵对2炮1马1兵.obj
h:\surface\prog\newgg\i_ggx64\x64\性能向导\1车2炮1马3兵对1车2炮1马3兵.obj
h:\surface\prog\newgg\i_ggx64\x64\性能向导\1车1炮2马4兵对2车2兵.obj
h:\surface\prog\newgg\i_ggx64\x64\性能向导\wmi_devicequery.obj
h:\surface\prog\newgg\i_ggx64\x64\性能向导\s_endgame.obj
h:\surface\prog\newgg\i_ggx64\x64\性能向导\1车1马对1炮1马.obj
h:\surface\prog\newgg\i_ggx64\x64\性能向导\2车4兵对1车1炮2马2兵.obj
h:\surface\prog\newgg\i_ggx64\x64\性能向导\1马1兵对无.obj
h:\surface\prog\newgg\i_ggx64\x64\性能向导\1车1兵对1车.obj
h:\surface\prog\newgg\i_ggx64\x64\性能向导\3兵对无_nook.obj
h:\surface\prog\newgg\i_ggx64\x64\性能向导\1炮1马1兵对1车1炮.obj
h:\surface\prog\newgg\i_ggx64\x64\性能向导\1车2兵对1车1兵.obj
h:\surface\prog\newgg\i_ggx64\x64\性能向导\2马1兵对1车1兵.obj
h:\surface\prog\newgg\i_ggx64\x64\性能向导\1车1炮1兵对3兵.obj
h:\surface\prog\newgg\i_ggx64\x64\性能向导\2炮1马对1炮2马.obj
h:\surface\prog\newgg\i_ggx64\x64\性能向导\1车3兵对1炮.obj
h:\surface\prog\newgg\i_ggx64\x64\性能向导\1炮3兵对1炮1兵.obj
h:\surface\prog\newgg\i_ggx64\x64\性能向导\1马3兵对2炮.obj
h:\surface\prog\newgg\i_ggx64\x64\性能向导\1炮1马2兵对2马1兵.obj
h:\surface\prog\newgg\i_ggx64\x64\性能向导\1车1炮2兵对2马1兵.obj
h:\surface\prog\newgg\i_ggx64\x64\性能向导\1车3兵对1车1炮1兵.obj
h:\surface\prog\newgg\i_ggx64\x64\性能向导\2车2兵对1车2马.obj
h:\surface\prog\newgg\i_ggx64\x64\性能向导\1车2马1兵对1车1炮2兵.obj
h:\surface\prog\newgg\i_ggx64\x64\性能向导\1炮4兵对1马.obj
h:\surface\prog\newgg\i_ggx64\x64\性能向导\1炮4兵对2炮.obj
h:\surface\prog\newgg\i_ggx64\x64\性能向导\1马4兵对1马1兵.obj
h:\surface\prog\newgg\i_ggx64\x64\性能向导\1炮2马2兵对1车1马1兵.obj
h:\surface\prog\newgg\i_ggx64\x64\性能向导\1车1马3兵对1车1炮1马.obj
h:\surface\prog\newgg\i_ggx64\x64\性能向导\1马4兵对3兵.obj
h:\surface\prog\newgg\i_ggx64\x64\性能向导\5兵对1炮2兵.obj
h:\surface\prog\newgg\i_ggx64\x64\性能向导\1车1马3兵对2炮2马.obj
h:\surface\prog\newgg\i_ggx64\x64\性能向导\5兵对1马3兵.obj
h:\surface\prog\newgg\i_ggx64\x64\性能向导\1炮2马3兵对1车.obj
h:\surface\prog\newgg\i_ggx64\x64\性能向导\1炮5兵对1马1兵.obj
h:\surface\prog\newgg\i_ggx64\x64\性能向导\1马5兵对1炮1马.obj
h:\surface\prog\newgg\i_ggx64\x64\性能向导\1车1炮1马3兵对1车1炮1马.obj
h:\surface\prog\newgg\i_ggx64\x64\性能向导\1车2炮3兵对1车2马.obj
h:\surface\prog\newgg\i_ggx64\x64\性能向导\2车1炮3兵对2车1炮.obj
h:\surface\prog\newgg\i_ggx64\x64\性能向导\1车1炮4兵对1车2炮1兵.obj
h:\surface\prog\newgg\i_ggx64\x64\性能向导\1车1炮4兵对1车1炮1马2兵.obj
h:\surface\prog\newgg\i_ggx64\x64\性能向导\1炮2马4兵对1车.obj
h:\surface\prog\newgg\i_ggx64\x64\性能向导\2炮5兵对1马1兵.obj
h:\surface\prog\newgg\i_ggx64\x64\性能向导\1车1炮5兵对1车1炮1马.obj
h:\surface\prog\newgg\i_ggx64\x64\性能向导\2炮5兵对1炮1马1兵.obj
h:\surface\prog\newgg\i_ggx64\x64\性能向导\1车1炮2马3兵对1车1炮1马1兵.obj
h:\surface\prog\newgg\i_ggx64\x64\性能向导\1车2炮1马3兵对1车1炮1马2兵.obj
h:\surface\prog\newgg\i_ggx64\x64\性能向导\2炮1马5兵对1车1马.obj
h:\surface\prog\newgg\i_ggx64\x64\性能向导\1车1炮2马5兵对1车1炮2马2兵.obj
h:\surface\prog\newgg\i_ggx64\x64\性能向导\eval_中炮底炮.obj
h:\surface\prog\newgg\i_ggx64\x64\性能向导\1炮2马3兵对2炮1马2兵.obj
h:\surface\prog\newgg\i_ggx64\x64\性能向导\1马4兵对2马2兵.obj
h:\surface\prog\newgg\i_ggx64\x64\性能向导\1车2炮4兵对1车1炮2马2兵.obj
h:\surface\prog\newgg\i_ggx64\x64\性能向导\1炮1兵对1兵.obj
h:\surface\prog\newgg\i_ggx64\x64\性能向导\1炮1马对1马1炮.obj
h:\surface\prog\newgg\i_ggx64\x64\性能向导\2车对1车1兵.obj
h:\surface\prog\newgg\i_ggx64\x64\性能向导\2炮1马对1车.obj
h:\surface\prog\newgg\i_ggx64\x64\性能向导\1车1马1炮对1车1炮.obj
h:\surface\prog\newgg\i_ggx64\x64\性能向导\2炮1兵对1车1马.obj
h:\surface\prog\newgg\i_ggx64\x64\性能向导\1车1炮1兵对1炮2马.obj
h:\surface\prog\newgg\i_ggx64\x64\性能向导\1车2兵对3兵.obj
h:\surface\prog\newgg\i_ggx64\x64\性能向导\1炮3兵对1车.obj
h:\surface\prog\newgg\i_ggx64\x64\性能向导\1炮3兵对1车1兵.obj
h:\surface\prog\newgg\i_ggx64\x64\性能向导\1马3兵对2兵.obj
h:\surface\prog\newgg\i_ggx64\x64\性能向导\1炮2马1兵对1车1炮1兵.obj
h:\surface\prog\newgg\i_ggx64\x64\性能向导\1车1马2兵对1炮2兵.obj
h:\surface\prog\newgg\i_ggx64\x64\性能向导\1车3兵对2炮1马.obj
h:\surface\prog\newgg\i_ggx64\x64\性能向导\2车2兵对2车1马.obj
h:\surface\prog\newgg\i_ggx64\x64\性能向导\1车3兵对2炮1马1兵.obj
h:\surface\prog\newgg\i_ggx64\x64\性能向导\1马4兵对1车.obj
h:\surface\prog\newgg\i_ggx64\x64\性能向导\1车2炮2兵对2车.obj
h:\surface\prog\newgg\i_ggx64\x64\性能向导\2车3兵对2车.obj
h:\surface\prog\newgg\i_ggx64\x64\性能向导\1车1炮1马2兵对2车1兵.obj
h:\surface\prog\newgg\i_ggx64\x64\性能向导\1车2马2兵对1车1马1兵.obj
h:\surface\prog\newgg\i_ggx64\x64\性能向导\2车1炮2兵对2车1炮.obj
h:\surface\prog\newgg\i_ggx64\x64\性能向导\1炮2马2兵对2炮1马1兵.obj
h:\surface\prog\newgg\i_ggx64\x64\性能向导\1车4兵对1车3兵.obj
h:\surface\prog\newgg\i_ggx64\x64\性能向导\1车1炮3兵对2炮2马1兵.obj
h:\surface\prog\newgg\i_ggx64\x64\性能向导\1车5兵对1炮.obj
h:\surface\prog\newgg\i_ggx64\x64\性能向导\1车1马4兵对1车1马.obj
h:\surface\prog\newgg\i_ggx64\x64\性能向导\2炮1马3兵对1车1兵.obj
h:\surface\prog\newgg\i_ggx64\x64\性能向导\1车1炮1马3兵对1车2炮.obj
h:\surface\prog\newgg\i_ggx64\x64\性能向导\1车1马4兵对2炮1兵.obj
h:\surface\prog\newgg\i_ggx64\x64\性能向导\2炮4兵对1马2兵.obj
h:\surface\prog\newgg\i_ggx64\x64\性能向导\1车1炮4兵对1炮2马1兵.obj
h:\surface\prog\newgg\i_ggx64\x64\性能向导\1车1炮1马3兵对1车2炮2兵.obj
h:\surface\prog\newgg\i_ggx64\x64\性能向导\1炮1马5兵对1炮.obj
h:\surface\prog\newgg\i_ggx64\x64\性能向导\2炮5兵对1炮1兵.obj
h:\surface\prog\newgg\i_ggx64\x64\性能向导\1车1炮5兵对1炮2兵.obj
h:\surface\prog\newgg\i_ggx64\x64\性能向导\2炮1马4兵对2炮1马.obj
h:\surface\prog\newgg\i_ggx64\x64\性能向导\1炮2马4兵对1炮2马1兵.obj
h:\surface\prog\newgg\i_ggx64\x64\性能向导\1车1马5兵对1车1马3兵.obj
h:\surface\prog\newgg\i_ggx64\x64\性能向导\2炮1马5兵对1车1兵.obj
h:\surface\prog\newgg\i_ggx64\x64\性能向导\1车1炮1马5兵对2车1炮3兵.obj
h:\surface\prog\newgg\i_ggx64\x64\性能向导\eval_lack_shi_xiang.obj
h:\surface\prog\newgg\i_ggx64\x64\性能向导\s_see_draw_by_last_move.obj
h:\surface\prog\newgg\i_ggx64\x64\性能向导\1车1马2兵对1车1马2兵.obj
h:\surface\prog\newgg\i_ggx64\x64\性能向导\1车1炮2马3兵对2车1马1兵.obj
h:\surface\prog\newgg\i_ggx64\x64\性能向导\2兵对无.obj
h:\surface\prog\newgg\i_ggx64\x64\性能向导\1炮1兵对1炮1兵.obj
h:\surface\prog\newgg\i_ggx64\x64\性能向导\2炮对2马.obj
h:\surface\prog\newgg\i_ggx64\x64\性能向导\2炮1兵对1炮.obj
h:\surface\prog\newgg\i_ggx64\x64\性能向导\1车1炮1兵对2车.obj
h:\surface\prog\newgg\i_ggx64\x64\性能向导\2炮1兵对1炮1兵.obj
h:\surface\prog\newgg\i_ggx64\x64\性能向导\1炮2马对1炮1马1兵.obj
h:\surface\prog\newgg\i_ggx64\x64\性能向导\1车2兵对1马2兵.obj
h:\surface\prog\newgg\i_ggx64\x64\性能向导\1炮1马2兵对1兵.obj
h:\surface\prog\newgg\i_ggx64\x64\性能向导\1炮1马2兵对1炮1马.obj
h:\surface\prog\newgg\i_ggx64\x64\性能向导\1车3兵对2兵.obj
h:\surface\prog\newgg\i_ggx64\x64\性能向导\4兵对2兵.obj
h:\surface\prog\newgg\i_ggx64\x64\性能向导\1车1炮2兵对1车1马1兵.obj
h:\surface\prog\newgg\i_ggx64\x64\性能向导\1车2马1兵对1车1马1兵.obj
h:\surface\prog\newgg\i_ggx64\x64\性能向导\2炮2马对1车1炮1兵.obj
h:\surface\prog\newgg\i_ggx64\x64\性能向导\1车1炮2兵对1炮2马1兵.obj
h:\surface\prog\newgg\i_ggx64\x64\性能向导\1炮1马3兵对1炮.obj
h:\surface\prog\newgg\i_ggx64\x64\性能向导\1炮2马2兵对1车1兵.obj
h:\surface\prog\newgg\i_ggx64\x64\性能向导\1炮1马3兵对炮兵.obj
h:\surface\prog\newgg\i_ggx64\x64\性能向导\1炮1马3兵对1炮1马1兵.obj
h:\surface\prog\newgg\i_ggx64\x64\性能向导\1车1炮3兵对2车1兵.obj
h:\surface\prog\newgg\i_ggx64\x64\性能向导\1车4兵对1马2兵.obj
h:\surface\prog\newgg\i_ggx64\x64\性能向导\2车3兵对2车1兵.obj
h:\surface\prog\newgg\i_ggx64\x64\性能向导\1车1炮3兵对1车1炮1马1兵.obj
h:\surface\prog\newgg\i_ggx64\x64\性能向导\2炮2马1兵对1车1马2兵.obj
h:\surface\prog\newgg\i_ggx64\x64\性能向导\2炮1马2兵对2炮1马2兵.obj
h:\surface\prog\newgg\i_ggx64\x64\性能向导\2马4兵对1马.obj
h:\surface\prog\newgg\i_ggx64\x64\性能向导\1马1炮4兵对2炮.obj
h:\surface\prog\newgg\i_ggx64\x64\性能向导\1炮1马4兵对1炮1马1兵.obj
h:\surface\prog\newgg\i_ggx64\x64\性能向导\1车1炮4兵对3兵.obj
h:\surface\prog\newgg\i_ggx64\x64\性能向导\1车5兵对3兵.obj
h:\surface\prog\newgg\i_ggx64\x64\性能向导\2马4兵对2炮1兵.obj
h:\surface\prog\newgg\i_ggx64\x64\性能向导\2炮4兵对1炮1马2兵.obj
h:\surface\prog\newgg\i_ggx64\x64\性能向导\2车4兵对1车1炮2马1兵.obj
h:\surface\prog\newgg\i_ggx64\x64\性能向导\1车1马5兵对1车1马.obj
h:\surface\prog\newgg\i_ggx64\x64\性能向导\1炮1马5兵对2马1兵.obj
h:\surface\prog\newgg\i_ggx64\x64\性能向导\1车1马5兵对2炮1兵.obj
h:\surface\prog\newgg\i_ggx64\x64\性能向导\2车5兵对2车1炮.obj
h:\surface\prog\newgg\i_ggx64\x64\性能向导\1炮2马4兵对1炮2马2兵.obj
h:\surface\prog\newgg\i_ggx64\x64\性能向导\1车2马1炮3兵对2车4兵.obj
h:\surface\prog\newgg\i_ggx64\x64\性能向导\1炮2马5兵对2炮1马1兵.obj
h:\surface\prog\newgg\i_ggx64\x64\性能向导\timeman.obj
h:\surface\prog\newgg\i_ggx64\x64\性能向导\pos_see.obj
h:\surface\prog\newgg\i_ggx64\x64\性能向导\2炮1马1兵对2车.obj
h:\surface\prog\newgg\i_ggx64\x64\性能向导\mt_must_draww.obj
h:\surface\prog\newgg\i_ggx64\x64\性能向导\1车1兵对1兵.obj
h:\surface\prog\newgg\i_ggx64\x64\性能向导\1车1兵对1车1兵.obj
h:\surface\prog\newgg\i_ggx64\x64\性能向导\1炮1马1兵对1车.obj
h:\surface\prog\newgg\i_ggx64\x64\性能向导\1炮1马1兵对1车1兵.obj
h:\surface\prog\newgg\i_ggx64\x64\性能向导\1车2兵对1马1炮.obj
h:\surface\prog\newgg\i_ggx64\x64\性能向导\2炮1马对1车1马.obj
h:\surface\prog\newgg\i_ggx64\x64\性能向导\1车1炮1兵对1马2兵.obj
h:\surface\prog\newgg\i_ggx64\x64\性能向导\1马2兵对3兵.obj
h:\surface\prog\newgg\i_ggx64\x64\性能向导\1马3兵对1兵.obj
h:\surface\prog\newgg\i_ggx64\x64\性能向导\1车1炮2兵对1车1炮.obj
h:\surface\prog\newgg\i_ggx64\x64\性能向导\2炮2兵对1炮1马.obj
h:\surface\prog\newgg\i_ggx64\x64\性能向导\1炮3兵对2炮1兵.obj
h:\surface\prog\newgg\i_ggx64\x64\性能向导\1车1马2兵对1车1炮1马.obj
h:\surface\prog\newgg\i_ggx64\x64\性能向导\1马3兵对1马2兵.obj
h:\surface\prog\newgg\i_ggx64\x64\性能向导\2马2兵对1炮2兵.obj
h:\surface\prog\newgg\i_ggx64\x64\性能向导\2炮1马1兵对1炮2马1兵.obj
h:\surface\prog\newgg\i_ggx64\x64\性能向导\2炮3兵对1炮.obj
h:\surface\prog\newgg\i_ggx64\x64\性能向导\1车1炮3兵对2车.obj
h:\surface\prog\newgg\i_ggx64\x64\性能向导\2炮3兵对1炮1兵.obj
h:\surface\prog\newgg\i_ggx64\x64\性能向导\1炮4兵对1马2兵.obj
h:\surface\prog\newgg\i_ggx64\x64\性能向导\1车1马3兵对2炮1兵.obj
h:\surface\prog\newgg\i_ggx64\x64\性能向导\2炮3兵对1炮2兵.obj
h:\surface\prog\newgg\i_ggx64\x64\性能向导\1炮2马2兵对1炮1马2兵.obj
h:\surface\prog\newgg\i_ggx64\x64\性能向导\1车2炮2兵对2车2兵.obj
h:\surface\prog\newgg\i_ggx64\x64\性能向导\1炮2马2兵对1炮1马3兵.obj
h:\surface\prog\newgg\i_ggx64\x64\性能向导\1车5兵对1兵.obj
h:\surface\prog\newgg\i_ggx64\x64\性能向导\1车1马4兵对2车.obj
h:\surface\prog\newgg\i_ggx64\x64\性能向导\2车1炮3兵对2车.obj
h:\surface\prog\newgg\i_ggx64\x64\性能向导\1车1炮4兵对1炮1马1兵.obj
h:\surface\prog\newgg\i_ggx64\x64\性能向导\1车2马3兵对1车1炮1马.obj
h:\surface\prog\newgg\i_ggx64\x64\性能向导\2车4兵对1车2兵.obj
h:\surface\prog\newgg\i_ggx64\x64\性能向导\1车1马4兵对2炮2马.obj
h:\surface\prog\newgg\i_ggx64\x64\性能向导\1车2炮1马2兵对1车2马2兵.obj
h:\surface\prog\newgg\i_ggx64\x64\性能向导\2马5兵对1炮.obj
h:\surface\prog\newgg\i_ggx64\x64\性能向导\2马5兵对1车1兵.obj
h:\surface\prog\newgg\i_ggx64\x64\性能向导\1车1炮5兵对2车1兵.obj
h:\surface\prog\newgg\i_ggx64\x64\性能向导\2车1炮4兵对2车1炮.obj
h:\surface\prog\newgg\i_ggx64\x64\性能向导\1车1马5兵对1车1炮1马1兵.obj
h:\surface\prog\newgg\i_ggx64\x64\性能向导\2炮2马3兵对1车1马3兵.obj
h:\surface\prog\newgg\i_ggx64\x64\性能向导\1车2炮5兵对1车2炮.obj
h:\surface\prog\newgg\i_ggx64\x64\性能向导\initfunction5.obj
h:\surface\prog\newgg\i_ggx64\x64\性能向导\benchmark.obj
h:\surface\prog\newgg\i_ggx64\x64\性能向导\2炮2马2兵对1车2炮1兵.obj
h:\surface\prog\newgg\i_ggx64\x64\性能向导\2炮1马4兵对1车1马3兵.obj
h:\surface\prog\newgg\i_ggx64\x64\性能向导\1炮1兵对1马.obj
h:\surface\prog\newgg\i_ggx64\x64\性能向导\1炮1马对1炮1兵.obj
h:\surface\prog\newgg\i_ggx64\x64\性能向导\2车对1车1马.obj
h:\surface\prog\newgg\i_ggx64\x64\性能向导\2马1兵对1炮.obj
h:\surface\prog\newgg\i_ggx64\x64\性能向导\1车1马1兵对2车.obj
h:\surface\prog\newgg\i_ggx64\x64\性能向导\2炮1兵对1马1兵.obj
h:\surface\prog\newgg\i_ggx64\x64\性能向导\1车1炮1兵对1炮2兵.obj
h:\surface\prog\newgg\i_ggx64\x64\性能向导\1车2炮对1车1炮1马.obj
h:\surface\prog\newgg\i_ggx64\x64\性能向导\1炮2马1兵对1车.obj
h:\surface\prog\newgg\i_ggx64\x64\性能向导\1炮2马1兵对1车1炮.obj
h:\surface\prog\newgg\i_ggx64\x64\性能向导\1马3兵对1马1兵.obj
h:\surface\prog\newgg\i_ggx64\x64\性能向导\1炮2马1兵对1炮2马.obj
h:\surface\prog\newgg\i_ggx64\x64\性能向导\1车1马2兵对1炮2马1兵.obj
h:\surface\prog\newgg\i_ggx64\x64\性能向导\1车3兵对3兵.obj
h:\surface\prog\newgg\i_ggx64\x64\性能向导\2马2兵对1炮1马1兵.obj
h:\surface\prog\newgg\i_ggx64\x64\性能向导\1马3兵对1马3兵.obj
h:\surface\prog\newgg\i_ggx64\x64\性能向导\1马4兵对1兵.obj
h:\surface\prog\newgg\i_ggx64\x64\性能向导\1车2炮2兵对1车1马.obj
h:\surface\prog\newgg\i_ggx64\x64\性能向导\2车1马2兵对2车.obj
h:\surface\prog\newgg\i_ggx64\x64\性能向导\1车1炮1马2兵对1车1马1兵.obj
h:\surface\prog\newgg\i_ggx64\x64\性能向导\1车2炮2兵对2车1兵.obj
h:\surface\prog\newgg\i_ggx64\x64\性能向导\2炮3兵对2炮1马.obj
h:\surface\prog\newgg\i_ggx64\x64\性能向导\1炮2马2兵对1车1炮2兵.obj
h:\surface\prog\newgg\i_ggx64\x64\性能向导\1车4兵对1炮2马1兵.obj
h:\surface\prog\newgg\i_ggx64\x64\性能向导\1车1炮3兵对2炮1马2兵.obj
h:\surface\prog\newgg\i_ggx64\x64\性能向导\1车5兵对1车.obj
h:\surface\prog\newgg\i_ggx64\x64\性能向导\1车1炮4兵对1车1炮.obj
h:\surface\prog\newgg\i_ggx64\x64\性能向导\1马5兵对2马.obj
h:\surface\prog\newgg\i_ggx64\x64\性能向导\1炮2马3兵对1车1炮1兵.obj
h:\surface\prog\newgg\i_ggx64\x64\性能向导\1车1马4兵对1马2兵.obj
h:\surface\prog\newgg\i_ggx64\x64\性能向导\2炮4兵对1车2兵.obj
h:\surface\prog\newgg\i_ggx64\x64\性能向导\1车1炮4兵对1车1炮1马1兵.obj
h:\surface\prog\newgg\i_ggx64\x64\性能向导\1车1炮1马3兵对2车3兵.obj
h:\surface\prog\newgg\i_ggx64\x64\性能向导\1炮1马5兵对1车.obj
h:\surface\prog\newgg\i_ggx64\x64\性能向导\2炮5兵对1炮1马.obj
h:\surface\prog\newgg\i_ggx64\x64\性能向导\1车1炮5兵对1炮2马.obj
h:\surface\prog\newgg\i_ggx64\x64\性能向导\2炮1马5兵对1炮2马.obj
h:\surface\prog\newgg\i_ggx64\x64\性能向导\1车1炮1马4兵对1车1炮1马1兵.obj
h:\surface\prog\newgg\i_ggx64\x64\性能向导\1车1马5兵对2炮1马2兵.obj
h:\surface\prog\newgg\i_ggx64\x64\性能向导\2炮1马5兵对1车1炮.obj
h:\surface\prog\newgg\i_ggx64\x64\性能向导\2炮2马5兵对1车2炮2兵.obj
h:\surface\prog\newgg\i_ggx64\x64\性能向导\eval_pawn_can.obj
h:\surface\prog\newgg\i_ggx64\x64\性能向导\ucioption.obj
h:\surface\prog\newgg\i_ggx64\x64\性能向导\2马4兵对1炮2马2兵.obj
h:\surface\prog\newgg\i_ggx64\x64\性能向导\1炮2马5兵对1车1马3兵.obj
h:\surface\prog\newgg\i_ggx64\x64\性能向导\1车1兵对1炮.obj
h:\surface\prog\newgg\i_ggx64\x64\性能向导\1车1兵对1炮1兵.obj
h:\surface\prog\newgg\i_ggx64\x64\性能向导\2马对1马1兵.obj
h:\surface\prog\newgg\i_ggx64\x64\性能向导\3兵对1炮.obj
h:\surface\prog\newgg\i_ggx64\x64\性能向导\1车1马1炮对1车1马.obj
h:\surface\prog\newgg\i_ggx64\x64\性能向导\2炮1兵对1车1炮.obj
h:\surface\prog\newgg\i_ggx64\x64\性能向导\1炮2马对2马1兵.obj
h:\surface\prog\newgg\i_ggx64\x64\性能向导\1车2兵对2马1兵.obj
h:\surface\prog\newgg\i_ggx64\x64\性能向导\1炮1马2兵对1马.obj
h:\surface\prog\newgg\i_ggx64\x64\性能向导\1炮1马2兵对1炮1兵.obj
h:\surface\prog\newgg\i_ggx64\x64\性能向导\1车3兵对2马.obj
h:\surface\prog\newgg\i_ggx64\x64\性能向导\1炮1马2兵对1炮2马.obj
h:\surface\prog\newgg\i_ggx64\x64\性能向导\1车1炮2兵对1马2兵.obj
h:\surface\prog\newgg\i_ggx64\x64\性能向导\1车2马1兵对2车1兵.obj
h:\surface\prog\newgg\i_ggx64\x64\性能向导\2车1马1兵对2车1马.obj
h:\surface\prog\newgg\i_ggx64\x64\性能向导\1车1炮2兵对2炮2马.obj
h:\surface\prog\newgg\i_ggx64\x64\性能向导\1炮4兵对1兵.obj
h:\surface\prog\newgg\i_ggx64\x64\性能向导\1炮4兵对1炮1马.obj
h:\surface\prog\newgg\i_ggx64\x64\性能向导\1马4兵对2炮.obj
h:\surface\prog\newgg\i_ggx64\x64\性能向导\1炮1马3兵对2炮1马.obj
h:\surface\prog\newgg\i_ggx64\x64\性能向导\1车1马3兵对1炮1马1兵.obj
h:\surface\prog\newgg\i_ggx64\x64\性能向导\1车4兵对3兵.obj
h:\surface\prog\newgg\i_ggx64\x64\性能向导\2马3兵对1炮1马1兵.obj
h:\surface\prog\newgg\i_ggx64\x64\性能向导\1车1炮3兵对2炮2马.obj
h:\surface\prog\newgg\i_ggx64\x64\性能向导\2车3兵对2车1马1兵.obj
h:\surface\prog\newgg\i_ggx64\x64\性能向导\1炮1马4兵对1兵.obj
h:\surface\prog\newgg\i_ggx64\x64\性能向导\1炮5兵对2炮.obj
h:\surface\prog\newgg\i_ggx64\x64\性能向导\1马5兵对1马1兵.obj
h:\surface\prog\newgg\i_ggx64\x64\性能向导\1炮5兵对1炮2兵.obj
h:\surface\prog\newgg\i_ggx64\x64\性能向导\1车1马4兵对1车2炮.obj
h:\surface\prog\newgg\i_ggx64\x64\性能向导\2炮4兵对1炮2兵.obj
h:\surface\prog\newgg\i_ggx64\x64\性能向导\1车1炮1马3兵对1车1炮2兵.obj
h:\surface\prog\newgg\i_ggx64\x64\性能向导\1炮1马4兵对2炮3兵.obj
h:\surface\prog\newgg\i_ggx64\x64\性能向导\1车1马4兵对2炮2马2兵.obj
h:\surface\prog\newgg\i_ggx64\x64\性能向导\1马1炮5兵对2炮.obj
h:\surface\prog\newgg\i_ggx64\x64\性能向导\1车1炮1马4兵对1车1炮1马.obj
h:\surface\prog\newgg\i_ggx64\x64\性能向导\1车2炮4兵对2车1兵.obj
h:\surface\prog\newgg\i_ggx64\x64\性能向导\2马5兵对1车2兵.obj
h:\surface\prog\newgg\i_ggx64\x64\性能向导\1车1炮2马3兵对2车1炮2兵.obj
h:\surface\prog\newgg\i_ggx64\x64\性能向导\2炮1马5兵对1车.obj
h:\surface\prog\newgg\i_ggx64\x64\性能向导\2炮1马5兵对1炮2马1兵.obj
h:\surface\prog\newgg\i_ggx64\x64\性能向导\王的安全.obj
h:\surface\prog\newgg\i_ggx64\x64\性能向导\s_pos_repeat_draw.obj
h:\surface\prog\newgg\i_ggx64\x64\性能向导\1车1炮1马2兵对1车1炮2兵.obj
h:\surface\prog\newgg\i_ggx64\x64\性能向导\1炮2马4兵对1车1马3兵.obj
h:\surface\prog\newgg\i_ggx64\x64\性能向导\1炮1兵对1炮.obj
h:\surface\prog\newgg\i_ggx64\x64\性能向导\1炮1马对1马1兵.obj
h:\surface\prog\newgg\i_ggx64\x64\性能向导\2车对2车.obj
h:\surface\prog\newgg\i_ggx64\x64\性能向导\2马1兵对1车.obj
h:\surface\prog\newgg\i_ggx64\x64\性能向导\1车1马1兵对1车1兵.obj
h:\surface\prog\newgg\i_ggx64\x64\性能向导\2炮1兵对2马.obj
h:\surface\prog\newgg\i_ggx64\x64\性能向导\1车1炮1兵对1车1炮1兵.obj
h:\surface\prog\newgg\i_ggx64\x64\性能向导\1车2炮对1车1炮1兵.obj
h:\surface\prog\newgg\i_ggx64\x64\性能向导\1炮3兵对1马.obj
h:\surface\prog\newgg\i_ggx64\x64\性能向导\1炮3兵对2炮.obj
h:\surface\prog\newgg\i_ggx64\x64\性能向导\2炮1马1兵对1车1炮.obj
h:\surface\prog\newgg\i_ggx64\x64\性能向导\1炮2马1兵对1车1马1兵.obj
h:\surface\prog\newgg\i_ggx64\x64\性能向导\1车1炮2兵对3兵.obj
h:\surface\prog\newgg\i_ggx64\x64\性能向导\1车3兵对1马2兵.obj
h:\surface\prog\newgg\i_ggx64\x64\性能向导\2车2兵对2车1炮.obj
h:\surface\prog\newgg\i_ggx64\x64\性能向导\1车3兵对1车3兵.obj
h:\surface\prog\newgg\i_ggx64\x64\性能向导\1车4兵对1车.obj
h:\surface\prog\newgg\i_ggx64\x64\性能向导\1车1炮1马2兵对2车.obj
h:\surface\prog\newgg\i_ggx64\x64\性能向导\2炮1马2兵对1车1兵.obj
h:\surface\prog\newgg\i_ggx64\x64\性能向导\1炮2马2兵对1车2兵.obj
h:\surface\prog\newgg\i_ggx64\x64\性能向导\1车1马3兵对1车2兵.obj
h:\surface\prog\newgg\i_ggx64\x64\性能向导\2炮1马2兵对1车1马1兵.obj
h:\surface\prog\newgg\i_ggx64\x64\性能向导\2马3兵对2炮1兵.obj
h:\surface\prog\newgg\i_ggx64\x64\性能向导\1车1炮3兵对2炮1马1兵.obj
h:\surface\prog\newgg\i_ggx64\x64\性能向导\2车1炮2兵对2车1炮1兵.obj
h:\surface\prog\newgg\i_ggx64\x64\性能向导\2车3兵对1车2炮1马1兵.obj
h:\surface\prog\newgg\i_ggx64\x64\性能向导\1炮5兵对1炮1兵.obj
h:\surface\prog\newgg\i_ggx64\x64\性能向导\1马1炮4兵对1炮1马.obj
h:\surface\prog\newgg\i_ggx64\x64\性能向导\1炮1马4兵对2炮1兵.obj
h:\surface\prog\newgg\i_ggx64\x64\性能向导\1车1马4兵对1车1炮1兵.obj
h:\surface\prog\newgg\i_ggx64\x64\性能向导\2炮1马3兵对1车1马1兵.obj
h:\surface\prog\newgg\i_ggx64\x64\性能向导\1炮2马3兵对1炮2马1兵.obj
h:\surface\prog\newgg\i_ggx64\x64\性能向导\1炮1马4兵对1炮2马2兵.obj
h:\surface\prog\newgg\i_ggx64\x64\性能向导\1车2炮3兵对1车1炮1马3兵.obj
h:\surface\prog\newgg\i_ggx64\x64\性能向导\1马1炮5兵对1马1炮.obj
h:\surface\prog\newgg\i_ggx64\x64\性能向导\1炮2马5兵对1炮2马.obj
h:\surface\prog\newgg\i_ggx64\x64\性能向导\1车2炮4兵对1车1炮1马.obj
h:\surface\prog\newgg\i_ggx64\x64\性能向导\2马5兵对1炮1马1兵.obj
h:\surface\prog\newgg\i_ggx64\x64\性能向导\1炮2马4兵对2炮1马2兵.obj
h:\surface\prog\newgg\i_ggx64\x64\性能向导\1车2马4兵对1车2炮3兵.obj
h:\surface\prog\newgg\i_ggx64\x64\性能向导\1车1炮1马5兵对1车1炮2马.obj
h:\surface\prog\newgg\i_ggx64\x64\性能向导\um128_find_mul.obj
h:\surface\prog\newgg\i_ggx64\x64\性能向导\s_isprotect_true.obj
h:\surface\prog\newgg\i_ggx64\x64\性能向导\pos_test.obj
h:\surface\prog\newgg\i_ggx64\x64\性能向导\1车1炮1马2兵对1车1炮3兵.obj
h:\surface\prog\newgg\i_ggx64\x64\性能向导\1炮对1马.obj
h:\surface\prog\newgg\i_ggx64\x64\性能向导\1马1炮对1炮.obj
h:\surface\prog\newgg\i_ggx64\x64\性能向导\1车1炮对1车1兵.obj
h:\surface\prog\newgg\i_ggx64\x64\性能向导\1炮2兵对1炮.obj
h:\surface\prog\newgg\i_ggx64\x64\性能向导\1炮2兵对1炮1马.obj
h:\surface\prog\newgg\i_ggx64\x64\性能向导\1车2兵对2马.obj
h:\surface\prog\newgg\i_ggx64\x64\性能向导\2马1兵对1马1兵.obj
h:\surface\prog\newgg\i_ggx64\x64\性能向导\1车1炮1马对1车1炮1马.obj
h:\surface\prog\newgg\i_ggx64\x64\性能向导\2炮1兵对1马2兵.obj
h:\surface\prog\newgg\i_ggx64\x64\性能向导\1车3兵对1车.obj
h:\surface\prog\newgg\i_ggx64\x64\性能向导\1炮3兵对1炮1马.obj
h:\surface\prog\newgg\i_ggx64\x64\性能向导\1马3兵对1炮1马.obj
h:\surface\prog\newgg\i_ggx64\x64\性能向导\1炮1马2兵对1车2兵.obj
h:\surface\prog\newgg\i_ggx64\x64\性能向导\1车1炮2兵对2炮1兵.obj
h:\surface\prog\newgg\i_ggx64\x64\性能向导\1车3兵对1炮1马1兵.obj
h:\surface\prog\newgg\i_ggx64\x64\性能向导\2车1马1兵对2车1炮.obj
h:\surface\prog\newgg\i_ggx64\x64\性能向导\1车1炮2兵对2炮1马1兵.obj
h:\surface\prog\newgg\i_ggx64\x64\性能向导\1炮2马2兵对1车.obj
h:\surface\prog\newgg\i_ggx64\x64\性能向导\1炮4兵对1炮1兵.obj
h:\surface\prog\newgg\i_ggx64\x64\性能向导\1马4兵对2兵.obj
h:\surface\prog\newgg\i_ggx64\x64\性能向导\1炮1马3兵对2炮1兵.obj
h:\surface\prog\newgg\i_ggx64\x64\性能向导\1车1炮3兵对3兵.obj
h:\surface\prog\newgg\i_ggx64\x64\性能向导\1车4兵对2马1兵.obj
h:\surface\prog\newgg\i_ggx64\x64\性能向导\2马3兵对1炮2马.obj
h:\surface\prog\newgg\i_ggx64\x64\性能向导\1车1炮3兵对1车3兵.obj
h:\surface\prog\newgg\i_ggx64\x64\性能向导\2马3兵对1炮2马1兵.obj
h:\surface\prog\newgg\i_ggx64\x64\性能向导\1炮1马4兵对1炮.obj
h:\surface\prog\newgg\i_ggx64\x64\性能向导\1车1炮1马3兵对2车.obj
h:\surface\prog\newgg\i_ggx64\x64\性能向导\2炮1马3兵对1车1炮.obj
h:\surface\prog\newgg\i_ggx64\x64\性能向导\1炮2马3兵对1车1马1兵.obj
h:\surface\prog\newgg\i_ggx64\x64\性能向导\1车1马4兵对2炮1马.obj
h:\surface\prog\newgg\i_ggx64\x64\性能向导\2炮4兵对1炮2马.obj
h:\surface\prog\newgg\i_ggx64\x64\性能向导\1车1炮4兵对1车1炮2兵.obj
h:\surface\prog\newgg\i_ggx64\x64\性能向导\1车1炮4兵对1炮2马2兵.obj
h:\surface\prog\newgg\i_ggx64\x64\性能向导\1炮1马5兵对1马.obj
h:\surface\prog\newgg\i_ggx64\x64\性能向导\2炮5兵对1车1兵.obj
h:\surface\prog\newgg\i_ggx64\x64\性能向导\1车1炮5兵对1车1炮1兵.obj
h:\surface\prog\newgg\i_ggx64\x64\性能向导\2炮1马5兵对2炮1马.obj
h:\surface\prog\newgg\i_ggx64\x64\性能向导\1车1炮1马4兵对1车1炮2马.obj
h:\surface\prog\newgg\i_ggx64\x64\性能向导\1车1马5兵对2炮2马1兵.obj
h:\surface\prog\newgg\i_ggx64\x64\性能向导\2车1炮5兵对2车.obj
h:\surface\prog\newgg\i_ggx64\x64\性能向导\1车2炮1马5兵对1车1炮2马2兵.obj
h:\surface\prog\newgg\i_ggx64\x64\性能向导\弱子评估.obj
h:\surface\prog\newgg\i_ggx64\x64\性能向导\1炮2马3兵对1炮2马2兵.obj
h:\surface\prog\newgg\i_ggx64\x64\性能向导\2马3兵对2炮2兵.obj
h:\surface\prog\newgg\i_ggx64\x64\性能向导\base64.obj
h:\surface\prog\newgg\i_ggx64\x64\性能向导\1车对1马.obj
h:\surface\prog\newgg\i_ggx64\x64\性能向导\2炮对1炮.obj
h:\surface\prog\newgg\i_ggx64\x64\性能向导\1车1马对1车1马.obj
h:\surface\prog\newgg\i_ggx64\x64\性能向导\1炮2兵对1马.obj
h:\surface\prog\newgg\i_ggx64\x64\性能向导\1炮2马对1车1兵.obj
h:\surface\prog\newgg\i_ggx64\x64\性能向导\1车2马对1车1马.obj
h:\surface\prog\newgg\i_ggx64\x64\性能向导\3兵对2兵.obj
h:\surface\prog\newgg\i_ggx64\x64\性能向导\1车1马1兵对1马2兵.obj
h:\surface\prog\newgg\i_ggx64\x64\性能向导\2车1兵对1车2兵.obj
h:\surface\prog\newgg\i_ggx64\x64\性能向导\4兵对1兵.obj
h:\surface\prog\newgg\i_ggx64\x64\性能向导\1车2马1兵对1车1马.obj
h:\surface\prog\newgg\i_ggx64\x64\性能向导\2马2兵对1炮1兵.obj
h:\surface\prog\newgg\i_ggx64\x64\性能向导\1车1炮1马1兵对1车2马.obj
h:\surface\prog\newgg\i_ggx64\x64\性能向导\1车1马2兵对2车1兵.obj
h:\surface\prog\newgg\i_ggx64\x64\性能向导\2炮2兵对1炮1马1兵.obj
h:\surface\prog\newgg\i_ggx64\x64\性能向导\4兵对1炮2兵.obj
h:\surface\prog\newgg\i_ggx64\x64\性能向导\2车1马1兵对2车1马1兵.obj
h:\surface\prog\newgg\i_ggx64\x64\性能向导\2马3兵对1车.obj
h:\surface\prog\newgg\i_ggx64\x64\性能向导\1车4兵对1车1马.obj
h:\surface\prog\newgg\i_ggx64\x64\性能向导\2马3兵对2炮.obj
h:\surface\prog\newgg\i_ggx64\x64\性能向导\1车1炮1马2兵对1车2马.obj
h:\surface\prog\newgg\i_ggx64\x64\性能向导\1车2炮2兵对1车1炮1马.obj
h:\surface\prog\newgg\i_ggx64\x64\性能向导\2炮3兵对1炮2马.obj
h:\surface\prog\newgg\i_ggx64\x64\性能向导\1炮1马3兵对2炮2兵.obj
h:\surface\prog\newgg\i_ggx64\x64\性能向导\1车1马3兵对1车1炮2兵.obj
h:\surface\prog\newgg\i_ggx64\x64\性能向导\2车3兵对1车1炮1马1兵.obj
h:\surface\prog\newgg\i_ggx64\x64\性能向导\5兵对5兵.obj
h:\surface\prog\newgg\i_ggx64\x64\性能向导\1炮5兵对1炮1马.obj
h:\surface\prog\newgg\i_ggx64\x64\性能向导\1马5兵对2兵.obj
h:\surface\prog\newgg\i_ggx64\x64\性能向导\1炮1马4兵对2马1兵.obj
h:\surface\prog\newgg\i_ggx64\x64\性能向导\1车1马4兵对1车2兵.obj
h:\surface\prog\newgg\i_ggx64\x64\性能向导\2炮1马3兵对2炮1马.obj
h:\surface\prog\newgg\i_ggx64\x64\性能向导\1炮2马3兵对2炮1马1兵.obj
h:\surface\prog\newgg\i_ggx64\x64\性能向导\1炮2马3兵对1车1马3兵.obj
h:\surface\prog\newgg\i_ggx64\x64\性能向导\1车2炮1马2兵对1车1炮2马2兵.obj
h:\surface\prog\newgg\i_ggx64\x64\性能向导\1马1炮5兵对1炮1兵.obj
h:\surface\prog\newgg\i_ggx64\x64\性能向导\1炮2马4兵对2炮1马.obj
h:\surface\prog\newgg\i_ggx64\x64\性能向导\1车1马5兵对3兵.obj
h:\surface\prog\newgg\i_ggx64\x64\性能向导\2马5兵对1炮2兵.obj
h:\surface\prog\newgg\i_ggx64\x64\性能向导\1车1炮1马4兵对1车1炮1马2兵.obj
h:\surface\prog\newgg\i_ggx64\x64\性能向导\2炮1马4兵对2炮2马2兵.obj
h:\surface\prog\newgg\i_ggx64\x64\性能向导\1车1炮1马5兵对2车1炮1兵.obj
h:\surface\prog\newgg\i_ggx64\x64\性能向导\umul128_bitboard.obj
h:\surface\prog\newgg\i_ggx64\x64\性能向导\application.obj
h:\surface\prog\newgg\i_ggx64\x64\性能向导\2炮2兵对1炮3兵.obj
h:\surface\prog\newgg\i_ggx64\x64\性能向导\1车2炮4兵对1车2炮2兵.obj
h:\surface\prog\newgg\i_ggx64\x64\性能向导\1炮1马对1兵.obj
h:\surface\prog\newgg\i_ggx64\x64\性能向导\1炮1马对2马.obj
h:\surface\prog\newgg\i_ggx64\x64\性能向导\2马对2马.obj
h:\surface\prog\newgg\i_ggx64\x64\性能向导\2炮1兵对1马.obj
h:\surface\prog\newgg\i_ggx64\x64\性能向导\1车1马1兵对1车1炮.obj
h:\surface\prog\newgg\i_ggx64\x64\性能向导\2炮1兵对2炮.obj
h:\surface\prog\newgg\i_ggx64\x64\性能向导\1车1炮1兵对1车1马1兵.obj
h:\surface\prog\newgg\i_ggx64\x64\性能向导\1车2马对1车1炮1兵.obj
h:\surface\prog\newgg\i_ggx64\x64\性能向导\1车3兵对1兵.obj
h:\surface\prog\newgg\i_ggx64\x64\性能向导\1炮2马1兵对1车1马.obj
h:\surface\prog\newgg\i_ggx64\x64\性能向导\1马3兵对1车1兵.obj
h:\surface\prog\newgg\i_ggx64\x64\性能向导\1炮1马2兵对2炮1兵.obj
h:\surface\prog\newgg\i_ggx64\x64\性能向导\1车1炮2兵对2车1兵.obj
h:\surface\prog\newgg\i_ggx64\x64\性能向导\1车3兵对1炮2马.obj
h:\surface\prog\newgg\i_ggx64\x64\性能向导\2车2兵对1车1马1兵.obj
h:\surface\prog\newgg\i_ggx64\x64\性能向导\1车2炮1兵对1车1炮2兵.obj
h:\surface\prog\newgg\i_ggx64\x64\性能向导\1车4兵对1炮.obj
h:\surface\prog\newgg\i_ggx64\x64\性能向导\1车1炮1马2兵对1车1马.obj
h:\surface\prog\newgg\i_ggx64\x64\性能向导\2炮1马2兵对1车1炮.obj
h:\surface\prog\newgg\i_ggx64\x64\性能向导\1炮2马2兵对2炮1马.obj
h:\surface\prog\newgg\i_ggx64\x64\性能向导\1车1马3兵对1车2炮.obj
h:\surface\prog\newgg\i_ggx64\x64\性能向导\2炮1马2兵对1炮2马.obj
h:\surface\prog\newgg\i_ggx64\x64\性能向导\5兵对3兵.obj
h:\surface\prog\newgg\i_ggx64\x64\性能向导\1车2炮1马1兵对2车2兵.obj
h:\surface\prog\newgg\i_ggx64\x64\性能向导\1车1炮3兵对1炮2马2兵.obj
h:\surface\prog\newgg\i_ggx64\x64\性能向导\1马5兵对1兵.obj
h:\surface\prog\newgg\i_ggx64\x64\性能向导\1车1马4兵对1车1炮.obj
h:\surface\prog\newgg\i_ggx64\x64\性能向导\2炮1马3兵对1车1马.obj
h:\surface\prog\newgg\i_ggx64\x64\性能向导\1炮5兵对1马2兵.obj
h:\surface\prog\newgg\i_ggx64\x64\性能向导\1车2炮3兵对1车2炮.obj
h:\surface\prog\newgg\i_ggx64\x64\性能向导\2炮4兵对2马1兵.obj
h:\surface\prog\newgg\i_ggx64\x64\性能向导\1车1马4兵对1炮2马1兵.obj
h:\surface\prog\newgg\i_ggx64\x64\性能向导\1车1炮4兵对2炮2马1兵.obj
h:\surface\prog\newgg\i_ggx64\x64\性能向导\2炮5兵对1炮.obj
h:\surface\prog\newgg\i_ggx64\x64\性能向导\2车1炮4兵对2车.obj
h:\surface\prog\newgg\i_ggx64\x64\性能向导\1车1炮5兵对1车2炮.obj
h:\surface\prog\newgg\i_ggx64\x64\性能向导\2炮5兵对1马2兵.obj
h:\surface\prog\newgg\i_ggx64\x64\性能向导\1车1炮5兵对2炮2马.obj
h:\surface\prog\newgg\i_ggx64\x64\性能向导\2炮1马4兵对1炮2马2兵.obj
h:\surface\prog\newgg\i_ggx64\x64\性能向导\1车2炮5兵对1车1炮1马.obj
h:\surface\prog\newgg\i_ggx64\x64\性能向导\initfunction4.obj
h:\surface\prog\newgg\i_ggx64\x64\性能向导\evation.obj
h:\surface\prog\newgg\i_ggx64\x64\性能向导\2炮3兵对2马3兵.obj
h:\surface\prog\newgg\i_ggx64\x64\性能向导\1车对1炮.obj
h:\surface\prog\newgg\i_ggx64\x64\性能向导\1马1兵对1车.obj
h:\surface\prog\newgg\i_ggx64\x64\性能向导\1车1炮对1车1炮.obj
h:\surface\prog\newgg\i_ggx64\x64\性能向导\1炮1马1兵对1马.obj
h:\surface\prog\newgg\i_ggx64\x64\性能向导\1炮1马1兵对1马1兵.obj
h:\surface\prog\newgg\i_ggx64\x64\性能向导\1车2兵对2兵.obj
h:\surface\prog\newgg\i_ggx64\x64\性能向导\2车1兵对2车.obj
h:\surface\prog\newgg\i_ggx64\x64\性能向导\1车1炮1马对1车1炮1兵.obj
h:\surface\prog\newgg\i_ggx64\x64\性能向导\2炮1马对2炮1兵.obj
h:\surface\prog\newgg\i_ggx64\x64\性能向导\1马3兵对1车.obj
h:\surface\prog\newgg\i_ggx64\x64\性能向导\1车1炮2兵对2车.obj
h:\surface\prog\newgg\i_ggx64\x64\性能向导\2炮2兵对2炮.obj
h:\surface\prog\newgg\i_ggx64\x64\性能向导\1炮3兵对2马1兵.obj
h:\surface\prog\newgg\i_ggx64\x64\性能向导\1车1马2兵对1车2马.obj
h:\surface\prog\newgg\i_ggx64\x64\性能向导\2炮1马1兵对1炮2马.obj
h:\surface\prog\newgg\i_ggx64\x64\性能向导\2马2兵对1炮2马.obj
h:\surface\prog\newgg\i_ggx64\x64\性能向导\1车3兵对4兵.obj
h:\surface\prog\newgg\i_ggx64\x64\性能向导\1马4兵对1炮.obj
h:\surface\prog\newgg\i_ggx64\x64\性能向导\1车1马3兵对1车1炮.obj
h:\surface\prog\newgg\i_ggx64\x64\性能向导\2炮3兵对1炮1马.obj
h:\surface\prog\newgg\i_ggx64\x64\性能向导\1炮4兵对2马1兵.obj
h:\surface\prog\newgg\i_ggx64\x64\性能向导\1车1马3兵对2炮1马.obj
h:\surface\prog\newgg\i_ggx64\x64\性能向导\2炮1马2兵对2炮1马.obj
h:\surface\prog\newgg\i_ggx64\x64\性能向导\2马3兵对2马1兵.obj
h:\surface\prog\newgg\i_ggx64\x64\性能向导\1车1炮3兵对1车2炮1兵.obj
h:\surface\prog\newgg\i_ggx64\x64\性能向导\2炮3兵对2马2兵.obj
h:\surface\prog\newgg\i_ggx64\x64\性能向导\2车3兵对1车1炮2马1兵.obj
h:\surface\prog\newgg\i_ggx64\x64\性能向导\1炮2马3兵对1车1马.obj
h:\surface\prog\newgg\i_ggx64\x64\性能向导\1马5兵对1炮1兵.obj
h:\surface\prog\newgg\i_ggx64\x64\性能向导\1炮1马4兵对2炮1马.obj
h:\surface\prog\newgg\i_ggx64\x64\性能向导\1车1马4兵对1炮2马.obj
h:\surface\prog\newgg\i_ggx64\x64\性能向导\2炮4兵对1炮1马1兵.obj
h:\surface\prog\newgg\i_ggx64\x64\性能向导\1车1炮1马3兵对1车2炮1兵.obj
h:\surface\prog\newgg\i_ggx64\x64\性能向导\1炮5兵对5兵.obj
h:\surface\prog\newgg\i_ggx64\x64\性能向导\2炮2马2兵对2炮1马3兵.obj
h:\surface\prog\newgg\i_ggx64\x64\性能向导\2炮1马4兵对1车1兵.obj
h:\surface\prog\newgg\i_ggx64\x64\性能向导\1车1炮1马4兵对1车2马.obj
h:\surface\prog\newgg\i_ggx64\x64\性能向导\1车2马4兵对1车2马.obj
h:\surface\prog\newgg\i_ggx64\x64\性能向导\2马5兵对2炮1兵.obj
h:\surface\prog\newgg\i_ggx64\x64\性能向导\1车1炮5兵对1炮2马2兵.obj
h:\surface\prog\newgg\i_ggx64\x64\性能向导\1炮2马5兵对1车1炮.obj
h:\surface\prog\newgg\i_ggx64\x64\性能向导\2炮2马4兵对1车2炮1兵.obj
h:\surface\prog\newgg\i_ggx64\x64\性能向导\抽将与牵制.obj
h:\surface\prog\newgg\i_ggx64\x64\性能向导\pregen.obj
h:\surface\prog\newgg\i_ggx64\x64\性能向导\1炮1马3兵对1车3兵.obj
h:\surface\prog\newgg\i_ggx64\x64\性能向导\notation.obj
h:\surface\prog\newgg\i_ggx64\x64\性能向导\2炮对1马.obj
h:\surface\prog\newgg\i_ggx64\x64\性能向导\1马1兵对2兵.obj
h:\surface\prog\newgg\i_ggx64\x64\性能向导\1马2兵对1兵.obj
h:\surface\prog\newgg\i_ggx64\x64\性能向导\1炮2兵对2马.obj
h:\surface\prog\newgg\i_ggx64\x64\性能向导\1车2马对2车.obj
h:\surface\prog\newgg\i_ggx64\x64\性能向导\3兵对1马1兵.obj
h:\surface\prog\newgg\i_ggx64\x64\性能向导\1车1马1兵对1车1马1兵.obj
h:\surface\prog\newgg\i_ggx64\x64\性能向导\2车1兵对1车1炮1兵.obj
h:\surface\prog\newgg\i_ggx64\x64\性能向导\2炮2兵对1车.obj
h:\surface\prog\newgg\i_ggx64\x64\性能向导\1车2炮1兵对1车1马.obj
h:\surface\prog\newgg\i_ggx64\x64\性能向导\2车1炮1兵对2车.obj
h:\surface\prog\newgg\i_ggx64\x64\性能向导\1车1炮1马1兵对1车2炮.obj
h:\surface\prog\newgg\i_ggx64\x64\性能向导\1车1马2兵对2炮1兵.obj
h:\surface\prog\newgg\i_ggx64\x64\性能向导\2炮2兵对1炮2兵.obj
h:\surface\prog\newgg\i_ggx64\x64\性能向导\4兵对3兵.obj
h:\surface\prog\newgg\i_ggx64\x64\性能向导\2车2兵对1车1炮1马1兵.obj
h:\surface\prog\newgg\i_ggx64\x64\性能向导\2马3兵对1马.obj
h:\surface\prog\newgg\i_ggx64\x64\性能向导\1车4兵对1车1炮.obj
h:\surface\prog\newgg\i_ggx64\x64\性能向导\2马3兵对1马1兵.obj
h:\surface\prog\newgg\i_ggx64\x64\性能向导\1车1炮3兵对1车1炮1马.obj
h:\surface\prog\newgg\i_ggx64\x64\性能向导\1车2马2兵对1车2马.obj
h:\surface\prog\newgg\i_ggx64\x64\性能向导\2车1马2兵对2车1炮.obj
h:\surface\prog\newgg\i_ggx64\x64\性能向导\1车1炮1马2兵对1车1炮1马1兵.obj
h:\surface\prog\newgg\i_ggx64\x64\性能向导\1马4兵对1马3兵.obj
h:\surface\prog\newgg\i_ggx64\x64\性能向导\1车2炮1马1兵对1车2马2兵.obj
h:\surface\prog\newgg\i_ggx64\x64\性能向导\2炮4兵对1兵.obj
h:\surface\prog\newgg\i_ggx64\x64\性能向导\1车5兵对1车1马.obj
h:\surface\prog\newgg\i_ggx64\x64\性能向导\2马4兵对2炮.obj
h:\surface\prog\newgg\i_ggx64\x64\性能向导\1车1炮4兵对1车2炮.obj
h:\surface\prog\newgg\i_ggx64\x64\性能向导\1车5兵对1车1马1兵.obj
h:\surface\prog\newgg\i_ggx64\x64\性能向导\2车4兵对2车1马.obj
h:\surface\prog\newgg\i_ggx64\x64\性能向导\1车2马3兵对1车1马2兵.obj
h:\surface\prog\newgg\i_ggx64\x64\性能向导\2炮1马3兵对1车1马3兵.obj
h:\surface\prog\newgg\i_ggx64\x64\性能向导\1炮2马4兵对1车1马.obj
h:\surface\prog\newgg\i_ggx64\x64\性能向导\1炮1马5兵对1炮1马1兵.obj
h:\surface\prog\newgg\i_ggx64\x64\性能向导\1车1马5兵对1炮2兵.obj
h:\surface\prog\newgg\i_ggx64\x64\性能向导\2车5兵对1车1炮1兵.obj
h:\surface\prog\newgg\i_ggx64\x64\性能向导\1车2炮4兵对1车2炮.obj
h:\surface\prog\newgg\i_ggx64\x64\性能向导\2车5兵对1车2炮1马1兵.obj
h:\surface\prog\newgg\i_ggx64\x64\性能向导\1车2马5兵对1车2马.obj
h:\surface\prog\newgg\i_ggx64\x64\性能向导\eval_by_material_phase.obj
h:\surface\prog\newgg\i_ggx64\x64\性能向导\eval_mul_com.obj
h:\surface\prog\newgg\i_ggx64\x64\性能向导\1车2马3兵对1车2炮1马1兵.obj
h:\surface\prog\newgg\i_ggx64\x64\性能向导\1炮对1兵.obj
h:\surface\prog\newgg\i_ggx64\x64\性能向导\2兵对1车.obj
h:\surface\prog\newgg\i_ggx64\x64\性能向导\1马1兵对1马1兵.obj
h:\surface\prog\newgg\i_ggx64\x64\性能向导\1车1马1兵对1车.obj
h:\surface\prog\newgg\i_ggx64\x64\性能向导\1炮2兵对2兵.obj
h:\surface\prog\newgg\i_ggx64\x64\性能向导\1车2炮对1车1马.obj
h:\surface\prog\newgg\i_ggx64\x64\性能向导\3兵对1炮1兵.obj
h:\surface\prog\newgg\i_ggx64\x64\性能向导\1车1马1兵对2马1兵.obj
h:\surface\prog\newgg\i_ggx64\x64\性能向导\2车1兵对1车2马.obj
h:\surface\prog\newgg\i_ggx64\x64\性能向导\2马2兵对1车.obj
h:\surface\prog\newgg\i_ggx64\x64\性能向导\1车2炮1兵对2车.obj
h:\surface\prog\newgg\i_ggx64\x64\性能向导\2马2兵对1车1兵.obj
h:\surface\prog\newgg\i_ggx64\x64\性能向导\1车1炮1马1兵对2车1炮.obj
h:\surface\prog\newgg\i_ggx64\x64\性能向导\1车1马2兵对2马1兵.obj
h:\surface\prog\newgg\i_ggx64\x64\性能向导\2炮1马1兵对1车2兵.obj
h:\surface\prog\newgg\i_ggx64\x64\性能向导\1炮1马2兵对1炮1马2兵.obj
h:\surface\prog\newgg\i_ggx64\x64\性能向导\2车1马1兵对2车2兵.obj
h:\surface\prog\newgg\i_ggx64\x64\性能向导\5兵对1兵.obj
h:\surface\prog\newgg\i_ggx64\x64\性能向导\1车4兵对1马1兵.obj
h:\surface\prog\newgg\i_ggx64\x64\性能向导\2马3兵对1炮1马.obj
h:\surface\prog\newgg\i_ggx64\x64\性能向导\1车1炮3兵对1车1炮1兵.obj
h:\surface\prog\newgg\i_ggx64\x64\性能向导\1车2马2兵对2车1兵.obj
h:\surface\prog\newgg\i_ggx64\x64\性能向导\2车1炮2兵对2车1马.obj
h:\surface\prog\newgg\i_ggx64\x64\性能向导\1炮4兵对4兵.obj
h:\surface\prog\newgg\i_ggx64\x64\性能向导\1车4兵对2炮1马1兵.obj
h:\surface\prog\newgg\i_ggx64\x64\性能向导\1车1马3兵对2炮1马2兵.obj
h:\surface\prog\newgg\i_ggx64\x64\性能向导\1马5兵对1车.obj
h:\surface\prog\newgg\i_ggx64\x64\性能向导\1车5兵对1车1兵.obj
h:\surface\prog\newgg\i_ggx64\x64\性能向导\2车4兵对1车1马1兵.obj
h:\surface\prog\newgg\i_ggx64\x64\性能向导\1车1炮4兵对1车1马1兵.obj
h:\surface\prog\newgg\i_ggx64\x64\性能向导\1车5兵对1炮2兵.obj
h:\surface\prog\newgg\i_ggx64\x64\性能向导\2车4兵对1车2马.obj
h:\surface\prog\newgg\i_ggx64\x64\性能向导\1车2炮3兵对1车1炮2马.obj
h:\surface\prog\newgg\i_ggx64\x64\性能向导\1车2炮3兵对2车3兵.obj
h:\surface\prog\newgg\i_ggx64\x64\性能向导\1炮1马5兵对1车1兵.obj
h:\surface\prog\newgg\i_ggx64\x64\性能向导\2马5兵对2炮.obj
h:\surface\prog\newgg\i_ggx64\x64\性能向导\1车1炮5兵对3兵.obj
h:\surface\prog\newgg\i_ggx64\x64\性能向导\2车1马4兵对2车1炮.obj
h:\surface\prog\newgg\i_ggx64\x64\性能向导\1车1马5兵对2炮2马.obj
h:\surface\prog\newgg\i_ggx64\x64\性能向导\2车1炮4兵对2车1马2兵.obj
h:\surface\prog\newgg\i_ggx64\x64\性能向导\1车2炮5兵对2车1兵.obj
h:\surface\prog\newgg\i_ggx64\x64\性能向导\initfunction7.obj
h:\surface\prog\newgg\i_ggx64\x64\性能向导\pos_gen_cap_not_include_kingpawn.obj
h:\surface\prog\newgg\i_ggx64\x64\性能向导\piece.obj
h:\surface\prog\newgg\i_ggx64\x64\性能向导\1车2炮3兵对1车2炮1马.obj
h:\surface\prog\newgg\i_ggx64\x64\性能向导\mt_none.obj
h:\surface\prog\newgg\i_ggx64\x64\性能向导\1车1炮对1车.obj
h:\surface\prog\newgg\i_ggx64\x64\性能向导\1车1兵对1马1炮.obj
h:\surface\prog\newgg\i_ggx64\x64\性能向导\2马对1炮1兵.obj
h:\surface\prog\newgg\i_ggx64\x64\性能向导\3兵对1车.obj
h:\surface\prog\newgg\i_ggx64\x64\性能向导\1车2兵对1炮1兵.obj
h:\surface\prog\newgg\i_ggx64\x64\性能向导\2炮1马对1车1兵.obj
h:\surface\prog\newgg\i_ggx64\x64\性能向导\1车1炮1兵对1炮1马1兵.obj
h:\surface\prog\newgg\i_ggx64\x64\性能向导\2炮1兵对1炮1马1兵.obj
h:\surface\prog\newgg\i_ggx64\x64\性能向导\2炮2兵对1兵.obj
h:\surface\prog\newgg\i_ggx64\x64\性能向导\1车1炮2兵对1车1马.obj
h:\surface\prog\newgg\i_ggx64\x64\性能向导\2炮2兵对1车1兵.obj
h:\surface\prog\newgg\i_ggx64\x64\性能向导\1炮3兵对1马2兵.obj
h:\surface\prog\newgg\i_ggx64\x64\性能向导\1车1马2兵对1车1马1兵.obj
h:\surface\prog\newgg\i_ggx64\x64\性能向导\1马3兵对3兵.obj
h:\surface\prog\newgg\i_ggx64\x64\性能向导\2马2兵对2炮1兵.obj
h:\surface\prog\newgg\i_ggx64\x64\性能向导\2炮1马1兵对2炮1马1兵.obj
h:\surface\prog\newgg\i_ggx64\x64\性能向导\2炮1马2兵对1车.obj
h:\surface\prog\newgg\i_ggx64\x64\性能向导\1车1马3兵对1车1马.obj
h:\surface\prog\newgg\i_ggx64\x64\性能向导\2炮3兵对1马1兵.obj
h:\surface\prog\newgg\i_ggx64\x64\性能向导\1车1炮3兵对1炮1马1兵.obj
h:\surface\prog\newgg\i_ggx64\x64\性能向导\1车2马2兵对1车1炮1马.obj
h:\surface\prog\newgg\i_ggx64\x64\性能向导\2车1马2兵对2车1马.obj
h:\surface\prog\newgg\i_ggx64\x64\性能向导\1车1炮1马2兵对1车1炮2马.obj
h:\surface\prog\newgg\i_ggx64\x64\性能向导\1马4兵对4兵.obj
h:\surface\prog\newgg\i_ggx64\x64\性能向导\1车2炮2兵对1车1炮3兵.obj
h:\surface\prog\newgg\i_ggx64\x64\性能向导\2炮4兵对1车.obj
h:\surface\prog\newgg\i_ggx64\x64\性能向导\1车5兵对1马1炮.obj
h:\surface\prog\newgg\i_ggx64\x64\性能向导\2马4兵对2马.obj
h:\surface\prog\newgg\i_ggx64\x64\性能向导\1车1炮4兵对1马2兵.obj
h:\surface\prog\newgg\i_ggx64\x64\性能向导\1车5兵对1车2兵.obj
h:\surface\prog\newgg\i_ggx64\x64\性能向导\2马4兵对1炮1马1兵.obj
h:\surface\prog\newgg\i_ggx64\x64\性能向导\1马5兵对4兵.obj
h:\surface\prog\newgg\i_ggx64\x64\性能向导\2炮2马2兵对2炮2马1兵.obj
h:\surface\prog\newgg\i_ggx64\x64\性能向导\1车1炮5兵对1车1炮.obj
h:\surface\prog\newgg\i_ggx64\x64\性能向导\1炮1马5兵对1车2兵.obj
h:\surface\prog\newgg\i_ggx64\x64\性能向导\1车1马5兵对1车1炮1马.obj
h:\surface\prog\newgg\i_ggx64\x64\性能向导\2车5兵对1车2兵.obj
h:\surface\prog\newgg\i_ggx64\x64\性能向导\2炮1马4兵对1炮2马1兵.obj
h:\surface\prog\newgg\i_ggx64\x64\性能向导\1车1炮4兵对2炮2马2兵.obj
h:\surface\prog\newgg\i_ggx64\x64\性能向导\2车1马5兵对2车1炮.obj
h:\surface\prog\newgg\i_ggx64\x64\性能向导\open_book.obj
h:\surface\prog\newgg\i_ggx64\x64\性能向导\movepick.obj
h:\surface\prog\newgg\i_ggx64\x64\性能向导\1车2炮1兵对1车1马2兵.obj
h:\surface\prog\newgg\i_ggx64\x64\性能向导\1兵.obj
h:\surface\prog\newgg\i_ggx64\x64\性能向导\1马1炮对1马.obj
h:\surface\prog\newgg\i_ggx64\x64\性能向导\1车1炮对2炮.obj
h:\surface\prog\newgg\i_ggx64\x64\性能向导\1炮2马对1车.obj
h:\surface\prog\newgg\i_ggx64\x64\性能向导\1炮2兵对2炮.obj
h:\surface\prog\newgg\i_ggx64\x64\性能向导\1车2炮对2车.obj
h:\surface\prog\newgg\i_ggx64\x64\性能向导\3兵对1车1兵.obj
h:\surface\prog\newgg\i_ggx64\x64\性能向导\1车1马1兵对1车2兵.obj
h:\surface\prog\newgg\i_ggx64\x64\性能向导\2马1兵对1炮2兵.obj
h:\surface\prog\newgg\i_ggx64\x64\性能向导\4兵对1炮.obj
h:\surface\prog\newgg\i_ggx64\x64\性能向导\1车2马1兵对2车.obj
h:\surface\prog\newgg\i_ggx64\x64\性能向导\2马2兵对1马1兵.obj
h:\surface\prog\newgg\i_ggx64\x64\性能向导\1车1炮1马1兵对2车1兵.obj
h:\surface\prog\newgg\i_ggx64\x64\性能向导\1车1马2兵对2炮1马.obj
h:\surface\prog\newgg\i_ggx64\x64\性能向导\2炮1马1兵对1车1炮1兵.obj
h:\surface\prog\newgg\i_ggx64\x64\性能向导\2马2兵对2炮1马.obj
h:\surface\prog\newgg\i_ggx64\x64\性能向导\2炮2兵对2炮2兵.obj
h:\surface\prog\newgg\i_ggx64\x64\性能向导\2炮3兵对1兵.obj
h:\surface\prog\newgg\i_ggx64\x64\性能向导\1车1炮3兵对1车1马.obj
h:\surface\prog\newgg\i_ggx64\x64\性能向导\2炮3兵对2马.obj
h:\surface\prog\newgg\i_ggx64\x64\性能向导\1炮4兵对1炮2兵.obj
h:\surface\prog\newgg\i_ggx64\x64\性能向导\1车1马3兵对1马2兵.obj
h:\surface\prog\newgg\i_ggx64\x64\性能向导\2炮2马1兵对1车1炮1兵.obj
h:\surface\prog\newgg\i_ggx64\x64\性能向导\1炮1马3兵对1炮1马2兵.obj
h:\surface\prog\newgg\i_ggx64\x64\性能向导\1车2炮1马1兵对1车2炮1兵.obj
h:\surface\prog\newgg\i_ggx64\x64\性能向导\5兵对4兵.obj
h:\surface\prog\newgg\i_ggx64\x64\性能向导\1炮5兵对1兵.obj
h:\surface\prog\newgg\i_ggx64\x64\性能向导\1车1炮4兵对2车.obj
h:\surface\prog\newgg\i_ggx64\x64\性能向导\2炮4兵对1炮1马.obj
h:\surface\prog\newgg\i_ggx64\x64\性能向导\1车1炮4兵对1炮2兵.obj
h:\surface\prog\newgg\i_ggx64\x64\性能向导\1车2马3兵对2车1兵.obj
h:\surface\prog\newgg\i_ggx64\x64\性能向导\2车1马3兵对2车1马.obj
h:\surface\prog\newgg\i_ggx64\x64\性能向导\1车1马4兵对1车1炮1马1兵.obj
h:\surface\prog\newgg\i_ggx64\x64\性能向导\1车1马4兵对2炮1马2兵.obj
h:\surface\prog\newgg\i_ggx64\x64\性能向导\2马5兵对1兵.obj
h:\surface\prog\newgg\i_ggx64\x64\性能向导\2马5兵对1炮1兵.obj
h:\surface\prog\newgg\i_ggx64\x64\性能向导\1车1炮5兵对2炮1马.obj
h:\surface\prog\newgg\i_ggx64\x64\性能向导\2炮5兵对2炮1马.obj
h:\surface\prog\newgg\i_ggx64\x64\性能向导\1车1马5兵对1炮2马2兵.obj
h:\surface\prog\newgg\i_ggx64\x64\性能向导\2炮2马3兵对1车1炮3兵.obj
h:\surface\prog\newgg\i_ggx64\x64\性能向导\1车1炮1马5兵对2车1兵.obj
h:\surface\prog\newgg\i_ggx64\x64\性能向导\initfunction3.obj
h:\surface\prog\newgg\i_ggx64\x64\性能向导\s_end_my_pawn_info.obj
h:\surface\prog\newgg\i_ggx64\x64\性能向导\movegen.obj
h:\surface\prog\newgg\i_ggx64\x64\性能向导\2炮1马2兵对1车3兵.obj
h:\surface\prog\newgg\i_ggx64\x64\性能向导\1车.obj
h:\surface\prog\newgg\i_ggx64\x64\性能向导\2兵对1马.obj
h:\surface\prog\newgg\i_ggx64\x64\性能向导\1车1炮对1马1炮.obj
h:\surface\prog\newgg\i_ggx64\x64\性能向导\1车1炮1兵对1车.obj
h:\surface\prog\newgg\i_ggx64\x64\性能向导\1炮2兵对1炮1兵.obj
h:\surface\prog\newgg\i_ggx64\x64\性能向导\1马2兵对1炮1兵.obj
h:\surface\prog\newgg\i_ggx64\x64\性能向导\1炮1马1兵对1马1炮1兵.obj
h:\surface\prog\newgg\i_ggx64\x64\性能向导\1车1马1兵对2炮1马.obj
h:\surface\prog\newgg\i_ggx64\x64\性能向导\2车1兵对1车1马1兵.obj
h:\surface\prog\newgg\i_ggx64\x64\性能向导\2马2兵对1兵.obj
h:\surface\prog\newgg\i_ggx64\x64\性能向导\1车1马2兵对1车1炮.obj
h:\surface\prog\newgg\i_ggx64\x64\性能向导\2车2兵对2车.obj
h:\surface\prog\newgg\i_ggx64\x64\性能向导\1车1炮1马1兵对1车1马1兵.obj
h:\surface\prog\newgg\i_ggx64\x64\性能向导\1车1马2兵对1车3兵.obj
h:\surface\prog\newgg\i_ggx64\x64\性能向导\2炮1马1兵对1车1马1兵.obj
h:\surface\prog\newgg\i_ggx64\x64\性能向导\4兵对1马2兵.obj
h:\surface\prog\newgg\i_ggx64\x64\性能向导\2炮2兵对1炮1马2兵.obj
h:\surface\prog\newgg\i_ggx64\x64\性能向导\2炮3兵对1马.obj
h:\surface\prog\newgg\i_ggx64\x64\性能向导\1车4兵对1炮1兵.obj
h:\surface\prog\newgg\i_ggx64\x64\性能向导\2车1炮2兵对2车.obj
h:\surface\prog\newgg\i_ggx64\x64\性能向导\1车1炮3兵对1炮2马.obj
h:\surface\prog\newgg\i_ggx64\x64\性能向导\1车2炮2兵对1车2马.obj
h:\surface\prog\newgg\i_ggx64\x64\性能向导\2炮3兵对2炮1兵.obj
h:\surface\prog\newgg\i_ggx64\x64\性能向导\1炮2马2兵对1炮2马1兵.obj
h:\surface\prog\newgg\i_ggx64\x64\性能向导\1车2马2兵对1车1马2兵.obj
h:\surface\prog\newgg\i_ggx64\x64\性能向导\1车1炮3兵对1车4兵.obj
h:\surface\prog\newgg\i_ggx64\x64\性能向导\1马5兵对1炮.obj
h:\surface\prog\newgg\i_ggx64\x64\性能向导\1车2炮3兵对1车1马.obj
h:\surface\prog\newgg\i_ggx64\x64\性能向导\2车1马3兵对2车.obj
h:\surface\prog\newgg\i_ggx64\x64\性能向导\1车1炮1马3兵对2车1兵.obj
h:\surface\prog\newgg\i_ggx64\x64\性能向导\1车2炮3兵对2车1兵.obj
h:\surface\prog\newgg\i_ggx64\x64\性能向导\2车1炮3兵对2车1马.obj
h:\surface\prog\newgg\i_ggx64\x64\性能向导\1车1马4兵对1车1马2兵.obj
h:\surface\prog\newgg\i_ggx64\x64\性能向导\1车1马4兵对2炮2马1兵.obj
h:\surface\prog\newgg\i_ggx64\x64\性能向导\2炮5兵对1马.obj
h:\surface\prog\newgg\i_ggx64\x64\性能向导\2车5兵对2车.obj
h:\surface\prog\newgg\i_ggx64\x64\性能向导\1车1炮5兵对2炮1兵.obj
h:\surface\prog\newgg\i_ggx64\x64\性能向导\2炮5兵对2炮1兵.obj
h:\surface\prog\newgg\i_ggx64\x64\性能向导\1车1马5兵对1炮2马1兵.obj
h:\surface\prog\newgg\i_ggx64\x64\性能向导\2炮1马4兵对2炮1马2兵.obj
h:\surface\prog\newgg\i_ggx64\x64\性能向导\1车1炮1马5兵对1车2马.obj
h:\surface\prog\newgg\i_ggx64\x64\性能向导\initfunction2.obj
h:\surface\prog\newgg\i_ggx64\x64\性能向导\scale_by_game_phase.obj
h:\surface\prog\newgg\i_ggx64\x64\性能向导\2炮1马3兵对2炮1马2兵.obj
h:\surface\prog\newgg\i_ggx64\x64\性能向导\1炮1马1兵对1车1马.obj
h:\surface\prog\newgg\i_ggx64\x64\性能向导\2车4兵对1车2炮1马2兵.obj
h:\surface\prog\newgg\i_ggx64\x64\性能向导\1炮1马对无.obj
h:\surface\prog\newgg\i_ggx64\x64\性能向导\2马对1车.obj
h:\surface\prog\newgg\i_ggx64\x64\性能向导\2炮对2兵.obj
h:\surface\prog\newgg\i_ggx64\x64\性能向导\1马2兵对1马.obj
h:\surface\prog\newgg\i_ggx64\x64\性能向导\1车1炮1兵对1车1马.obj
h:\surface\prog\newgg\i_ggx64\x64\性能向导\1马2兵对2马.obj
h:\surface\prog\newgg\i_ggx64\x64\性能向导\1炮2兵对1炮2兵.obj
h:\surface\prog\newgg\i_ggx64\x64\性能向导\1车2兵对1炮2兵.obj
h:\surface\prog\newgg\i_ggx64\x64\性能向导\2马1对2马1兵.obj
h:\surface\prog\newgg\i_ggx64\x64\性能向导\4兵对1马.obj
h:\surface\prog\newgg\i_ggx64\x64\性能向导\1车3兵对1车1马.obj
h:\surface\prog\newgg\i_ggx64\x64\性能向导\4兵对1炮1兵.obj
h:\surface\prog\newgg\i_ggx64\x64\性能向导\1车1炮2兵对1炮2兵.obj
h:\surface\prog\newgg\i_ggx64\x64\性能向导\1车2炮1兵对1车2马.obj
h:\surface\prog\newgg\i_ggx64\x64\性能向导\2炮2兵对1马2兵.obj
h:\surface\prog\newgg\i_ggx64\x64\性能向导\1炮2马1兵对1炮2马1兵.obj
h:\surface\prog\newgg\i_ggx64\x64\性能向导\2马2兵对2马2兵.obj
h:\surface\prog\newgg\i_ggx64\x64\性能向导\5兵对1马.obj
h:\surface\prog\newgg\i_ggx64\x64\性能向导\1车4兵对2炮.obj
h:\surface\prog\newgg\i_ggx64\x64\性能向导\5兵对1车1兵.obj
h:\surface\prog\newgg\i_ggx64\x64\性能向导\1车1炮3兵对1车2炮.obj
h:\surface\prog\newgg\i_ggx64\x64\性能向导\1车4兵对1炮2马.obj
h:\surface\prog\newgg\i_ggx64\x64\性能向导\2车3兵对1车1马1兵.obj
h:\surface\prog\newgg\i_ggx64\x64\性能向导\1车1炮1马2兵对1车2炮1马.obj
h:\surface\prog\newgg\i_ggx64\x64\性能向导\2炮1马2兵对1车1马2兵.obj
h:\surface\prog\newgg\i_ggx64\x64\性能向导\2炮1马2兵对1炮1马3兵.obj
h:\surface\prog\newgg\i_ggx64\x64\性能向导\2马4兵对1兵.obj
h:\surface\prog\newgg\i_ggx64\x64\性能向导\1车5兵对2马.obj
h:\surface\prog\newgg\i_ggx64\x64\性能向导\1炮1马4兵对1炮2兵.obj
h:\surface\prog\newgg\i_ggx64\x64\性能向导\1车1炮4兵对2炮1马.obj
h:\surface\prog\newgg\i_ggx64\x64\性能向导\1车5兵对2马1兵.obj
h:\surface\prog\newgg\i_ggx64\x64\性能向导\2马4兵对1马2兵.obj
h:\surface\prog\newgg\i_ggx64\x64\性能向导\2车1炮3兵对2车2炮.obj
h:\surface\prog\newgg\i_ggx64\x64\性能向导\2车1马3兵对2车1马2兵.obj
h:\surface\prog\newgg\i_ggx64\x64\性能向导\1车1马5兵对1车1炮.obj
h:\surface\prog\newgg\i_ggx64\x64\性能向导\1炮1马5兵对2炮1马.obj
h:\surface\prog\newgg\i_ggx64\x64\性能向导\1车1马5兵对1马2兵.obj
h:\surface\prog\newgg\i_ggx64\x64\性能向导\2车5兵对2车1兵.obj
h:\surface\prog\newgg\i_ggx64\x64\性能向导\2车5兵对1车1炮1马1兵.obj
h:\surface\prog\newgg\i_ggx64\x64\性能向导\1车2炮1马3兵对1车1炮1马3兵.obj
h:\surface\prog\newgg\i_ggx64\x64\性能向导\1炮2马5兵对1炮2马1兵.obj
h:\surface\prog\newgg\i_ggx64\x64\性能向导\thread.obj
h:\surface\prog\newgg\i_ggx64\x64\性能向导\tt.obj
h:\surface\prog\newgg\i_ggx64\x64\性能向导\1车2炮2兵对1车1炮2马.obj
h:\surface\prog\newgg\i_ggx64\x64\性能向导\1车对1车.obj
h:\surface\prog\newgg\i_ggx64\x64\性能向导\1车1马对1车.obj
h:\surface\prog\newgg\i_ggx64\x64\性能向导\1车1兵对2马.obj
h:\surface\prog\newgg\i_ggx64\x64\性能向导\1炮2兵对无.obj
h:\surface\prog\newgg\i_ggx64\x64\性能向导\2马1兵对1马.obj
h:\surface\prog\newgg\i_ggx64\x64\性能向导\1车1马1兵对1车1马.obj
h:\surface\prog\newgg\i_ggx64\x64\性能向导\2车1兵对1车1炮.obj
h:\surface\prog\newgg\i_ggx64\x64\性能向导\1车1炮1兵对1车2兵.obj
h:\surface\prog\newgg\i_ggx64\x64\性能向导\2炮1兵对1炮2兵.obj
h:\surface\prog\newgg\i_ggx64\x64\性能向导\1马3兵对1炮.obj
h:\surface\prog\newgg\i_ggx64\x64\性能向导\1炮3兵对2马.obj
h:\surface\prog\newgg\i_ggx64\x64\性能向导\2炮1马1兵对1车1马.obj
h:\surface\prog\newgg\i_ggx64\x64\性能向导\1炮2马1兵对1车2兵.obj
h:\surface\prog\newgg\i_ggx64\x64\性能向导\1车1马2兵对1车1炮1兵.obj
h:\surface\prog\newgg\i_ggx64\x64\性能向导\1车3兵对2马1兵.obj
h:\surface\prog\newgg\i_ggx64\x64\性能向导\2车2兵对2车1兵.obj
h:\surface\prog\newgg\i_ggx64\x64\性能向导\1车3兵对1炮2马1兵.obj
h:\surface\prog\newgg\i_ggx64\x64\性能向导\1马4兵对1马.obj
h:\surface\prog\newgg\i_ggx64\x64\性能向导\1车1炮3兵对1车1炮.obj
h:\surface\prog\newgg\i_ggx64\x64\性能向导\2炮3兵对2炮.obj
h:\surface\prog\newgg\i_ggx64\x64\性能向导\1车1炮1马2兵对1车1炮1马.obj
h:\surface\prog\newgg\i_ggx64\x64\性能向导\1车1马3兵对3兵.obj
h:\surface\prog\newgg\i_ggx64\x64\性能向导\2炮3兵对1马2兵.obj
h:\surface\prog\newgg\i_ggx64\x64\性能向导\1炮2马2兵对1炮2马2兵.obj
h:\surface\prog\newgg\i_ggx64\x64\性能向导\1车2炮2兵对1车2炮1兵.obj
h:\surface\prog\newgg\i_ggx64\x64\性能向导\1炮1马3兵对2马3兵.obj
h:\surface\prog\newgg\i_ggx64\x64\性能向导\1炮5兵对1马.obj
h:\surface\prog\newgg\i_ggx64\x64\性能向导\1炮5兵对1车1兵.obj
h:\surface\prog\newgg\i_ggx64\x64\性能向导\2炮4兵对2炮.obj
h:\surface\prog\newgg\i_ggx64\x64\性能向导\1炮5兵对3兵.obj
h:\surface\prog\newgg\i_ggx64\x64\性能向导\1车2炮3兵对1车1炮1马.obj
h:\surface\prog\newgg\i_ggx64\x64\性能向导\2炮4兵对2炮1马.obj
h:\surface\prog\newgg\i_ggx64\x64\性能向导\1车1炮4兵对2炮2马.obj
h:\surface\prog\newgg\i_ggx64\x64\性能向导\1车1炮4兵对1车2炮2兵.obj
h:\surface\prog\newgg\i_ggx64\x64\性能向导\2炮5兵对1兵.obj
h:\surface\prog\newgg\i_ggx64\x64\性能向导\2炮5兵对2马.obj
h:\surface\prog\newgg\i_ggx64\x64\性能向导\1车1炮5兵对1车1马1兵.obj
h:\surface\prog\newgg\i_ggx64\x64\性能向导\2炮5兵对1炮2兵.obj
h:\surface\prog\newgg\i_ggx64\x64\性能向导\1车1炮5兵对1炮2马1兵.obj
h:\surface\prog\newgg\i_ggx64\x64\性能向导\1车2炮1马3兵对2车1马2兵.obj
h:\surface\prog\newgg\i_ggx64\x64\性能向导\1车1炮1马5兵对1车1炮1马.obj
h:\surface\prog\newgg\i_ggx64\x64\性能向导\initfunction.obj
h:\surface\prog\newgg\i_ggx64\x64\性能向导\evation_init.obj
h:\surface\prog\newgg\i_ggx64\x64\性能向导\2炮1马3兵对1炮2马2兵.obj
h:\surface\prog\newgg\i_ggx64\x64\性能向导\2炮1马对2车.obj
h:\surface\prog\newgg\i_ggx64\x64\性能向导\2炮2马3兵对1车2炮1兵.obj
h:\surface\prog\newgg\i_ggx64\x64\性能向导\2兵对1兵.obj
h:\surface\prog\newgg\i_ggx64\x64\性能向导\2炮对1炮1兵.obj
h:\surface\prog\newgg\i_ggx64\x64\性能向导\1车2兵对1马.obj
h:\surface\prog\newgg\i_ggx64\x64\性能向导\1炮1马1兵对2马.obj
h:\surface\prog\newgg\i_ggx64\x64\性能向导\1车2兵对2车.obj
h:\surface\prog\newgg\i_ggx64\x64\性能向导\2马1兵对1马1炮.obj
h:\surface\prog\newgg\i_ggx64\x64\性能向导\1车1马1兵对1炮1马1兵.obj
h:\surface\prog\newgg\i_ggx64\x64\性能向导\2炮1兵对2马1兵.obj
h:\surface\prog\newgg\i_ggx64\x64\性能向导\2炮1马1兵对1车.obj
h:\surface\prog\newgg\i_ggx64\x64\性能向导\1车1炮1马1兵对1车1马.obj
h:\surface\prog\newgg\i_ggx64\x64\性能向导\2炮2兵对1炮1兵.obj
h:\surface\prog\newgg\i_ggx64\x64\性能向导\1炮2马1兵对2炮1马.obj
h:\surface\prog\newgg\i_ggx64\x64\性能向导\1车1马2兵对1炮1马1兵.obj
h:\surface\prog\newgg\i_ggx64\x64\性能向导\1车3兵对1车1马1兵.obj
h:\surface\prog\newgg\i_ggx64\x64\性能向导\2车2兵对1车1炮1马.obj
h:\surface\prog\newgg\i_ggx64\x64\性能向导\1车1马2兵对2炮2马.obj
h:\surface\prog\newgg\i_ggx64\x64\性能向导\1炮4兵对1炮.obj
h:\surface\prog\newgg\i_ggx64\x64\性能向导\1炮4兵对1车1兵.obj
h:\surface\prog\newgg\i_ggx64\x64\性能向导\1马4兵对2马.obj
h:\surface\prog\newgg\i_ggx64\x64\性能向导\1炮1马3兵对2马1兵.obj
h:\surface\prog\newgg\i_ggx64\x64\性能向导\1车1马3兵对1车1炮1兵.obj
h:\surface\prog\newgg\i_ggx64\x64\性能向导\1炮1马3兵对1马2兵.obj
h:\surface\prog\newgg\i_ggx64\x64\性能向导\2马3兵对1车2兵.obj
h:\surface\prog\newgg\i_ggx64\x64\性能向导\1车1炮3兵对2车2兵.obj
h:\surface\prog\newgg\i_ggx64\x64\性能向导\2马3兵对2炮1马1兵.obj
h:\surface\prog\newgg\i_ggx64\x64\性能向导\1炮1马4兵对1车.obj
h:\surface\prog\newgg\i_ggx64\x64\性能向导\1车1炮1马3兵对1车1马.obj
h:\surface\prog\newgg\i_ggx64\x64\性能向导\2炮4兵对2马.obj
h:\surface\prog\newgg\i_ggx64\x64\性能向导\1炮2马3兵对2炮1马.obj
h:\surface\prog\newgg\i_ggx64\x64\性能向导\1车1马4兵对3兵.obj
h:\surface\prog\newgg\i_ggx64\x64\性能向导\2炮4兵对2炮1兵.obj
h:\surface\prog\newgg\i_ggx64\x64\性能向导\1车1炮4兵对2炮1马1兵.obj
h:\surface\prog\newgg\i_ggx64\x64\性能向导\1车1炮4兵对2炮1马2兵.obj
h:\surface\prog\newgg\i_ggx64\x64\性能向导\2炮1马4兵对1车.obj
h:\surface\prog\newgg\i_ggx64\x64\性能向导\2炮5兵对2炮.obj
h:\surface\prog\newgg\i_ggx64\x64\性能向导\1车1炮5兵对1车2兵.obj
h:\surface\prog\newgg\i_ggx64\x64\性能向导\2炮5兵对1炮2马.obj
h:\surface\prog\newgg\i_ggx64\x64\性能向导\1车1炮5兵对1车1炮1马1兵.obj
h:\surface\prog\newgg\i_ggx64\x64\性能向导\1车2马4兵对1车2炮2兵.obj
h:\surface\prog\newgg\i_ggx64\x64\性能向导\1车1炮1马5兵对1车2炮.obj
h:\surface\prog\newgg\i_ggx64\x64\性能向导\initfunction1.obj
h:\surface\prog\newgg\i_ggx64\x64\性能向导\find_mul.obj
h:\surface\prog\newgg\i_ggx64\x64\性能向导\move.obj
h:\surface\prog\newgg\i_ggx64\x64\性能向导\2车1马对2车1兵.obj
h:\surface\prog\newgg\i_ggx64\x64\性能向导\1马.obj
h:\surface\prog\newgg\i_ggx64\x64\性能向导\2兵对1炮.obj
h:\surface\prog\newgg\i_ggx64\x64\性能向导\1车1马对2炮.obj
h:\surface\prog\newgg\i_ggx64\x64\性能向导\1车2兵对1车.obj
h:\surface\prog\newgg\i_ggx64\x64\性能向导\1炮2马对1车1炮.obj
h:\surface\prog\newgg\i_ggx64\x64\性能向导\1马2兵对1马1兵.obj
h:\surface\prog\newgg\i_ggx64\x64\性能向导\1炮1马1兵对1马2兵.obj
h:\surface\prog\newgg\i_ggx64\x64\性能向导\1车1马1兵对3兵.obj
h:\surface\prog\newgg\i_ggx64\x64\性能向导\2车1兵对1车2炮.obj
h:\surface\prog\newgg\i_ggx64\x64\性能向导\2马2兵对1马.obj
h:\surface\prog\newgg\i_ggx64\x64\性能向导\1车3兵对1炮1兵.obj
h:\surface\prog\newgg\i_ggx64\x64\性能向导\2马2兵对1马1炮.obj
h:\surface\prog\newgg\i_ggx64\x64\性能向导\1车1炮1马1兵对2车1马.obj
h:\surface\prog\newgg\i_ggx64\x64\性能向导\1车1马2兵对3兵.obj
h:\surface\prog\newgg\i_ggx64\x64\性能向导\2炮2兵对1炮2马.obj
h:\surface\prog\newgg\i_ggx64\x64\性能向导\1炮1马2兵对2马2兵.obj
h:\surface\prog\newgg\i_ggx64\x64\性能向导\2车2兵对1车1马2兵.obj
h:\surface\prog\newgg\i_ggx64\x64\性能向导\5兵对1炮.obj
h:\surface\prog\newgg\i_ggx64\x64\性能向导\1车4兵对1马1炮.obj
h:\surface\prog\newgg\i_ggx64\x64\性能向导\2马3兵对1车1兵.obj
h:\surface\prog\newgg\i_ggx64\x64\性能向导\1车1炮3兵对1炮2兵.obj
h:\surface\prog\newgg\i_ggx64\x64\性能向导\1车2马2兵对1车2炮.obj
h:\surface\prog\newgg\i_ggx64\x64\性能向导\2炮3兵对2马1兵.obj
h:\surface\prog\newgg\i_ggx64\x64\性能向导\1炮2马2兵对1车1马2兵.obj
h:\surface\prog\newgg\i_ggx64\x64\性能向导\1车4兵对1车1炮2兵.obj
h:\surface\prog\newgg\i_ggx64\x64\性能向导\1车1马3兵对1炮2马2兵.obj
h:\surface\prog\newgg\i_ggx64\x64\性能向导\1马5兵对1马.obj
h:\surface\prog\newgg\i_ggx64\x64\性能向导\1车5兵对1炮1兵.obj
h:\surface\prog\newgg\i_ggx64\x64\性能向导\2炮4兵对1马1兵.obj
h:\surface\prog\newgg\i_ggx64\x64\性能向导\1车1炮4兵对1车1炮1兵.obj
h:\surface\prog\newgg\i_ggx64\x64\性能向导\1车2马3兵对1车2马.obj
h:\surface\prog\newgg\i_ggx64\x64\性能向导\2车1马3兵对2车1炮.obj
h:\surface\prog\newgg\i_ggx64\x64\性能向导\1车1马4兵对2炮1马1兵.obj
h:\surface\prog\newgg\i_ggx64\x64\性能向导\1车1马4兵对1炮2马2兵.obj
h:\surface\prog\newgg\i_ggx64\x64\性能向导\2炮5兵对1车.obj
h:\surface\prog\newgg\i_ggx64\x64\性能向导\2车1马4兵对2车.obj
h:\surface\prog\newgg\i_ggx64\x64\性能向导\1车1炮5兵对1马2兵.obj
h:\surface\prog\newgg\i_ggx64\x64\性能向导\2炮5兵对1车2兵.obj
h:\surface\prog\newgg\i_ggx64\x64\性能向导\1车1炮5兵对2炮1马1兵.obj
h:\surface\prog\newgg\i_ggx64\x64\性能向导\1车2马4兵对1车1炮1马2兵.obj
h:\surface\prog\newgg\i_ggx64\x64\性能向导\2车1马5兵对2车.obj
h:\surface\prog\newgg\i_ggx64\x64\性能向导\bitboard_const.obj
h:\surface\prog\newgg\i_ggx64\x64\性能向导\第1次_棋子.obj
h:\surface\prog\newgg\i_ggx64\x64\性能向导\vmp.obj
h:\surface\prog\newgg\i_ggx64\x64\性能向导\1车2马2兵对1车1马3兵.obj
h:\surface\prog\newgg\i_ggx64\x64\性能向导\1炮对1炮.obj
h:\surface\prog\newgg\i_ggx64\x64\性能向导\1马1兵对1兵.obj
h:\surface\prog\newgg\i_ggx64\x64\性能向导\1车1兵对2炮.obj
h:\surface\prog\newgg\i_ggx64\x64\性能向导\1炮1马1兵对1炮.obj
h:\surface\prog\newgg\i_ggx64\x64\性能向导\1炮1马1兵对1炮1兵.obj
h:\surface\prog\newgg\i_ggx64\x64\性能向导\1车2兵对1马1兵.obj
h:\surface\prog\newgg\i_ggx64\x64\性能向导\2车1兵对1车1马.obj
h:\surface\prog\newgg\i_ggx64\x64\性能向导\1车1炮1兵对2炮1兵.obj
h:\surface\prog\newgg\i_ggx64\x64\性能向导\1马2兵对1马2兵.obj
h:\surface\prog\newgg\i_ggx64\x64\性能向导\1炮3兵对1兵.obj
h:\surface\prog\newgg\i_ggx64\x64\性能向导\1炮2马1兵对1车1兵.obj
h:\surface\prog\newgg\i_ggx64\x64\性能向导\1马3兵对1炮1兵.obj
h:\surface\prog\newgg\i_ggx64\x64\性能向导\1炮1马2兵对1马2兵.obj
h:\surface\prog\newgg\i_ggx64\x64\性能向导\1车1炮2兵对2炮1马.obj
h:\surface\prog\newgg\i_ggx64\x64\性能向导\1车3兵对1炮2兵.obj
h:\surface\prog\newgg\i_ggx64\x64\性能向导\2车2兵对1车1炮1兵.obj
h:\surface\prog\newgg\i_ggx64\x64\性能向导\1车1马2兵对2炮1马1兵.obj
h:\surface\prog\newgg\i_ggx64\x64\性能向导\1炮4兵对1车.obj
h:\surface\prog\newgg\i_ggx64\x64\性能向导\1炮4兵对1马1兵.obj
h:\surface\prog\newgg\i_ggx64\x64\性能向导\1马4兵对1炮1兵.obj
h:\surface\prog\newgg\i_ggx64\x64\性能向导\1炮2马2兵对1车1炮1兵.obj
h:\surface\prog\newgg\i_ggx64\x64\性能向导\1车1马3兵对1炮2兵.obj
h:\surface\prog\newgg\i_ggx64\x64\性能向导\1马4兵对1炮2兵.obj
h:\surface\prog\newgg\i_ggx64\x64\性能向导\2马3兵对1马2兵.obj
h:\surface\prog\newgg\i_ggx64\x64\性能向导\1车1马3兵对1炮2马1兵.obj
h:\surface\prog\newgg\i_ggx64\x64\性能向导\5兵对1炮3兵.obj
h:\surface\prog\newgg\i_ggx64\x64\性能向导\1炮1马4兵对1马.obj
h:\surface\prog\newgg\i_ggx64\x64\性能向导\1炮5兵对2马.obj
h:\surface\prog\newgg\i_ggx64\x64\性能向导\2炮4兵对1炮1兵.obj
h:\surface\prog\newgg\i_ggx64\x64\性能向导\1车1炮1马3兵对1车2马.obj
h:\surface\prog\newgg\i_ggx64\x64\性能向导\1车2马3兵对1车2炮.obj
h:\surface\prog\newgg\i_ggx64\x64\性能向导\2车4兵对1车1炮1马.obj
h:\surface\prog\newgg\i_ggx64\x64\性能向导\1车2炮1马2兵对2车1炮1兵.obj
h:\surface\prog\newgg\i_ggx64\x64\性能向导\1车2炮3兵对1车1炮1马2兵.obj
h:\surface\prog\newgg\i_ggx64\x64\性能向导\2马5兵对1车.obj
h:\surface\prog\newgg\i_ggx64\x64\性能向导\2马5兵对1炮1马.obj
h:\surface\prog\newgg\i_ggx64\x64\性能向导\1车1炮5兵对2车1炮.obj
h:\surface\prog\newgg\i_ggx64\x64\性能向导\2炮5兵对2马1兵.obj
h:\surface\prog\newgg\i_ggx64\x64\性能向导\1车1马5兵对2炮1马1兵.obj
h:\surface\prog\newgg\i_ggx64\x64\性能向导\2炮2马3兵对1车2马2兵.obj
h:\surface\prog\newgg\i_ggx64\x64\性能向导\1车2炮5兵对1车2马.obj
h:\surface\prog\newgg\i_ggx64\x64\性能向导\initfunction6.obj
h:\surface\prog\newgg\i_ggx64\x64\性能向导\bitboard.obj
h:\surface\prog\newgg\i_ggx64\x64\性能向导\pos_fen.obj
h:\surface\prog\newgg\i_ggx64\x64\性能向导\vc141.pdb
h:\surface\prog\newgg\x64\性能向导\newggdebug.exe
h:\surface\prog\newgg\x64\性能向导\newggdebug.pdb
h:\surface\prog\newgg\i_ggx64\x64\性能向导\ipp_ggx64.res
h:\surface\prog\newgg\i_ggx64\x64\性能向导\st2017_ggx64.tlog\cl.command.1.tlog
h:\surface\prog\newgg\i_ggx64\x64\性能向导\st2017_ggx64.tlog\cl.read.1.tlog
h:\surface\prog\newgg\i_ggx64\x64\性能向导\st2017_ggx64.tlog\cl.write.1.tlog
h:\surface\prog\newgg\i_ggx64\x64\性能向导\st2017_ggx64.tlog\link.command.1.tlog
h:\surface\prog\newgg\i_ggx64\x64\性能向导\st2017_ggx64.tlog\link.read.1.tlog
h:\surface\prog\newgg\i_ggx64\x64\性能向导\st2017_ggx64.tlog\link.write.1.tlog
h:\surface\prog\newgg\i_ggx64\x64\性能向导\st2017_ggx64.tlog\rc.command.1.tlog
h:\surface\prog\newgg\i_ggx64\x64\性能向导\st2017_ggx64.tlog\rc.read.1.tlog
h:\surface\prog\newgg\i_ggx64\x64\性能向导\st2017_ggx64.tlog\rc.write.1.tlog
